#
# There is insufficient memory for the Java Runtime Environment to continue.
# Native memory allocation (mmap) failed to map 84934656 bytes for G1 virtual space
# Possible reasons:
#   The system is out of physical RAM or swap space
#   The process is running with CompressedOops enabled, and the Java Heap may be blocking the growth of the native heap
# Possible solutions:
#   Reduce memory load on the system
#   Increase physical memory or swap space
#   Check if swap backing store is full
#   Decrease Java heap size (-Xmx/-Xms)
#   Decrease number of Java threads
#   Decrease Java thread stack sizes (-Xss)
#   Set larger code cache with -XX:ReservedCodeCacheSize=
#   JVM is running with Unscaled Compressed Oops mode in which the Java heap is
#     placed in the first 4GB address space. The Java Heap base address is the
#     maximum limit for the native heap growth. Please use -XX:HeapBaseMinAddress
#     to set the Java Heap base and to place the Java Heap above 4GB virtual address.
# This output file may be truncated or incomplete.
#
#  Out of Memory Error (os_windows.cpp:3469), pid=2544, tid=8708
#
# JRE version: OpenJDK Runtime Environment (17.0+35) (build 17+35-2724)
# Java VM: OpenJDK 64-Bit Server VM (17+35-2724, mixed mode, sharing, tiered, compressed oops, compressed class ptrs, g1 gc, windows-amd64)
# No core dump will be written. Minidumps are not enabled by default on client versions of Windows
#

---------------  S U M M A R Y ------------

Command Line: -Dmaven.multiModuleProjectDirectory=D:\work\guerrasOlvidadas -Djansi.passthrough=true -Dmaven.home=C:\Users\jhoan\.m2\wrapper\dists\apache-maven-3.9.9-bin\4nf9hui3q3djbarqar9g711ggc\apache-maven-3.9.9 -Dclassworlds.conf=C:\Users\jhoan\.m2\wrapper\dists\apache-maven-3.9.9-bin\4nf9hui3q3djbarqar9g711ggc\apache-maven-3.9.9\bin\m2.conf -Dmaven.ext.class.path=C:\Program Files\JetBrains\IntelliJ IDEA 2024.2.4\plugins\maven\lib\maven-event-listener.jar -javaagent:C:\Program Files\JetBrains\IntelliJ IDEA 2024.2.4\lib\idea_rt.jar=61237:C:\Program Files\JetBrains\IntelliJ IDEA 2024.2.4\bin -Dfile.encoding=UTF-8 org.codehaus.classworlds.Launcher -Didea.version=2024.3 install

Host: Intel(R) Pentium(R) CPU 6405U @ 2.40GHz, 4 cores, 7G,  Windows 10 , 64 bit Build 22621 (10.0.22621.4391)
Time: Wed Nov 27 00:04:35 2024 Hora est. Pacífico, Sudamérica elapsed time: 45.675627 seconds (0d 0h 0m 45s)

---------------  T H R E A D  ---------------

Current thread (0x000001ace1d509b0):  VMThread "VM Thread" [stack: 0x0000008e21100000,0x0000008e21200000] [id=8708]

Stack: [0x0000008e21100000,0x0000008e21200000]
Native frames: (J=compiled Java code, j=interpreted, Vv=VM code, C=native code)
V  [jvm.dll+0x66f8ea]
V  [jvm.dll+0x7ce224]
V  [jvm.dll+0x7cf9ce]
V  [jvm.dll+0x7d0033]
V  [jvm.dll+0x242bb5]
V  [jvm.dll+0x66c909]
V  [jvm.dll+0x6613d2]
V  [jvm.dll+0x30082b]
V  [jvm.dll+0x307db6]
V  [jvm.dll+0x357a0e]
V  [jvm.dll+0x357c3f]
V  [jvm.dll+0x2d7ae8]
V  [jvm.dll+0x2d5db4]
V  [jvm.dll+0x2d53bc]
V  [jvm.dll+0x318d1b]
V  [jvm.dll+0x7d44cb]
V  [jvm.dll+0x7d5204]
V  [jvm.dll+0x7d571c]
V  [jvm.dll+0x7d5af4]
V  [jvm.dll+0x7d5bc0]
V  [jvm.dll+0x77e7ea]
V  [jvm.dll+0x66e715]
C  [ucrtbase.dll+0x29333]
C  [KERNEL32.DLL+0x1259d]
C  [ntdll.dll+0x5af38]

VM_Operation (0x0000008e20bfab70): G1CollectForAllocation, mode: safepoint, requested by thread 0x000001acc26d3cc0


---------------  P R O C E S S  ---------------

Threads class SMR info:
_java_thread_list=0x000001ace363f240, length=14, elements={
0x000001acc26d3cc0, 0x000001ace1d54d40, 0x000001ace1d56bc0, 0x000001ace1d6bb60,
0x000001ace1d6e620, 0x000001ace1d6efd0, 0x000001ace1d6f980, 0x000001ace1d70710,
0x000001ace1dd3820, 0x000001ace1df38d0, 0x000001ace2866070, 0x000001ace2926090,
0x000001ace2926560, 0x000001ace394ae10
}

Java Threads: ( => current thread )
  0x000001acc26d3cc0 JavaThread "main" [_thread_blocked, id=9656, stack(0x0000008e20b00000,0x0000008e20c00000)]
  0x000001ace1d54d40 JavaThread "Reference Handler" daemon [_thread_blocked, id=13024, stack(0x0000008e21200000,0x0000008e21300000)]
  0x000001ace1d56bc0 JavaThread "Finalizer" daemon [_thread_blocked, id=11872, stack(0x0000008e21300000,0x0000008e21400000)]
  0x000001ace1d6bb60 JavaThread "Signal Dispatcher" daemon [_thread_blocked, id=10656, stack(0x0000008e21400000,0x0000008e21500000)]
  0x000001ace1d6e620 JavaThread "Attach Listener" daemon [_thread_blocked, id=14076, stack(0x0000008e21500000,0x0000008e21600000)]
  0x000001ace1d6efd0 JavaThread "Service Thread" daemon [_thread_blocked, id=8060, stack(0x0000008e21600000,0x0000008e21700000)]
  0x000001ace1d6f980 JavaThread "Monitor Deflation Thread" daemon [_thread_blocked, id=8792, stack(0x0000008e21700000,0x0000008e21800000)]
  0x000001ace1d70710 JavaThread "C2 CompilerThread0" daemon [_thread_in_native, id=3248, stack(0x0000008e21800000,0x0000008e21900000)]
  0x000001ace1dd3820 JavaThread "C1 CompilerThread0" daemon [_thread_blocked, id=14880, stack(0x0000008e21900000,0x0000008e21a00000)]
  0x000001ace1df38d0 JavaThread "Sweeper thread" daemon [_thread_blocked, id=13212, stack(0x0000008e21a00000,0x0000008e21b00000)]
  0x000001ace2866070 JavaThread "Common-Cleaner" daemon [_thread_blocked, id=9112, stack(0x0000008e21b00000,0x0000008e21c00000)]
  0x000001ace2926090 JavaThread "Monitor Ctrl-Break" daemon [_thread_in_native, id=14968, stack(0x0000008e21c00000,0x0000008e21d00000)]
  0x000001ace2926560 JavaThread "Notification Thread" daemon [_thread_blocked, id=14268, stack(0x0000008e21d00000,0x0000008e21e00000)]
  0x000001ace394ae10 JavaThread "Thread-1" daemon [_thread_blocked, id=14436, stack(0x0000008e22300000,0x0000008e22400000)]

Other Threads:
=>0x000001ace1d509b0 VMThread "VM Thread" [stack: 0x0000008e21100000,0x0000008e21200000] [id=8708]
  0x000001acc26d4b30 WatcherThread [stack: 0x0000008e21e00000,0x0000008e21f00000] [id=5388]
  0x000001acc2710b30 GCTaskThread "GC Thread#0" [stack: 0x0000008e20c00000,0x0000008e20d00000] [id=6828]
  0x000001ace2f090b0 GCTaskThread "GC Thread#1" [stack: 0x0000008e21f00000,0x0000008e22000000] [id=8964]
  0x000001ace2f09360 GCTaskThread "GC Thread#2" [stack: 0x0000008e22000000,0x0000008e22100000] [id=5200]
  0x000001ace30d0540 GCTaskThread "GC Thread#3" [stack: 0x0000008e22100000,0x0000008e22200000] [id=9764]
  0x000001acc2722500 ConcurrentGCThread "G1 Main Marker" [stack: 0x0000008e20d00000,0x0000008e20e00000] [id=11880]
  0x000001acc2722f10 ConcurrentGCThread "G1 Conc#0" [stack: 0x0000008e20e00000,0x0000008e20f00000] [id=12764]
  0x000001acc279a890 ConcurrentGCThread "G1 Refine#0" [stack: 0x0000008e20f00000,0x0000008e21000000] [id=6152]
  0x000001ace5a357e0 ConcurrentGCThread "G1 Refine#1" [stack: 0x0000008e22200000,0x0000008e22300000] [id=7648]
  0x000001ace5a36ee0 ConcurrentGCThread "G1 Refine#2" [stack: 0x0000008e20900000,0x0000008e20a00000] [id=7800]
  0x000001acc279b2b0 ConcurrentGCThread "G1 Service" [stack: 0x0000008e21000000,0x0000008e21100000] [id=3740]

Threads with active compile tasks:
C2 CompilerThread0    45733 8508  s!   4       jdk.internal.loader.URLClassPath::getLoader (194 bytes)

VM state: at safepoint (normal execution)

VM Mutex/Monitor currently owned by a thread:  ([mutex/lock_event])
[0x000001acc26d0740] Threads_lock - owner thread: 0x000001ace1d509b0
[0x000001acc26cf420] Heap_lock - owner thread: 0x000001acc26d3cc0

Heap address: 0x0000000082c00000, size: 2004 MB, Compressed Oops mode: 32-bit

CDS archive(s) mapped at: [0x0000000800000000-0x0000000800bc0000-0x0000000800bc0000), size 12320768, SharedBaseAddress: 0x0000000800000000, ArchiveRelocationMode: 0.
Compressed class space mapped at: 0x0000000800c00000-0x0000000840c00000, reserved size: 1073741824
Narrow klass base: 0x0000000800000000, Narrow klass shift: 0, Narrow klass range: 0x100000000

GC Precious Log:
 CPUs: 4 total, 4 available
 Memory: 8015M
 Large Page Support: Disabled
 NUMA Support: Disabled
 Compressed Oops: Enabled (32-bit)
 Heap Region Size: 1M
 Heap Min Capacity: 8M
 Heap Initial Capacity: 126M
 Heap Max Capacity: 2004M
 Pre-touch: Disabled
 Parallel Workers: 4
 Concurrent Workers: 1
 Concurrent Refinement Workers: 4
 Periodic GC: Disabled

Heap:
 garbage-first heap   total 250880K, used 61993K [0x0000000082c00000, 0x0000000100000000)
  region size 1024K, 1 young (1024K), 1 survivors (1024K)
 Metaspace       used 31936K, committed 32256K, reserved 1081344K
  class space    used 3612K, committed 3776K, reserved 1048576K

Heap Regions: E=young(eden), S=young(survivor), O=old, HS=humongous(starts), HC=humongous(continues), CS=collection set, F=free, OA=open archive, CA=closed archive, TAMS=top-at-mark-start (previous, next)
|   0|0x0000000082c00000, 0x0000000082d00000, 0x0000000082d00000|100%| O|  |TAMS 0x0000000082d00000, 0x0000000082d00000| Untracked 
|   1|0x0000000082d00000, 0x0000000082e00000, 0x0000000082e00000|100%| O|  |TAMS 0x0000000082e00000, 0x0000000082e00000| Untracked 
|   2|0x0000000082e00000, 0x0000000082f00000, 0x0000000082f00000|100%| O|  |TAMS 0x0000000082f00000, 0x0000000082f00000| Untracked 
|   3|0x0000000082f00000, 0x0000000083000000, 0x0000000083000000|100%| O|  |TAMS 0x0000000083000000, 0x0000000083000000| Untracked 
|   4|0x0000000083000000, 0x0000000083100000, 0x0000000083100000|100%| O|  |TAMS 0x0000000083100000, 0x0000000083100000| Untracked 
|   5|0x0000000083100000, 0x0000000083200000, 0x0000000083200000|100%| O|  |TAMS 0x0000000083200000, 0x0000000083200000| Untracked 
|   6|0x0000000083200000, 0x0000000083300000, 0x0000000083300000|100%| O|  |TAMS 0x0000000083300000, 0x0000000083300000| Untracked 
|   7|0x0000000083300000, 0x0000000083400000, 0x0000000083400000|100%| O|  |TAMS 0x0000000083400000, 0x0000000083400000| Untracked 
|   8|0x0000000083400000, 0x0000000083500000, 0x0000000083500000|100%| O|  |TAMS 0x0000000083500000, 0x0000000083500000| Untracked 
|   9|0x0000000083500000, 0x0000000083600000, 0x0000000083600000|100%| O|  |TAMS 0x0000000083600000, 0x0000000083600000| Untracked 
|  10|0x0000000083600000, 0x0000000083700000, 0x0000000083700000|100%| O|  |TAMS 0x0000000083700000, 0x0000000083700000| Untracked 
|  11|0x0000000083700000, 0x0000000083800000, 0x0000000083800000|100%| O|  |TAMS 0x0000000083700000, 0x0000000083800000| Untracked 
|  12|0x0000000083800000, 0x0000000083900000, 0x0000000083900000|100%| O|  |TAMS 0x0000000083900000, 0x0000000083900000| Untracked 
|  13|0x0000000083900000, 0x0000000083a00000, 0x0000000083a00000|100%| O|  |TAMS 0x0000000083a00000, 0x0000000083a00000| Untracked 
|  14|0x0000000083a00000, 0x0000000083b00000, 0x0000000083b00000|100%|HS|  |TAMS 0x0000000083b00000, 0x0000000083b00000| Complete 
|  15|0x0000000083b00000, 0x0000000083c00000, 0x0000000083c00000|100%|HC|  |TAMS 0x0000000083c00000, 0x0000000083c00000| Complete 
|  16|0x0000000083c00000, 0x0000000083d00000, 0x0000000083d00000|100%| O|  |TAMS 0x0000000083c00000, 0x0000000083d00000| Untracked 
|  17|0x0000000083d00000, 0x0000000083e00000, 0x0000000083e00000|100%|HS|  |TAMS 0x0000000083e00000, 0x0000000083e00000| Complete 
|  18|0x0000000083e00000, 0x0000000083f00000, 0x0000000083f00000|100%| O|  |TAMS 0x0000000083f00000, 0x0000000083f00000| Untracked 
|  19|0x0000000083f00000, 0x0000000084000000, 0x0000000084000000|100%| O|  |TAMS 0x0000000084000000, 0x0000000084000000| Untracked 
|  20|0x0000000084000000, 0x0000000084100000, 0x0000000084100000|100%| O|  |TAMS 0x0000000084100000, 0x0000000084100000| Untracked 
|  21|0x0000000084100000, 0x0000000084200000, 0x0000000084200000|100%| O|  |TAMS 0x0000000084200000, 0x0000000084200000| Untracked 
|  22|0x0000000084200000, 0x0000000084300000, 0x0000000084300000|100%| O|  |TAMS 0x0000000084300000, 0x0000000084300000| Untracked 
|  23|0x0000000084300000, 0x0000000084400000, 0x0000000084400000|100%| O|  |TAMS 0x0000000084400000, 0x0000000084400000| Untracked 
|  24|0x0000000084400000, 0x0000000084500000, 0x0000000084500000|100%| O|  |TAMS 0x0000000084500000, 0x0000000084500000| Untracked 
|  25|0x0000000084500000, 0x0000000084600000, 0x0000000084600000|100%| O|  |TAMS 0x0000000084600000, 0x0000000084600000| Untracked 
|  26|0x0000000084600000, 0x0000000084700000, 0x0000000084700000|100%| O|  |TAMS 0x0000000084700000, 0x0000000084700000| Untracked 
|  27|0x0000000084700000, 0x0000000084800000, 0x0000000084800000|100%| O|  |TAMS 0x0000000084700000, 0x0000000084800000| Untracked 
|  28|0x0000000084800000, 0x0000000084900000, 0x0000000084900000|100%|HS|  |TAMS 0x0000000084800000, 0x0000000084900000| Complete 
|  29|0x0000000084900000, 0x0000000084a00000, 0x0000000084a00000|100%|HC|  |TAMS 0x0000000084900000, 0x0000000084a00000| Complete 
|  30|0x0000000084a00000, 0x0000000084b00000, 0x0000000084b00000|100%|HS|  |TAMS 0x0000000084a00000, 0x0000000084b00000| Complete 
|  31|0x0000000084b00000, 0x0000000084c00000, 0x0000000084c00000|100%|HS|  |TAMS 0x0000000084b00000, 0x0000000084c00000| Complete 
|  32|0x0000000084c00000, 0x0000000084d00000, 0x0000000084d00000|100%| O|  |TAMS 0x0000000084c00000, 0x0000000084d00000| Untracked 
|  33|0x0000000084d00000, 0x0000000084e00000, 0x0000000084e00000|100%| O|  |TAMS 0x0000000084d00000, 0x0000000084e00000| Untracked 
|  34|0x0000000084e00000, 0x0000000084f00000, 0x0000000084f00000|100%| O|  |TAMS 0x0000000084f00000, 0x0000000084f00000| Untracked 
|  35|0x0000000084f00000, 0x0000000085000000, 0x0000000085000000|100%| O|  |TAMS 0x0000000085000000, 0x0000000085000000| Untracked 
|  36|0x0000000085000000, 0x0000000085100000, 0x0000000085100000|100%| O|  |TAMS 0x0000000085100000, 0x0000000085100000| Untracked 
|  37|0x0000000085100000, 0x00000000851f9a00, 0x0000000085200000| 97%| O|  |TAMS 0x00000000851f9a00, 0x00000000851f9a00| Untracked 
|  38|0x0000000085200000, 0x0000000085300000, 0x0000000085300000|100%| O|  |TAMS 0x0000000085200000, 0x0000000085300000| Untracked 
|  39|0x0000000085300000, 0x0000000085400000, 0x0000000085400000|100%| O|  |TAMS 0x0000000085300000, 0x0000000085400000| Untracked 
|  40|0x0000000085400000, 0x0000000085500000, 0x0000000085500000|100%| O|  |TAMS 0x0000000085400000, 0x0000000085500000| Untracked 
|  41|0x0000000085500000, 0x0000000085600000, 0x0000000085600000|100%| O|  |TAMS 0x0000000085500000, 0x0000000085600000| Untracked 
|  42|0x0000000085600000, 0x0000000085700000, 0x0000000085700000|100%| O|  |TAMS 0x0000000085600000, 0x0000000085700000| Untracked 
|  43|0x0000000085700000, 0x0000000085800000, 0x0000000085800000|100%| O|  |TAMS 0x0000000085700000, 0x0000000085800000| Untracked 
|  44|0x0000000085800000, 0x0000000085900000, 0x0000000085900000|100%| O|  |TAMS 0x0000000085800000, 0x0000000085900000| Untracked 
|  45|0x0000000085900000, 0x0000000085a00000, 0x0000000085a00000|100%| O|  |TAMS 0x0000000085900000, 0x0000000085a00000| Untracked 
|  46|0x0000000085a00000, 0x0000000085b00000, 0x0000000085b00000|100%| O|  |TAMS 0x0000000085a00000, 0x0000000085b00000| Untracked 
|  47|0x0000000085b00000, 0x0000000085c00000, 0x0000000085c00000|100%| O|  |TAMS 0x0000000085b00000, 0x0000000085c00000| Untracked 
|  48|0x0000000085c00000, 0x0000000085d00000, 0x0000000085d00000|100%| O|  |TAMS 0x0000000085c00000, 0x0000000085d00000| Untracked 
|  49|0x0000000085d00000, 0x0000000085e00000, 0x0000000085e00000|100%| O|  |TAMS 0x0000000085d00000, 0x0000000085e00000| Untracked 
|  50|0x0000000085e00000, 0x0000000085f00000, 0x0000000085f00000|100%| O|  |TAMS 0x0000000085e00000, 0x0000000085f00000| Untracked 
|  51|0x0000000085f00000, 0x0000000086000000, 0x0000000086000000|100%| O|  |TAMS 0x0000000085f00000, 0x0000000086000000| Untracked 
|  52|0x0000000086000000, 0x0000000086100000, 0x0000000086100000|100%| O|  |TAMS 0x0000000086000000, 0x0000000086100000| Untracked 
|  53|0x0000000086100000, 0x0000000086200000, 0x0000000086200000|100%| O|  |TAMS 0x0000000086100000, 0x0000000086200000| Untracked 
|  54|0x0000000086200000, 0x0000000086300000, 0x0000000086300000|100%| O|  |TAMS 0x0000000086200000, 0x0000000086300000| Untracked 
|  55|0x0000000086300000, 0x0000000086400000, 0x0000000086400000|100%| O|  |TAMS 0x0000000086300000, 0x0000000086400000| Untracked 
|  56|0x0000000086400000, 0x0000000086500000, 0x0000000086500000|100%| O|  |TAMS 0x0000000086400000, 0x0000000086500000| Untracked 
|  57|0x0000000086500000, 0x0000000086600000, 0x0000000086600000|100%| O|  |TAMS 0x0000000086500000, 0x0000000086600000| Untracked 
|  58|0x0000000086600000, 0x0000000086700000, 0x0000000086700000|100%| O|  |TAMS 0x0000000086600000, 0x0000000086700000| Untracked 
|  59|0x0000000086700000, 0x0000000086800000, 0x0000000086800000|100%| O|  |TAMS 0x0000000086700000, 0x0000000086800000| Untracked 
|  60|0x0000000086800000, 0x0000000086873e00, 0x0000000086900000| 45%| O|  |TAMS 0x0000000086800000, 0x0000000086873e00| Untracked 
|  61|0x0000000086900000, 0x0000000086900000, 0x0000000086a00000|  0%| F|  |TAMS 0x0000000086900000, 0x0000000086900000| Untracked 
|  62|0x0000000086a00000, 0x0000000086a00000, 0x0000000086b00000|  0%| F|  |TAMS 0x0000000086a00000, 0x0000000086a00000| Untracked 
|  63|0x0000000086b00000, 0x0000000086b00000, 0x0000000086c00000|  0%| F|  |TAMS 0x0000000086b00000, 0x0000000086b00000| Untracked 
|  64|0x0000000086c00000, 0x0000000086c00000, 0x0000000086d00000|  0%| F|  |TAMS 0x0000000086c00000, 0x0000000086c00000| Untracked 
|  65|0x0000000086d00000, 0x0000000086d00000, 0x0000000086e00000|  0%| F|  |TAMS 0x0000000086d00000, 0x0000000086d00000| Untracked 
|  66|0x0000000086e00000, 0x0000000086e00000, 0x0000000086f00000|  0%| F|  |TAMS 0x0000000086e00000, 0x0000000086e00000| Untracked 
|  67|0x0000000086f00000, 0x0000000086f00000, 0x0000000087000000|  0%| F|  |TAMS 0x0000000086f00000, 0x0000000086f00000| Untracked 
|  68|0x0000000087000000, 0x0000000087000000, 0x0000000087100000|  0%| F|  |TAMS 0x0000000087000000, 0x0000000087000000| Untracked 
|  69|0x0000000087100000, 0x0000000087100000, 0x0000000087200000|  0%| F|  |TAMS 0x0000000087100000, 0x0000000087100000| Untracked 
|  70|0x0000000087200000, 0x0000000087200000, 0x0000000087300000|  0%| F|  |TAMS 0x0000000087200000, 0x0000000087200000| Untracked 
|  71|0x0000000087300000, 0x0000000087300000, 0x0000000087400000|  0%| F|  |TAMS 0x0000000087300000, 0x0000000087300000| Untracked 
|  72|0x0000000087400000, 0x0000000087400000, 0x0000000087500000|  0%| F|  |TAMS 0x0000000087400000, 0x0000000087400000| Untracked 
|  73|0x0000000087500000, 0x0000000087500000, 0x0000000087600000|  0%| F|  |TAMS 0x0000000087500000, 0x0000000087500000| Untracked 
|  74|0x0000000087600000, 0x0000000087600000, 0x0000000087700000|  0%| F|  |TAMS 0x0000000087600000, 0x0000000087600000| Untracked 
|  75|0x0000000087700000, 0x0000000087700000, 0x0000000087800000|  0%| F|  |TAMS 0x0000000087700000, 0x0000000087700000| Untracked 
|  76|0x0000000087800000, 0x0000000087800000, 0x0000000087900000|  0%| F|  |TAMS 0x0000000087800000, 0x0000000087800000| Untracked 
|  77|0x0000000087900000, 0x0000000087900000, 0x0000000087a00000|  0%| F|  |TAMS 0x0000000087900000, 0x0000000087900000| Untracked 
|  78|0x0000000087a00000, 0x0000000087a00000, 0x0000000087b00000|  0%| F|  |TAMS 0x0000000087a00000, 0x0000000087a00000| Untracked 
|  79|0x0000000087b00000, 0x0000000087b00000, 0x0000000087c00000|  0%| F|  |TAMS 0x0000000087b00000, 0x0000000087b00000| Untracked 
|  80|0x0000000087c00000, 0x0000000087c00000, 0x0000000087d00000|  0%| F|  |TAMS 0x0000000087c00000, 0x0000000087c00000| Untracked 
|  81|0x0000000087d00000, 0x0000000087d00000, 0x0000000087e00000|  0%| F|  |TAMS 0x0000000087d00000, 0x0000000087d00000| Untracked 
|  82|0x0000000087e00000, 0x0000000087e00000, 0x0000000087f00000|  0%| F|  |TAMS 0x0000000087e00000, 0x0000000087e00000| Untracked 
|  83|0x0000000087f00000, 0x0000000087f00000, 0x0000000088000000|  0%| F|  |TAMS 0x0000000087f00000, 0x0000000087f00000| Untracked 
|  84|0x0000000088000000, 0x0000000088000000, 0x0000000088100000|  0%| F|  |TAMS 0x0000000088000000, 0x0000000088000000| Untracked 
|  85|0x0000000088100000, 0x0000000088100000, 0x0000000088200000|  0%| F|  |TAMS 0x0000000088100000, 0x0000000088100000| Untracked 
|  86|0x0000000088200000, 0x000000008821ce88, 0x0000000088300000| 11%| S|CS|TAMS 0x0000000088200000, 0x0000000088200000| Complete 
|  87|0x0000000088300000, 0x0000000088300000, 0x0000000088400000|  0%| F|  |TAMS 0x0000000088300000, 0x0000000088300000| Untracked 
|  88|0x0000000088400000, 0x0000000088400000, 0x0000000088500000|  0%| F|  |TAMS 0x0000000088400000, 0x0000000088400000| Untracked 
|  89|0x0000000088500000, 0x0000000088500000, 0x0000000088600000|  0%| F|  |TAMS 0x0000000088500000, 0x0000000088500000| Untracked 
|  90|0x0000000088600000, 0x0000000088600000, 0x0000000088700000|  0%| F|  |TAMS 0x0000000088600000, 0x0000000088600000| Untracked 
|  91|0x0000000088700000, 0x0000000088700000, 0x0000000088800000|  0%| F|  |TAMS 0x0000000088700000, 0x0000000088700000| Untracked 
|  92|0x0000000088800000, 0x0000000088800000, 0x0000000088900000|  0%| F|  |TAMS 0x0000000088800000, 0x0000000088800000| Untracked 
|  93|0x0000000088900000, 0x0000000088900000, 0x0000000088a00000|  0%| F|  |TAMS 0x0000000088900000, 0x0000000088900000| Untracked 
|  94|0x0000000088a00000, 0x0000000088a00000, 0x0000000088b00000|  0%| F|  |TAMS 0x0000000088a00000, 0x0000000088a00000| Untracked 
|  95|0x0000000088b00000, 0x0000000088b00000, 0x0000000088c00000|  0%| F|  |TAMS 0x0000000088b00000, 0x0000000088b00000| Untracked 
|  96|0x0000000088c00000, 0x0000000088c00000, 0x0000000088d00000|  0%| F|  |TAMS 0x0000000088c00000, 0x0000000088c00000| Untracked 
|  97|0x0000000088d00000, 0x0000000088d00000, 0x0000000088e00000|  0%| F|  |TAMS 0x0000000088d00000, 0x0000000088d00000| Untracked 
|  98|0x0000000088e00000, 0x0000000088e00000, 0x0000000088f00000|  0%| F|  |TAMS 0x0000000088e00000, 0x0000000088e00000| Untracked 
|  99|0x0000000088f00000, 0x0000000088f00000, 0x0000000089000000|  0%| F|  |TAMS 0x0000000088f00000, 0x0000000088f00000| Untracked 
| 100|0x0000000089000000, 0x0000000089000000, 0x0000000089100000|  0%| F|  |TAMS 0x0000000089000000, 0x0000000089000000| Untracked 
| 101|0x0000000089100000, 0x0000000089100000, 0x0000000089200000|  0%| F|  |TAMS 0x0000000089100000, 0x0000000089100000| Untracked 
| 102|0x0000000089200000, 0x0000000089200000, 0x0000000089300000|  0%| F|  |TAMS 0x0000000089200000, 0x0000000089200000| Untracked 
| 103|0x0000000089300000, 0x0000000089300000, 0x0000000089400000|  0%| F|  |TAMS 0x0000000089300000, 0x0000000089300000| Untracked 
| 104|0x0000000089400000, 0x0000000089400000, 0x0000000089500000|  0%| F|  |TAMS 0x0000000089400000, 0x0000000089400000| Untracked 
| 105|0x0000000089500000, 0x0000000089500000, 0x0000000089600000|  0%| F|  |TAMS 0x0000000089500000, 0x0000000089500000| Untracked 
| 106|0x0000000089600000, 0x0000000089600000, 0x0000000089700000|  0%| F|  |TAMS 0x0000000089600000, 0x0000000089600000| Untracked 
| 107|0x0000000089700000, 0x0000000089700000, 0x0000000089800000|  0%| F|  |TAMS 0x0000000089700000, 0x0000000089700000| Untracked 
| 108|0x0000000089800000, 0x0000000089800000, 0x0000000089900000|  0%| F|  |TAMS 0x0000000089800000, 0x0000000089800000| Untracked 
| 109|0x0000000089900000, 0x0000000089900000, 0x0000000089a00000|  0%| F|  |TAMS 0x0000000089900000, 0x0000000089900000| Untracked 
| 110|0x0000000089a00000, 0x0000000089a00000, 0x0000000089b00000|  0%| F|  |TAMS 0x0000000089a00000, 0x0000000089a00000| Untracked 
| 111|0x0000000089b00000, 0x0000000089b00000, 0x0000000089c00000|  0%| F|  |TAMS 0x0000000089b00000, 0x0000000089b00000| Untracked 
| 112|0x0000000089c00000, 0x0000000089c00000, 0x0000000089d00000|  0%| F|  |TAMS 0x0000000089c00000, 0x0000000089c00000| Untracked 
| 113|0x0000000089d00000, 0x0000000089d00000, 0x0000000089e00000|  0%| F|  |TAMS 0x0000000089d00000, 0x0000000089d00000| Untracked 
| 114|0x0000000089e00000, 0x0000000089e00000, 0x0000000089f00000|  0%| F|  |TAMS 0x0000000089e00000, 0x0000000089e00000| Untracked 
| 115|0x0000000089f00000, 0x0000000089f00000, 0x000000008a000000|  0%| F|  |TAMS 0x0000000089f00000, 0x0000000089f00000| Untracked 
| 116|0x000000008a000000, 0x000000008a000000, 0x000000008a100000|  0%| F|  |TAMS 0x000000008a000000, 0x000000008a000000| Untracked 
| 117|0x000000008a100000, 0x000000008a100000, 0x000000008a200000|  0%| F|  |TAMS 0x000000008a100000, 0x000000008a100000| Untracked 
| 118|0x000000008a200000, 0x000000008a200000, 0x000000008a300000|  0%| F|  |TAMS 0x000000008a200000, 0x000000008a200000| Untracked 
| 119|0x000000008a300000, 0x000000008a300000, 0x000000008a400000|  0%| F|  |TAMS 0x000000008a300000, 0x000000008a300000| Untracked 
| 120|0x000000008a400000, 0x000000008a400000, 0x000000008a500000|  0%| F|  |TAMS 0x000000008a400000, 0x000000008a400000| Untracked 
| 121|0x000000008a500000, 0x000000008a500000, 0x000000008a600000|  0%| F|  |TAMS 0x000000008a500000, 0x000000008a500000| Untracked 
| 122|0x000000008a600000, 0x000000008a600000, 0x000000008a700000|  0%| F|  |TAMS 0x000000008a600000, 0x000000008a600000| Untracked 
| 123|0x000000008a700000, 0x000000008a700000, 0x000000008a800000|  0%| F|  |TAMS 0x000000008a700000, 0x000000008a700000| Untracked 
| 124|0x000000008a800000, 0x000000008a800000, 0x000000008a900000|  0%| F|  |TAMS 0x000000008a800000, 0x000000008a800000| Untracked 
| 125|0x000000008a900000, 0x000000008a900000, 0x000000008aa00000|  0%| F|  |TAMS 0x000000008a900000, 0x000000008a900000| Untracked 
| 126|0x000000008aa00000, 0x000000008aa00000, 0x000000008ab00000|  0%| F|  |TAMS 0x000000008aa00000, 0x000000008aa00000| Untracked 
| 127|0x000000008ab00000, 0x000000008ab00000, 0x000000008ac00000|  0%| F|  |TAMS 0x000000008ab00000, 0x000000008ab00000| Untracked 
| 128|0x000000008ac00000, 0x000000008ac00000, 0x000000008ad00000|  0%| F|  |TAMS 0x000000008ac00000, 0x000000008ac00000| Untracked 
| 129|0x000000008ad00000, 0x000000008ad00000, 0x000000008ae00000|  0%| F|  |TAMS 0x000000008ad00000, 0x000000008ad00000| Untracked 
| 130|0x000000008ae00000, 0x000000008ae00000, 0x000000008af00000|  0%| F|  |TAMS 0x000000008ae00000, 0x000000008ae00000| Untracked 
| 131|0x000000008af00000, 0x000000008af00000, 0x000000008b000000|  0%| F|  |TAMS 0x000000008af00000, 0x000000008af00000| Untracked 
| 132|0x000000008b000000, 0x000000008b000000, 0x000000008b100000|  0%| F|  |TAMS 0x000000008b000000, 0x000000008b000000| Untracked 
| 133|0x000000008b100000, 0x000000008b100000, 0x000000008b200000|  0%| F|  |TAMS 0x000000008b100000, 0x000000008b100000| Untracked 
| 134|0x000000008b200000, 0x000000008b200000, 0x000000008b300000|  0%| F|  |TAMS 0x000000008b200000, 0x000000008b200000| Untracked 
| 135|0x000000008b300000, 0x000000008b300000, 0x000000008b400000|  0%| F|  |TAMS 0x000000008b300000, 0x000000008b300000| Untracked 
| 136|0x000000008b400000, 0x000000008b400000, 0x000000008b500000|  0%| F|  |TAMS 0x000000008b400000, 0x000000008b400000| Untracked 
| 137|0x000000008b500000, 0x000000008b500000, 0x000000008b600000|  0%| F|  |TAMS 0x000000008b500000, 0x000000008b500000| Untracked 
| 138|0x000000008b600000, 0x000000008b600000, 0x000000008b700000|  0%| F|  |TAMS 0x000000008b600000, 0x000000008b600000| Untracked 
| 139|0x000000008b700000, 0x000000008b700000, 0x000000008b800000|  0%| F|  |TAMS 0x000000008b700000, 0x000000008b700000| Untracked 
| 140|0x000000008b800000, 0x000000008b800000, 0x000000008b900000|  0%| F|  |TAMS 0x000000008b800000, 0x000000008b800000| Untracked 
| 141|0x000000008b900000, 0x000000008b900000, 0x000000008ba00000|  0%| F|  |TAMS 0x000000008b900000, 0x000000008b900000| Untracked 
| 142|0x000000008ba00000, 0x000000008ba00000, 0x000000008bb00000|  0%| F|  |TAMS 0x000000008ba00000, 0x000000008ba00000| Untracked 
| 143|0x000000008bb00000, 0x000000008bb00000, 0x000000008bc00000|  0%| F|  |TAMS 0x000000008bb00000, 0x000000008bb00000| Untracked 
| 144|0x000000008bc00000, 0x000000008bc00000, 0x000000008bd00000|  0%| F|  |TAMS 0x000000008bc00000, 0x000000008bc00000| Untracked 
| 145|0x000000008bd00000, 0x000000008bd00000, 0x000000008be00000|  0%| F|  |TAMS 0x000000008bd00000, 0x000000008bd00000| Untracked 
| 146|0x000000008be00000, 0x000000008be00000, 0x000000008bf00000|  0%| F|  |TAMS 0x000000008be00000, 0x000000008be00000| Untracked 
| 147|0x000000008bf00000, 0x000000008bf00000, 0x000000008c000000|  0%| F|  |TAMS 0x000000008bf00000, 0x000000008bf00000| Untracked 
| 148|0x000000008c000000, 0x000000008c000000, 0x000000008c100000|  0%| F|  |TAMS 0x000000008c000000, 0x000000008c000000| Untracked 
| 149|0x000000008c100000, 0x000000008c100000, 0x000000008c200000|  0%| F|  |TAMS 0x000000008c100000, 0x000000008c100000| Untracked 
| 150|0x000000008c200000, 0x000000008c200000, 0x000000008c300000|  0%| F|  |TAMS 0x000000008c200000, 0x000000008c200000| Untracked 
| 151|0x000000008c300000, 0x000000008c300000, 0x000000008c400000|  0%| F|  |TAMS 0x000000008c300000, 0x000000008c300000| Untracked 
| 152|0x000000008c400000, 0x000000008c400000, 0x000000008c500000|  0%| F|  |TAMS 0x000000008c400000, 0x000000008c400000| Untracked 
| 153|0x000000008c500000, 0x000000008c500000, 0x000000008c600000|  0%| F|  |TAMS 0x000000008c500000, 0x000000008c500000| Untracked 
| 154|0x000000008c600000, 0x000000008c600000, 0x000000008c700000|  0%| F|  |TAMS 0x000000008c600000, 0x000000008c600000| Untracked 
| 155|0x000000008c700000, 0x000000008c700000, 0x000000008c800000|  0%| F|  |TAMS 0x000000008c700000, 0x000000008c700000| Untracked 
| 156|0x000000008c800000, 0x000000008c800000, 0x000000008c900000|  0%| F|  |TAMS 0x000000008c800000, 0x000000008c800000| Untracked 
| 157|0x000000008c900000, 0x000000008c900000, 0x000000008ca00000|  0%| F|  |TAMS 0x000000008c900000, 0x000000008c900000| Untracked 
| 158|0x000000008ca00000, 0x000000008ca00000, 0x000000008cb00000|  0%| F|  |TAMS 0x000000008ca00000, 0x000000008ca00000| Untracked 
| 159|0x000000008cb00000, 0x000000008cb00000, 0x000000008cc00000|  0%| F|  |TAMS 0x000000008cb00000, 0x000000008cb00000| Untracked 
| 160|0x000000008cc00000, 0x000000008cc00000, 0x000000008cd00000|  0%| F|  |TAMS 0x000000008cc00000, 0x000000008cc00000| Untracked 
| 161|0x000000008cd00000, 0x000000008cd00000, 0x000000008ce00000|  0%| F|  |TAMS 0x000000008cd00000, 0x000000008cd00000| Untracked 
| 162|0x000000008ce00000, 0x000000008ce00000, 0x000000008cf00000|  0%| F|  |TAMS 0x000000008ce00000, 0x000000008ce00000| Untracked 
| 163|0x000000008cf00000, 0x000000008cf00000, 0x000000008d000000|  0%| F|  |TAMS 0x000000008cf00000, 0x000000008cf00000| Untracked 
| 164|0x000000008d000000, 0x000000008d000000, 0x000000008d100000|  0%| F|  |TAMS 0x000000008d000000, 0x000000008d000000| Untracked 
| 165|0x000000008d100000, 0x000000008d100000, 0x000000008d200000|  0%| F|  |TAMS 0x000000008d100000, 0x000000008d100000| Untracked 
| 166|0x000000008d200000, 0x000000008d200000, 0x000000008d300000|  0%| F|  |TAMS 0x000000008d200000, 0x000000008d200000| Untracked 
| 167|0x000000008d300000, 0x000000008d300000, 0x000000008d400000|  0%| F|  |TAMS 0x000000008d300000, 0x000000008d300000| Untracked 
| 168|0x000000008d400000, 0x000000008d400000, 0x000000008d500000|  0%| F|  |TAMS 0x000000008d400000, 0x000000008d400000| Untracked 
| 169|0x000000008d500000, 0x000000008d500000, 0x000000008d600000|  0%| F|  |TAMS 0x000000008d500000, 0x000000008d500000| Untracked 
| 170|0x000000008d600000, 0x000000008d600000, 0x000000008d700000|  0%| F|  |TAMS 0x000000008d600000, 0x000000008d600000| Untracked 
| 171|0x000000008d700000, 0x000000008d700000, 0x000000008d800000|  0%| F|  |TAMS 0x000000008d700000, 0x000000008d700000| Untracked 
| 172|0x000000008d800000, 0x000000008d800000, 0x000000008d900000|  0%| F|  |TAMS 0x000000008d800000, 0x000000008d800000| Untracked 
| 173|0x000000008d900000, 0x000000008d900000, 0x000000008da00000|  0%| F|  |TAMS 0x000000008d900000, 0x000000008d900000| Untracked 
| 174|0x000000008da00000, 0x000000008da00000, 0x000000008db00000|  0%| F|  |TAMS 0x000000008da00000, 0x000000008da00000| Untracked 
| 175|0x000000008db00000, 0x000000008db00000, 0x000000008dc00000|  0%| F|  |TAMS 0x000000008db00000, 0x000000008db00000| Untracked 
| 176|0x000000008dc00000, 0x000000008dc00000, 0x000000008dd00000|  0%| F|  |TAMS 0x000000008dc00000, 0x000000008dc00000| Untracked 
| 177|0x000000008dd00000, 0x000000008dd00000, 0x000000008de00000|  0%| F|  |TAMS 0x000000008dd00000, 0x000000008dd00000| Untracked 
| 178|0x000000008de00000, 0x000000008de00000, 0x000000008df00000|  0%| F|  |TAMS 0x000000008de00000, 0x000000008de00000| Untracked 
| 179|0x000000008df00000, 0x000000008df00000, 0x000000008e000000|  0%| F|  |TAMS 0x000000008df00000, 0x000000008df00000| Untracked 
| 180|0x000000008e000000, 0x000000008e000000, 0x000000008e100000|  0%| F|  |TAMS 0x000000008e000000, 0x000000008e000000| Untracked 
| 181|0x000000008e100000, 0x000000008e100000, 0x000000008e200000|  0%| F|  |TAMS 0x000000008e100000, 0x000000008e100000| Untracked 
| 182|0x000000008e200000, 0x000000008e200000, 0x000000008e300000|  0%| F|  |TAMS 0x000000008e200000, 0x000000008e200000| Untracked 
| 183|0x000000008e300000, 0x000000008e300000, 0x000000008e400000|  0%| F|  |TAMS 0x000000008e300000, 0x000000008e300000| Untracked 
| 184|0x000000008e400000, 0x000000008e400000, 0x000000008e500000|  0%| F|  |TAMS 0x000000008e400000, 0x000000008e400000| Untracked 
| 185|0x000000008e500000, 0x000000008e500000, 0x000000008e600000|  0%| F|  |TAMS 0x000000008e500000, 0x000000008e500000| Untracked 
| 186|0x000000008e600000, 0x000000008e600000, 0x000000008e700000|  0%| F|  |TAMS 0x000000008e600000, 0x000000008e600000| Untracked 
| 187|0x000000008e700000, 0x000000008e700000, 0x000000008e800000|  0%| F|  |TAMS 0x000000008e700000, 0x000000008e700000| Untracked 
| 188|0x000000008e800000, 0x000000008e800000, 0x000000008e900000|  0%| F|  |TAMS 0x000000008e800000, 0x000000008e800000| Untracked 
| 189|0x000000008e900000, 0x000000008e900000, 0x000000008ea00000|  0%| F|  |TAMS 0x000000008e900000, 0x000000008e900000| Untracked 
| 190|0x000000008ea00000, 0x000000008ea00000, 0x000000008eb00000|  0%| F|  |TAMS 0x000000008ea00000, 0x000000008ea00000| Untracked 
| 191|0x000000008eb00000, 0x000000008eb00000, 0x000000008ec00000|  0%| F|  |TAMS 0x000000008eb00000, 0x000000008eb00000| Untracked 
| 192|0x000000008ec00000, 0x000000008ec00000, 0x000000008ed00000|  0%| F|  |TAMS 0x000000008ec00000, 0x000000008ec00000| Untracked 
| 193|0x000000008ed00000, 0x000000008ed00000, 0x000000008ee00000|  0%| F|  |TAMS 0x000000008ed00000, 0x000000008ed00000| Untracked 
| 194|0x000000008ee00000, 0x000000008ee00000, 0x000000008ef00000|  0%| F|  |TAMS 0x000000008ee00000, 0x000000008ee00000| Untracked 
| 195|0x000000008ef00000, 0x000000008ef00000, 0x000000008f000000|  0%| F|  |TAMS 0x000000008ef00000, 0x000000008ef00000| Untracked 
| 196|0x000000008f000000, 0x000000008f000000, 0x000000008f100000|  0%| F|  |TAMS 0x000000008f000000, 0x000000008f000000| Untracked 
| 197|0x000000008f100000, 0x000000008f100000, 0x000000008f200000|  0%| F|  |TAMS 0x000000008f100000, 0x000000008f100000| Untracked 
| 198|0x000000008f200000, 0x000000008f200000, 0x000000008f300000|  0%| F|  |TAMS 0x000000008f200000, 0x000000008f200000| Untracked 
| 199|0x000000008f300000, 0x000000008f300000, 0x000000008f400000|  0%| F|  |TAMS 0x000000008f300000, 0x000000008f300000| Untracked 
| 200|0x000000008f400000, 0x000000008f400000, 0x000000008f500000|  0%| F|  |TAMS 0x000000008f400000, 0x000000008f400000| Untracked 
| 201|0x000000008f500000, 0x000000008f500000, 0x000000008f600000|  0%| F|  |TAMS 0x000000008f500000, 0x000000008f500000| Untracked 
| 202|0x000000008f600000, 0x000000008f600000, 0x000000008f700000|  0%| F|  |TAMS 0x000000008f600000, 0x000000008f600000| Untracked 
| 203|0x000000008f700000, 0x000000008f700000, 0x000000008f800000|  0%| F|  |TAMS 0x000000008f700000, 0x000000008f700000| Untracked 
| 204|0x000000008f800000, 0x000000008f800000, 0x000000008f900000|  0%| F|  |TAMS 0x000000008f800000, 0x000000008f800000| Untracked 
| 205|0x000000008f900000, 0x000000008f900000, 0x000000008fa00000|  0%| F|  |TAMS 0x000000008f900000, 0x000000008f900000| Untracked 
| 206|0x000000008fa00000, 0x000000008fa00000, 0x000000008fb00000|  0%| F|  |TAMS 0x000000008fa00000, 0x000000008fa00000| Untracked 
| 207|0x000000008fb00000, 0x000000008fb00000, 0x000000008fc00000|  0%| F|  |TAMS 0x000000008fb00000, 0x000000008fb00000| Untracked 
| 208|0x000000008fc00000, 0x000000008fc00000, 0x000000008fd00000|  0%| F|  |TAMS 0x000000008fc00000, 0x000000008fc00000| Untracked 
| 209|0x000000008fd00000, 0x000000008fd00000, 0x000000008fe00000|  0%| F|  |TAMS 0x000000008fd00000, 0x000000008fd00000| Untracked 
| 210|0x000000008fe00000, 0x000000008fe00000, 0x000000008ff00000|  0%| F|  |TAMS 0x000000008fe00000, 0x000000008fe00000| Untracked 
| 211|0x000000008ff00000, 0x000000008ff00000, 0x0000000090000000|  0%| F|  |TAMS 0x000000008ff00000, 0x000000008ff00000| Untracked 
| 212|0x0000000090000000, 0x0000000090000000, 0x0000000090100000|  0%| F|  |TAMS 0x0000000090000000, 0x0000000090000000| Untracked 
| 213|0x0000000090100000, 0x0000000090100000, 0x0000000090200000|  0%| F|  |TAMS 0x0000000090100000, 0x0000000090100000| Untracked 
| 214|0x0000000090200000, 0x0000000090200000, 0x0000000090300000|  0%| F|  |TAMS 0x0000000090200000, 0x0000000090200000| Untracked 
| 215|0x0000000090300000, 0x0000000090300000, 0x0000000090400000|  0%| F|  |TAMS 0x0000000090300000, 0x0000000090300000| Untracked 
| 216|0x0000000090400000, 0x0000000090400000, 0x0000000090500000|  0%| F|  |TAMS 0x0000000090400000, 0x0000000090400000| Untracked 
| 217|0x0000000090500000, 0x0000000090500000, 0x0000000090600000|  0%| F|  |TAMS 0x0000000090500000, 0x0000000090500000| Untracked 
| 218|0x0000000090600000, 0x0000000090600000, 0x0000000090700000|  0%| F|  |TAMS 0x0000000090600000, 0x0000000090600000| Untracked 
| 219|0x0000000090700000, 0x0000000090700000, 0x0000000090800000|  0%| F|  |TAMS 0x0000000090700000, 0x0000000090700000| Untracked 
| 220|0x0000000090800000, 0x0000000090800000, 0x0000000090900000|  0%| F|  |TAMS 0x0000000090800000, 0x0000000090800000| Untracked 
| 221|0x0000000090900000, 0x0000000090900000, 0x0000000090a00000|  0%| F|  |TAMS 0x0000000090900000, 0x0000000090900000| Untracked 
| 222|0x0000000090a00000, 0x0000000090a00000, 0x0000000090b00000|  0%| F|  |TAMS 0x0000000090a00000, 0x0000000090a00000| Untracked 
| 223|0x0000000090b00000, 0x0000000090b00000, 0x0000000090c00000|  0%| F|  |TAMS 0x0000000090b00000, 0x0000000090b00000| Untracked 
| 224|0x0000000090c00000, 0x0000000090c00000, 0x0000000090d00000|  0%| F|  |TAMS 0x0000000090c00000, 0x0000000090c00000| Untracked 
| 225|0x0000000090d00000, 0x0000000090d00000, 0x0000000090e00000|  0%| F|  |TAMS 0x0000000090d00000, 0x0000000090d00000| Untracked 
| 226|0x0000000090e00000, 0x0000000090e00000, 0x0000000090f00000|  0%| F|  |TAMS 0x0000000090e00000, 0x0000000090e00000| Untracked 
| 227|0x0000000090f00000, 0x0000000090f00000, 0x0000000091000000|  0%| F|  |TAMS 0x0000000090f00000, 0x0000000090f00000| Untracked 
| 228|0x0000000091000000, 0x0000000091000000, 0x0000000091100000|  0%| F|  |TAMS 0x0000000091000000, 0x0000000091000000| Untracked 
| 229|0x0000000091100000, 0x0000000091100000, 0x0000000091200000|  0%| F|  |TAMS 0x0000000091100000, 0x0000000091100000| Untracked 
| 230|0x0000000091200000, 0x0000000091200000, 0x0000000091300000|  0%| F|  |TAMS 0x0000000091200000, 0x0000000091200000| Untracked 
| 231|0x0000000091300000, 0x0000000091300000, 0x0000000091400000|  0%| F|  |TAMS 0x0000000091300000, 0x0000000091300000| Untracked 
| 232|0x0000000091400000, 0x0000000091400000, 0x0000000091500000|  0%| F|  |TAMS 0x0000000091400000, 0x0000000091400000| Untracked 
| 233|0x0000000091500000, 0x0000000091500000, 0x0000000091600000|  0%| F|  |TAMS 0x0000000091500000, 0x0000000091500000| Untracked 
| 234|0x0000000091600000, 0x0000000091600000, 0x0000000091700000|  0%| F|  |TAMS 0x0000000091600000, 0x0000000091600000| Untracked 
| 235|0x0000000091700000, 0x0000000091700000, 0x0000000091800000|  0%| F|  |TAMS 0x0000000091700000, 0x0000000091700000| Untracked 
| 236|0x0000000091800000, 0x0000000091800000, 0x0000000091900000|  0%| F|  |TAMS 0x0000000091800000, 0x0000000091800000| Untracked 
| 237|0x0000000091900000, 0x0000000091900000, 0x0000000091a00000|  0%| F|  |TAMS 0x0000000091900000, 0x0000000091900000| Untracked 
| 238|0x0000000091a00000, 0x0000000091a00000, 0x0000000091b00000|  0%| F|  |TAMS 0x0000000091a00000, 0x0000000091a00000| Untracked 
| 239|0x0000000091b00000, 0x0000000091b00000, 0x0000000091c00000|  0%| F|  |TAMS 0x0000000091b00000, 0x0000000091b00000| Untracked 
| 240|0x0000000091c00000, 0x0000000091c00000, 0x0000000091d00000|  0%| F|  |TAMS 0x0000000091c00000, 0x0000000091c00000| Untracked 
| 241|0x0000000091d00000, 0x0000000091d00000, 0x0000000091e00000|  0%| F|  |TAMS 0x0000000091d00000, 0x0000000091d00000| Untracked 
| 242|0x0000000091e00000, 0x0000000091e00000, 0x0000000091f00000|  0%| F|  |TAMS 0x0000000091e00000, 0x0000000091e00000| Untracked 
| 243|0x0000000091f00000, 0x0000000091f00000, 0x0000000092000000|  0%| F|  |TAMS 0x0000000091f00000, 0x0000000091f00000| Untracked 
| 244|0x0000000092000000, 0x0000000092000000, 0x0000000092100000|  0%| F|  |TAMS 0x0000000092000000, 0x0000000092000000| Untracked 

Card table byte_map: [0x000001acdb100000,0x000001acdb4f0000] _byte_map_base: 0x000001acdacea000

Marking Bits (Prev, Next): (CMBitMap*) 0x000001acc2712150, (CMBitMap*) 0x000001acc2712190
 Prev Bits: [0x000001acdb8e0000, 0x000001acdd830000)
 Next Bits: [0x000001acdd830000, 0x000001acdf780000)

Polling page: 0x000001acc27a0000

Metaspace:

Usage:
  Non-class:     27.66 MB used.
      Class:      3.53 MB used.
       Both:     31.19 MB used.

Virtual space:
  Non-class space:       32.00 MB reserved,      27.81 MB ( 87%) committed,  4 nodes.
      Class space:        1.00 GB reserved,       3.69 MB ( <1%) committed,  1 nodes.
             Both:        1.03 GB reserved,      31.50 MB (  3%) committed. 

Chunk freelists:
   Non-Class:  0 bytes
       Class:  285.00 KB
        Both:  285.00 KB

MaxMetaspaceSize: unlimited
CompressedClassSpaceSize: 1.00 GB
Initial GC threshold: 21.00 MB
Current GC threshold: 42.94 MB
CDS: on
MetaspaceReclaimPolicy: balanced
 - commit_granule_bytes: 65536.
 - commit_granule_words: 8192.
 - virtual_space_node_default_size: 1048576.
 - enlarge_chunks_in_place: 1.
 - new_chunks_are_fully_committed: 0.
 - uncommit_free_chunks: 1.
 - use_allocation_guard: 0.
 - handle_deallocations: 1.


Internal statistics:

num_allocs_failed_limit: 6.
num_arena_births: 262.
num_arena_deaths: 0.
num_vsnodes_births: 5.
num_vsnodes_deaths: 0.
num_space_committed: 504.
num_space_uncommitted: 0.
num_chunks_returned_to_freelist: 6.
num_chunks_taken_from_freelist: 1483.
num_chunk_merges: 6.
num_chunk_splits: 993.
num_chunks_enlarged: 730.
num_purges: 0.
num_inconsistent_stats: 0.

CodeHeap 'non-profiled nmethods': size=120000Kb used=4984Kb max_used=4984Kb free=115015Kb
 bounds [0x000001acd31b0000, 0x000001acd3690000, 0x000001acda6e0000]
CodeHeap 'profiled nmethods': size=120000Kb used=17937Kb max_used=17937Kb free=102063Kb
 bounds [0x000001accbc80000, 0x000001accce10000, 0x000001acd31b0000]
CodeHeap 'non-nmethods': size=5760Kb used=1213Kb max_used=1301Kb free=4546Kb
 bounds [0x000001accb6e0000, 0x000001accb950000, 0x000001accbc80000]
 total_blobs=8236 nmethods=7718 adapters=431
 compilation: enabled
              stopped_count=0, restarted_count=0
 full_count=0

Compilation events (20 events):
Event: 45.437 Thread 0x000001ace1dd3820 8529       3       com.sun.tools.javac.code.Directive$ExportsDirective::<init> (20 bytes)
Event: 45.437 Thread 0x000001ace1dd3820 nmethod 8529 0x000001acccdf7f10 code [0x000001acccdf80c0, 0x000001acccdf8398]
Event: 45.437 Thread 0x000001ace1dd3820 8533       3       com.sun.tools.javac.jvm.PoolReader::<init> (12 bytes)
Event: 45.438 Thread 0x000001ace1dd3820 nmethod 8533 0x000001acccdf8490 code [0x000001acccdf8640, 0x000001acccdf8978]
Event: 45.438 Thread 0x000001ace1dd3820 8534       3       com.sun.tools.javac.jvm.ClassReader$24::classNameMapper (17 bytes)
Event: 45.438 Thread 0x000001ace1dd3820 nmethod 8534 0x000001acccdf8a90 code [0x000001acccdf8c60, 0x000001acccdf8f78]
Event: 45.438 Thread 0x000001ace1dd3820 8530       3       com.sun.tools.javac.jvm.PoolReader::<init> (26 bytes)
Event: 45.438 Thread 0x000001ace1dd3820 nmethod 8530 0x000001acccdf9190 code [0x000001acccdf9340, 0x000001acccdf9618]
Event: 45.438 Thread 0x000001ace1dd3820 8536   !   3       com.sun.tools.javac.comp.Modules::completeModule (458 bytes)
Event: 45.444 Thread 0x000001ace1dd3820 nmethod 8536 0x000001acccdf9710 code [0x000001acccdf9e00, 0x000001acccdfe958]
Event: 45.445 Thread 0x000001ace1dd3820 8531       3       com.sun.tools.javac.jvm.ClassReader$8::read (113 bytes)
Event: 45.447 Thread 0x000001ace1dd3820 nmethod 8531 0x000001accce00010 code [0x000001accce00340, 0x000001accce01678]
Event: 45.448 Thread 0x000001ace1dd3820 8532       3       com.sun.tools.javac.jvm.ClassReader$SourceFileObject::<init> (10 bytes)
Event: 45.448 Thread 0x000001ace1dd3820 nmethod 8532 0x000001accce01f10 code [0x000001accce020a0, 0x000001accce02258]
Event: 45.505 Thread 0x000001ace1dd3820 8537   !   3       sun.nio.fs.WindowsLinkSupport::getFinalPath (175 bytes)
Event: 45.507 Thread 0x000001ace1dd3820 nmethod 8537 0x000001accce02310 code [0x000001accce02660, 0x000001accce039e8]
Event: 45.525 Thread 0x000001ace1dd3820 8538       3       jdk.nio.zipfs.ZipCoder$UTF8::getBytes (40 bytes)
Event: 45.527 Thread 0x000001ace1dd3820 nmethod 8538 0x000001accce04110 code [0x000001accce04360, 0x000001accce04cd8]
Event: 45.534 Thread 0x000001ace1dd3820 8539       3       java.util.Collections$SingletonMap::containsKey (9 bytes)
Event: 45.534 Thread 0x000001ace1dd3820 nmethod 8539 0x000001accce05090 code [0x000001accce05240, 0x000001accce05528]

GC Heap History (20 events):
Event: 25.140 GC heap after
{Heap after GC invocations=11 (full 0):
 garbage-first heap   total 86016K, used 30756K [0x0000000082c00000, 0x0000000100000000)
  region size 1024K, 1 young (1024K), 1 survivors (1024K)
 Metaspace       used 26131K, committed 26368K, reserved 1073152K
  class space    used 3010K, committed 3136K, reserved 1048576K
}
Event: 25.150 GC heap before
{Heap before GC invocations=11 (full 0):
 garbage-first heap   total 86016K, used 64548K [0x0000000082c00000, 0x0000000100000000)
  region size 1024K, 35 young (35840K), 1 survivors (1024K)
 Metaspace       used 26131K, committed 26368K, reserved 1073152K
  class space    used 3010K, committed 3136K, reserved 1048576K
}
Event: 25.151 GC heap after
{Heap after GC invocations=12 (full 0):
 garbage-first heap   total 86016K, used 30786K [0x0000000082c00000, 0x0000000100000000)
  region size 1024K, 1 young (1024K), 1 survivors (1024K)
 Metaspace       used 26131K, committed 26368K, reserved 1073152K
  class space    used 3010K, committed 3136K, reserved 1048576K
}
Event: 25.169 GC heap before
{Heap before GC invocations=12 (full 0):
 garbage-first heap   total 86016K, used 65602K [0x0000000082c00000, 0x0000000100000000)
  region size 1024K, 36 young (36864K), 1 survivors (1024K)
 Metaspace       used 26131K, committed 26368K, reserved 1073152K
  class space    used 3010K, committed 3136K, reserved 1048576K
}
Event: 25.175 GC heap after
{Heap after GC invocations=13 (full 0):
 garbage-first heap   total 250880K, used 30808K [0x0000000082c00000, 0x0000000100000000)
  region size 1024K, 1 young (1024K), 1 survivors (1024K)
 Metaspace       used 26131K, committed 26368K, reserved 1073152K
  class space    used 3010K, committed 3136K, reserved 1048576K
}
Event: 32.595 GC heap before
{Heap before GC invocations=14 (full 0):
 garbage-first heap   total 133120K, used 114776K [0x0000000082c00000, 0x0000000100000000)
  region size 1024K, 85 young (87040K), 1 survivors (1024K)
 Metaspace       used 27504K, committed 27904K, reserved 1081344K
  class space    used 3129K, committed 3328K, reserved 1048576K
}
Event: 32.626 GC heap after
{Heap after GC invocations=15 (full 0):
 garbage-first heap   total 133120K, used 44013K [0x0000000082c00000, 0x0000000100000000)
  region size 1024K, 14 young (14336K), 14 survivors (14336K)
 Metaspace       used 27504K, committed 27904K, reserved 1081344K
  class space    used 3129K, committed 3328K, reserved 1048576K
}
Event: 38.512 GC heap before
{Heap before GC invocations=15 (full 0):
 garbage-first heap   total 133120K, used 96237K [0x0000000082c00000, 0x0000000100000000)
  region size 1024K, 66 young (67584K), 14 survivors (14336K)
 Metaspace       used 29657K, committed 30080K, reserved 1081344K
  class space    used 3371K, committed 3584K, reserved 1048576K
}
Event: 38.535 GC heap after
{Heap after GC invocations=16 (full 0):
 garbage-first heap   total 133120K, used 46042K [0x0000000082c00000, 0x0000000100000000)
  region size 1024K, 2 young (2048K), 2 survivors (2048K)
 Metaspace       used 29657K, committed 30080K, reserved 1081344K
  class space    used 3371K, committed 3584K, reserved 1048576K
}
Event: 43.961 GC heap before
{Heap before GC invocations=16 (full 0):
 garbage-first heap   total 133120K, used 100314K [0x0000000082c00000, 0x0000000100000000)
  region size 1024K, 55 young (56320K), 2 survivors (2048K)
 Metaspace       used 31860K, committed 32192K, reserved 1081344K
  class space    used 3610K, committed 3776K, reserved 1048576K
}
Event: 43.981 GC heap after
{Heap after GC invocations=17 (full 0):
 garbage-first heap   total 133120K, used 47008K [0x0000000082c00000, 0x0000000100000000)
  region size 1024K, 4 young (4096K), 4 survivors (4096K)
 Metaspace       used 31860K, committed 32192K, reserved 1081344K
  class space    used 3610K, committed 3776K, reserved 1048576K
}
Event: 44.326 GC heap before
{Heap before GC invocations=17 (full 0):
 garbage-first heap   total 133120K, used 102304K [0x0000000082c00000, 0x0000000100000000)
  region size 1024K, 58 young (59392K), 4 survivors (4096K)
 Metaspace       used 31866K, committed 32192K, reserved 1081344K
  class space    used 3611K, committed 3776K, reserved 1048576K
}
Event: 44.337 GC heap after
{Heap after GC invocations=18 (full 0):
 garbage-first heap   total 133120K, used 48585K [0x0000000082c00000, 0x0000000100000000)
  region size 1024K, 5 young (5120K), 5 survivors (5120K)
 Metaspace       used 31866K, committed 32192K, reserved 1081344K
  class space    used 3611K, committed 3776K, reserved 1048576K
}
Event: 44.357 GC heap before
{Heap before GC invocations=18 (full 0):
 garbage-first heap   total 133120K, used 103881K [0x0000000082c00000, 0x0000000100000000)
  region size 1024K, 60 young (61440K), 5 survivors (5120K)
 Metaspace       used 31866K, committed 32192K, reserved 1081344K
  class space    used 3611K, committed 3776K, reserved 1048576K
}
Event: 44.367 GC heap after
{Heap after GC invocations=19 (full 0):
 garbage-first heap   total 133120K, used 48799K [0x0000000082c00000, 0x0000000100000000)
  region size 1024K, 4 young (4096K), 4 survivors (4096K)
 Metaspace       used 31866K, committed 32192K, reserved 1081344K
  class space    used 3611K, committed 3776K, reserved 1048576K
}
Event: 45.609 GC heap before
{Heap before GC invocations=19 (full 0):
 garbage-first heap   total 133120K, used 110239K [0x0000000082c00000, 0x0000000100000000)
  region size 1024K, 61 young (62464K), 4 survivors (4096K)
 Metaspace       used 31936K, committed 32256K, reserved 1081344K
  class space    used 3612K, committed 3776K, reserved 1048576K
}
Event: 45.627 GC heap after
{Heap after GC invocations=20 (full 0):
 garbage-first heap   total 133120K, used 61414K [0x0000000082c00000, 0x0000000100000000)
  region size 1024K, 8 young (8192K), 8 survivors (8192K)
 Metaspace       used 31936K, committed 32256K, reserved 1081344K
  class space    used 3612K, committed 3776K, reserved 1048576K
}
Event: 45.642 GC heap before
{Heap before GC invocations=20 (full 0):
 garbage-first heap   total 133120K, used 102374K [0x0000000082c00000, 0x0000000100000000)
  region size 1024K, 49 young (50176K), 8 survivors (8192K)
 Metaspace       used 31936K, committed 32256K, reserved 1081344K
  class space    used 3612K, committed 3776K, reserved 1048576K
}
Event: 45.653 GC heap after
{Heap after GC invocations=21 (full 0):
 garbage-first heap   total 133120K, used 61966K [0x0000000082c00000, 0x0000000100000000)
  region size 1024K, 1 young (1024K), 1 survivors (1024K)
 Metaspace       used 31936K, committed 32256K, reserved 1081344K
  class space    used 3612K, committed 3776K, reserved 1048576K
}
Event: 45.669 GC heap before
{Heap before GC invocations=21 (full 0):
 garbage-first heap   total 133120K, used 103950K [0x0000000082c00000, 0x0000000100000000)
  region size 1024K, 43 young (44032K), 1 survivors (1024K)
 Metaspace       used 31936K, committed 32256K, reserved 1081344K
  class space    used 3612K, committed 3776K, reserved 1048576K
}

Deoptimization events (20 events):
Event: 45.082 Thread 0x000001acc26d3cc0 Uncommon trap: trap_request=0xffffffde fr.pc=0x000001acd31ec9cc relative=0x000000000000088c
Event: 45.082 Thread 0x000001acc26d3cc0 Uncommon trap: reason=class_check action=maybe_recompile pc=0x000001acd31ec9cc method=jdk.internal.loader.URLClassPath.getLoader(I)Ljdk/internal/loader/URLClassPath$Loader; @ 88 c2
Event: 45.082 Thread 0x000001acc26d3cc0 DEOPT PACKING pc=0x000001acd31ec9cc sp=0x0000008e20bfcd00
Event: 45.082 Thread 0x000001acc26d3cc0 DEOPT UNPACKING pc=0x000001accb73239d sp=0x0000008e20bfcce0 mode 2
Event: 45.083 Thread 0x000001acc26d3cc0 Uncommon trap: trap_request=0xffffffde fr.pc=0x000001acd31ec9cc relative=0x000000000000088c
Event: 45.083 Thread 0x000001acc26d3cc0 Uncommon trap: reason=class_check action=maybe_recompile pc=0x000001acd31ec9cc method=jdk.internal.loader.URLClassPath.getLoader(I)Ljdk/internal/loader/URLClassPath$Loader; @ 88 c2
Event: 45.083 Thread 0x000001acc26d3cc0 DEOPT PACKING pc=0x000001acd31ec9cc sp=0x0000008e20bfcd00
Event: 45.083 Thread 0x000001acc26d3cc0 DEOPT UNPACKING pc=0x000001accb73239d sp=0x0000008e20bfcce0 mode 2
Event: 45.406 Thread 0x000001acc26d3cc0 Uncommon trap: trap_request=0xffffff45 fr.pc=0x000001acd35f4d64 relative=0x00000000000006a4
Event: 45.406 Thread 0x000001acc26d3cc0 Uncommon trap: reason=unstable_if action=reinterpret pc=0x000001acd35f4d64 method=com.sun.tools.javac.util.AbstractLog.useSource(Ljavax/tools/JavaFileObject;)Ljavax/tools/JavaFileObject; @ 4 c2
Event: 45.406 Thread 0x000001acc26d3cc0 DEOPT PACKING pc=0x000001acd35f4d64 sp=0x0000008e20bfd1c0
Event: 45.406 Thread 0x000001acc26d3cc0 DEOPT UNPACKING pc=0x000001accb73239d sp=0x0000008e20bfd1a8 mode 2
Event: 45.407 Thread 0x000001acc26d3cc0 Uncommon trap: trap_request=0xfffffff4 fr.pc=0x000001acd35c6bd4 relative=0x0000000000000414
Event: 45.407 Thread 0x000001acc26d3cc0 Uncommon trap: reason=null_check action=make_not_entrant pc=0x000001acd35c6bd4 method=com.sun.tools.javac.util.AbstractLog.getSource(Ljavax/tools/JavaFileObject;)Lcom/sun/tools/javac/util/DiagnosticSource; @ 18 c2
Event: 45.407 Thread 0x000001acc26d3cc0 DEOPT PACKING pc=0x000001acd35c6bd4 sp=0x0000008e20bfd160
Event: 45.407 Thread 0x000001acc26d3cc0 DEOPT UNPACKING pc=0x000001accb73239d sp=0x0000008e20bfd128 mode 2
Event: 45.408 Thread 0x000001acc26d3cc0 Uncommon trap: trap_request=0xffffff45 fr.pc=0x000001acd321ad80 relative=0x0000000000000080
Event: 45.408 Thread 0x000001acc26d3cc0 Uncommon trap: reason=unstable_if action=reinterpret pc=0x000001acd321ad80 method=com.sun.tools.javac.parser.UnicodeReader.isOneOf(CCC)Z @ 13 c2
Event: 45.408 Thread 0x000001acc26d3cc0 DEOPT PACKING pc=0x000001acd321ad80 sp=0x0000008e20bfcb70
Event: 45.408 Thread 0x000001acc26d3cc0 DEOPT UNPACKING pc=0x000001accb73239d sp=0x0000008e20bfcaf0 mode 2

Classes unloaded (0 events):
No events

Classes redefined (0 events):
No events

Internal exceptions (20 events):
Event: 43.136 Thread 0x000001acc26d3cc0 Exception <a 'sun/nio/fs/WindowsException'{0x0000000087a3d728}> (0x0000000087a3d728) 
thrown [t:\workspace\open\src\hotspot\share\prims\jni.cpp, line 516]
Event: 43.171 Thread 0x000001acc26d3cc0 Exception <a 'sun/nio/fs/WindowsException'{0x0000000087a96378}> (0x0000000087a96378) 
thrown [t:\workspace\open\src\hotspot\share\prims\jni.cpp, line 516]
Event: 43.171 Thread 0x000001acc26d3cc0 Exception <a 'sun/nio/fs/WindowsException'{0x0000000087a96a30}> (0x0000000087a96a30) 
thrown [t:\workspace\open\src\hotspot\share\prims\jni.cpp, line 516]
Event: 43.171 Thread 0x000001acc26d3cc0 Exception <a 'sun/nio/fs/WindowsException'{0x0000000087a972c0}> (0x0000000087a972c0) 
thrown [t:\workspace\open\src\hotspot\share\prims\jni.cpp, line 516]
Event: 44.056 Thread 0x000001acc26d3cc0 Exception <a 'sun/nio/fs/WindowsException'{0x000000009207e5e0}> (0x000000009207e5e0) 
thrown [t:\workspace\open\src\hotspot\share\prims\jni.cpp, line 516]
Event: 44.056 Thread 0x000001acc26d3cc0 Exception <a 'sun/nio/fs/WindowsException'{0x000000009207ec30}> (0x000000009207ec30) 
thrown [t:\workspace\open\src\hotspot\share\prims\jni.cpp, line 516]
Event: 44.086 Thread 0x000001acc26d3cc0 Exception <a 'sun/nio/fs/WindowsException'{0x00000000920938b0}> (0x00000000920938b0) 
thrown [t:\workspace\open\src\hotspot\share\prims\jni.cpp, line 516]
Event: 45.042 Thread 0x000001acc26d3cc0 Exception <a 'sun/nio/fs/WindowsException'{0x00000000893fc6f8}> (0x00000000893fc6f8) 
thrown [t:\workspace\open\src\hotspot\share\prims\jni.cpp, line 516]
Event: 45.042 Thread 0x000001acc26d3cc0 Exception <a 'sun/nio/fs/WindowsException'{0x00000000893fc958}> (0x00000000893fc958) 
thrown [t:\workspace\open\src\hotspot\share\prims\jni.cpp, line 516]
Event: 45.043 Thread 0x000001acc26d3cc0 Implicit null exception at 0x000001acd34b92f4 to 0x000001acd34b96cc
Event: 45.051 Thread 0x000001acc26d3cc0 Exception <a 'sun/nio/fs/WindowsException'{0x0000000089289700}> (0x0000000089289700) 
thrown [t:\workspace\open\src\hotspot\share\prims\jni.cpp, line 516]
Event: 45.051 Thread 0x000001acc26d3cc0 Exception <a 'sun/nio/fs/WindowsException'{0x0000000089289910}> (0x0000000089289910) 
thrown [t:\workspace\open\src\hotspot\share\prims\jni.cpp, line 516]
Event: 45.406 Thread 0x000001acc26d3cc0 Implicit null exception at 0x000001acd35f46f3 to 0x000001acd35f4d4c
Event: 45.406 Thread 0x000001acc26d3cc0 Implicit null exception at 0x000001acd35c6823 to 0x000001acd35c6bc0
Event: 45.408 Thread 0x000001acc26d3cc0 Exception <a 'sun/nio/fs/WindowsException'{0x0000000088bcaa40}> (0x0000000088bcaa40) 
thrown [t:\workspace\open\src\hotspot\share\prims\jni.cpp, line 516]
Event: 45.408 Thread 0x000001acc26d3cc0 Exception <a 'sun/nio/fs/WindowsException'{0x0000000088bcacc0}> (0x0000000088bcacc0) 
thrown [t:\workspace\open\src\hotspot\share\prims\jni.cpp, line 516]
Event: 45.409 Thread 0x000001acc26d3cc0 Exception <a 'sun/nio/fs/WindowsException'{0x0000000088bcbcf8}> (0x0000000088bcbcf8) 
thrown [t:\workspace\open\src\hotspot\share\prims\jni.cpp, line 516]
Event: 45.409 Thread 0x000001acc26d3cc0 Exception <a 'sun/nio/fs/WindowsException'{0x0000000088bcc040}> (0x0000000088bcc040) 
thrown [t:\workspace\open\src\hotspot\share\prims\jni.cpp, line 516]
Event: 45.409 Thread 0x000001acc26d3cc0 Exception <a 'sun/nio/fs/WindowsException'{0x0000000088bcd118}> (0x0000000088bcd118) 
thrown [t:\workspace\open\src\hotspot\share\prims\jni.cpp, line 516]
Event: 45.409 Thread 0x000001acc26d3cc0 Exception <a 'sun/nio/fs/WindowsException'{0x0000000088bcd3b8}> (0x0000000088bcd3b8) 
thrown [t:\workspace\open\src\hotspot\share\prims\jni.cpp, line 516]

VM Operations (20 events):
Event: 41.820 Executing VM operation: ICBufferFull done
Event: 42.218 Executing VM operation: ICBufferFull
Event: 42.218 Executing VM operation: ICBufferFull done
Event: 42.854 Executing VM operation: ICBufferFull
Event: 42.855 Executing VM operation: ICBufferFull done
Event: 43.868 Executing VM operation: Cleanup
Event: 43.869 Executing VM operation: Cleanup done
Event: 43.960 Executing VM operation: G1CollectForAllocation
Event: 43.981 Executing VM operation: G1CollectForAllocation done
Event: 44.326 Executing VM operation: G1CollectForAllocation
Event: 44.337 Executing VM operation: G1CollectForAllocation done
Event: 44.357 Executing VM operation: G1CollectForAllocation
Event: 44.367 Executing VM operation: G1CollectForAllocation done
Event: 45.372 Executing VM operation: Cleanup
Event: 45.372 Executing VM operation: Cleanup done
Event: 45.609 Executing VM operation: G1CollectForAllocation
Event: 45.627 Executing VM operation: G1CollectForAllocation done
Event: 45.642 Executing VM operation: G1CollectForAllocation
Event: 45.653 Executing VM operation: G1CollectForAllocation done
Event: 45.669 Executing VM operation: G1CollectForAllocation

Events (20 events):
Event: 40.876 loading class java/util/stream/Node$Builder$OfInt
Event: 40.876 loading class java/util/stream/Node$Builder$OfInt done
Event: 40.876 loading class java/util/stream/Nodes$IntArrayNode
Event: 40.876 loading class java/util/stream/Nodes$IntArrayNode done
Event: 40.877 loading class java/util/stream/Nodes$IntFixedNodeBuilder done
Event: 40.877 loading class java/util/stream/ReferencePipeline$4$1
Event: 40.877 loading class java/util/stream/ReferencePipeline$4$1 done
Event: 41.902 loading class java/util/stream/ReduceOps$2
Event: 41.902 loading class java/util/stream/ReduceOps$2 done
Event: 41.902 loading class java/util/stream/ReduceOps$2ReducingSink
Event: 41.903 loading class java/util/stream/ReduceOps$2ReducingSink done
Event: 42.126 loading class java/io/DataOutputStream
Event: 42.126 loading class java/io/DataOutputStream done
Event: 43.222 loading class java/util/EnumMap$Values
Event: 43.226 loading class java/util/EnumMap$Values done
Event: 43.228 loading class java/util/EnumMap$ValueIterator
Event: 43.228 loading class java/util/EnumMap$ValueIterator done
Event: 43.239 loading class java/util/WeakHashMap$KeyIterator
Event: 43.239 loading class java/util/WeakHashMap$KeyIterator done
Event: 44.227 Thread 0x000001ace40a6210 Thread exited: 0x000001ace40a6210


Dynamic libraries:
0x00007ff7a0a70000 - 0x00007ff7a0a7e000 	C:\Program Files\jdk-17\bin\java.exe
0x00007ff833770000 - 0x00007ff833987000 	C:\WINDOWS\SYSTEM32\ntdll.dll
0x00007ff832390000 - 0x00007ff832454000 	C:\WINDOWS\System32\KERNEL32.DLL
0x00007ff830cb0000 - 0x00007ff831069000 	C:\WINDOWS\System32\KERNELBASE.dll
0x00007ff831340000 - 0x00007ff831451000 	C:\WINDOWS\System32\ucrtbase.dll
0x00007ff817f60000 - 0x00007ff817f7a000 	C:\Program Files\jdk-17\bin\VCRUNTIME140.dll
0x00007ff817f40000 - 0x00007ff817f58000 	C:\Program Files\jdk-17\bin\jli.dll
0x00007ff8321e0000 - 0x00007ff83238e000 	C:\WINDOWS\System32\USER32.dll
0x00007ff831460000 - 0x00007ff831486000 	C:\WINDOWS\System32\win32u.dll
0x00007ff831b90000 - 0x00007ff831bb9000 	C:\WINDOWS\System32\GDI32.dll
0x00007ff8310e0000 - 0x00007ff8311fb000 	C:\WINDOWS\System32\gdi32full.dll
0x00007ff830c10000 - 0x00007ff830caa000 	C:\WINDOWS\System32\msvcp_win.dll
0x00007ff8139b0000 - 0x00007ff813c42000 	C:\WINDOWS\WinSxS\amd64_microsoft.windows.common-controls_6595b64144ccf1df_6.0.22621.4391_none_2715d37f73803e96\COMCTL32.dll
0x00007ff831920000 - 0x00007ff8319c7000 	C:\WINDOWS\System32\msvcrt.dll
0x00007ff832f70000 - 0x00007ff832fa1000 	C:\WINDOWS\System32\IMM32.DLL
0x00007ff82a0b0000 - 0x00007ff82a0bc000 	C:\Program Files\jdk-17\bin\vcruntime140_1.dll
0x00007ff80b350000 - 0x00007ff80b3dd000 	C:\Program Files\jdk-17\bin\msvcp140.dll
0x00007fffe3d30000 - 0x00007fffe48ee000 	C:\Program Files\jdk-17\bin\server\jvm.dll
0x00007ff831d80000 - 0x00007ff831e32000 	C:\WINDOWS\System32\ADVAPI32.dll
0x00007ff832e60000 - 0x00007ff832f07000 	C:\WINDOWS\System32\sechost.dll
0x00007ff830a70000 - 0x00007ff830a98000 	C:\WINDOWS\System32\bcrypt.dll
0x00007ff8320c0000 - 0x00007ff8321d4000 	C:\WINDOWS\System32\RPCRT4.dll
0x00007ff831910000 - 0x00007ff831918000 	C:\WINDOWS\System32\PSAPI.DLL
0x00007ff803690000 - 0x00007ff803699000 	C:\WINDOWS\SYSTEM32\WSOCK32.dll
0x00007ff832460000 - 0x00007ff8324d1000 	C:\WINDOWS\System32\WS2_32.dll
0x00007ff8292d0000 - 0x00007ff829304000 	C:\WINDOWS\SYSTEM32\WINMM.dll
0x00007ff821720000 - 0x00007ff82172a000 	C:\WINDOWS\SYSTEM32\VERSION.dll
0x00007ff82fa70000 - 0x00007ff82fa88000 	C:\WINDOWS\SYSTEM32\kernel.appcore.dll
0x00007ff828520000 - 0x00007ff82852a000 	C:\Program Files\jdk-17\bin\jimage.dll
0x00007ff82e2a0000 - 0x00007ff82e4d2000 	C:\WINDOWS\SYSTEM32\DBGHELP.DLL
0x00007ff8333a0000 - 0x00007ff83372f000 	C:\WINDOWS\System32\combase.dll
0x00007ff8319d0000 - 0x00007ff831aa7000 	C:\WINDOWS\System32\OLEAUT32.dll
0x00007ff8133d0000 - 0x00007ff813402000 	C:\WINDOWS\SYSTEM32\dbgcore.DLL
0x00007ff8312c0000 - 0x00007ff83133b000 	C:\WINDOWS\System32\bcryptPrimitives.dll
0x00007ff80b750000 - 0x00007ff80b75e000 	C:\Program Files\jdk-17\bin\instrument.dll
0x00007ff80c740000 - 0x00007ff80c765000 	C:\Program Files\jdk-17\bin\java.dll
0x00007fffe61b0000 - 0x00007fffe6286000 	C:\Program Files\jdk-17\bin\svml.dll
0x00007ff8324e0000 - 0x00007ff832d56000 	C:\WINDOWS\System32\SHELL32.dll
0x00007ff82e960000 - 0x00007ff82f263000 	C:\WINDOWS\SYSTEM32\windows.storage.dll
0x00007ff82e820000 - 0x00007ff82e95f000 	C:\WINDOWS\SYSTEM32\wintypes.dll
0x00007ff832d60000 - 0x00007ff832e59000 	C:\WINDOWS\System32\SHCORE.dll
0x00007ff832f10000 - 0x00007ff832f6e000 	C:\WINDOWS\System32\shlwapi.dll
0x00007ff8309a0000 - 0x00007ff8309cb000 	C:\WINDOWS\SYSTEM32\profapi.dll
0x00007ff80c630000 - 0x00007ff80c648000 	C:\Program Files\jdk-17\bin\zip.dll
0x00007ff80c690000 - 0x00007ff80c6a9000 	C:\Program Files\jdk-17\bin\net.dll
0x00007ff82b8d0000 - 0x00007ff82ba06000 	C:\WINDOWS\SYSTEM32\WINHTTP.dll
0x00007ff82fef0000 - 0x00007ff82ff59000 	C:\WINDOWS\system32\mswsock.dll
0x00007ff80c650000 - 0x00007ff80c665000 	C:\Program Files\jdk-17\bin\nio.dll
0x00007ff80b720000 - 0x00007ff80b73a000 	C:\Program Files\JetBrains\IntelliJ IDEA 2024.2.4\bin\breakgen64.dll
0x00007ff80ae70000 - 0x00007ff80ae94000 	C:\Users\jhoan\AppData\Local\Temp\jansi-2.4.1-ab3ad0120f0a8d09-jansi.dll
0x00007ff803680000 - 0x00007ff803690000 	C:\Program Files\jdk-17\bin\verify.dll
0x00007ff82fb90000 - 0x00007ff82fbc4000 	C:\WINDOWS\SYSTEM32\ntmarta.dll

dbghelp: loaded successfully - version: 4.0.5 - missing functions: none
symbol engine: initialized successfully - sym options: 0x614 - pdb path: .;C:\Program Files\jdk-17\bin;C:\WINDOWS\SYSTEM32;C:\WINDOWS\WinSxS\amd64_microsoft.windows.common-controls_6595b64144ccf1df_6.0.22621.4391_none_2715d37f73803e96;C:\Program Files\jdk-17\bin\server;C:\Program Files\JetBrains\IntelliJ IDEA 2024.2.4\bin;C:\Users\jhoan\AppData\Local\Temp

VM Arguments:
jvm_args: -Dmaven.multiModuleProjectDirectory=D:\work\guerrasOlvidadas -Djansi.passthrough=true -Dmaven.home=C:\Users\jhoan\.m2\wrapper\dists\apache-maven-3.9.9-bin\4nf9hui3q3djbarqar9g711ggc\apache-maven-3.9.9 -Dclassworlds.conf=C:\Users\jhoan\.m2\wrapper\dists\apache-maven-3.9.9-bin\4nf9hui3q3djbarqar9g711ggc\apache-maven-3.9.9\bin\m2.conf -Dmaven.ext.class.path=C:\Program Files\JetBrains\IntelliJ IDEA 2024.2.4\plugins\maven\lib\maven-event-listener.jar -javaagent:C:\Program Files\JetBrains\IntelliJ IDEA 2024.2.4\lib\idea_rt.jar=61237:C:\Program Files\JetBrains\IntelliJ IDEA 2024.2.4\bin -Dfile.encoding=UTF-8 
java_command: org.codehaus.classworlds.Launcher -Didea.version=2024.3 install
java_class_path (initial): C:\Users\jhoan\.m2\wrapper\dists\apache-maven-3.9.9-bin\4nf9hui3q3djbarqar9g711ggc\apache-maven-3.9.9\boot\plexus-classworlds-2.8.0.jar;C:\Users\jhoan\.m2\wrapper\dists\apache-maven-3.9.9-bin\4nf9hui3q3djbarqar9g711ggc\apache-maven-3.9.9\boot\plexus-classworlds.license
Launcher Type: SUN_STANDARD

[Global flags]
     intx CICompilerCount                          = 3                                         {product} {ergonomic}
     uint ConcGCThreads                            = 1                                         {product} {ergonomic}
     uint G1ConcRefinementThreads                  = 4                                         {product} {ergonomic}
   size_t G1HeapRegionSize                         = 1048576                                   {product} {ergonomic}
    uintx GCDrainStackTargetSize                   = 64                                        {product} {ergonomic}
   size_t InitialHeapSize                          = 132120576                                 {product} {ergonomic}
   size_t MarkStackSize                            = 4194304                                   {product} {ergonomic}
   size_t MaxHeapSize                              = 2101346304                                {product} {ergonomic}
   size_t MaxNewSize                               = 1260388352                                {product} {ergonomic}
   size_t MinHeapDeltaBytes                        = 1048576                                   {product} {ergonomic}
   size_t MinHeapSize                              = 8388608                                   {product} {ergonomic}
    uintx NonNMethodCodeHeapSize                   = 5832780                                {pd product} {ergonomic}
    uintx NonProfiledCodeHeapSize                  = 122912730                              {pd product} {ergonomic}
    uintx ProfiledCodeHeapSize                     = 122912730                              {pd product} {ergonomic}
    uintx ReservedCodeCacheSize                    = 251658240                              {pd product} {ergonomic}
     bool SegmentedCodeCache                       = true                                      {product} {ergonomic}
   size_t SoftMaxHeapSize                          = 2101346304                             {manageable} {ergonomic}
     bool UseCompressedClassPointers               = true                           {product lp64_product} {ergonomic}
     bool UseCompressedOops                        = true                           {product lp64_product} {ergonomic}
     bool UseG1GC                                  = true                                      {product} {ergonomic}
     bool UseLargePagesIndividualAllocation        = false                                  {pd product} {ergonomic}

Logging:
Log output configuration:
 #0: stdout all=warning uptime,level,tags
 #1: stderr all=off uptime,level,tags

Environment Variables:
JAVA_HOME=C:\Program Files\jdk-17
PATH=C:\Program Files\jdk-17\bin;C:\Program Files\apache-maven-3.9.9\bin;C:\Program Files\WezTerm;C:\Program Files\nodejs\;C:\ProgramData\chocolatey\bin;C:\Program Files\Docker\Docker\resources\bin;C:\Program Files (x86)\Microsoft SQL Server\160\Tools\Binn\;C:\Program Files\Microsoft SQL Server\160\Tools\Binn\;C:\Program Files\Microsoft SQL Server\Client SDK\ODBC\170\Tools\Binn\;C:\Program Files\Microsoft SQL Server\160\DTS\Binn\;C:\Program Files (x86)\Microsoft SQL Server\160\DTS\Binn\;C:\Program Files\Git\bin;C:\Program Files\MySQL\MySQL Shell 8.0\bin\;C:\Users\jhoan\AppData\Local\Microsoft\WindowsApps;C:\Users\jhoan\AppData\Local\Programs\oh-my-posh\bin;C:\Users\jhoan\AppData\Local\Microsoft\WinGet\Packages\Schniz.fnm_Microsoft.Winget.Source_8wekyb3d8bbwe;C:\Users\jhoan\AppData\Roaming\Composer\vendor\bin;C:\Users\jhoan\AppData\Local\Programs\Microsoft VS Code\bin;C:\Users\jhoan\AppData\Roaming\npm
USERNAME=jhoan
OS=Windows_NT
PROCESSOR_IDENTIFIER=Intel64 Family 6 Model 142 Stepping 12, GenuineIntel



---------------  S Y S T E M  ---------------

OS:
 Windows 10 , 64 bit Build 22621 (10.0.22621.4391)
OS uptime: 0 days 10:20 hours
Hyper-V role detected

CPU: total 4 (initial active 4) (2 cores per cpu, 2 threads per core) family 6 model 142 stepping 12 microcode 0xf8, cx8, cmov, fxsr, ht, mmx, 3dnowpref, sse, sse2, sse3, ssse3, sse4.1, sse4.2, popcnt, lzcnt, tsc, tscinvbit, aes, erms, clmul, clflush, clflushopt, hv

Memory: 4k page, system-wide physical 8015M (403M free)
TotalPageFile size 12111M (AvailPageFile size 21M)
current process WorkingSet (physical memory assigned to process): 281M, peak: 286M
current process commit charge ("private bytes"): 426M, peak: 507M

vm_info: OpenJDK 64-Bit Server VM (17+35-2724) for windows-amd64 JRE (17+35-2724), built on Aug  5 2021 23:26:02 by "mach5one" with MS VC++ 16.8 (VS2019)

END.
