#
# There is insufficient memory for the Java Runtime Environment to continue.
# Native memory allocation (malloc) failed to allocate 279456 bytes for Chunk::new
# Possible reasons:
#   The system is out of physical RAM or swap space
#   The process is running with CompressedOops enabled, and the Java Heap may be blocking the growth of the native heap
# Possible solutions:
#   Reduce memory load on the system
#   Increase physical memory or swap space
#   Check if swap backing store is full
#   Decrease Java heap size (-Xmx/-Xms)
#   Decrease number of Java threads
#   Decrease Java thread stack sizes (-Xss)
#   Set larger code cache with -XX:ReservedCodeCacheSize=
#   JVM is running with Unscaled Compressed Oops mode in which the Java heap is
#     placed in the first 4GB address space. The Java Heap base address is the
#     maximum limit for the native heap growth. Please use -XX:HeapBaseMinAddress
#     to set the Java Heap base and to place the Java Heap above 4GB virtual address.
# This output file may be truncated or incomplete.
#
#  Out of Memory Error (arena.cpp:189), pid=12860, tid=8148
#
# JRE version: OpenJDK Runtime Environment (17.0+35) (build 17+35-2724)
# Java VM: OpenJDK 64-Bit Server VM (17+35-2724, mixed mode, sharing, tiered, compressed oops, compressed class ptrs, g1 gc, windows-amd64)
# No core dump will be written. Minidumps are not enabled by default on client versions of Windows
#

---------------  S U M M A R Y ------------

Command Line: -javaagent:C:\Program Files\JetBrains\IntelliJ IDEA 2024.2.4\lib\idea_rt.jar=57737:C:\Program Files\JetBrains\IntelliJ IDEA 2024.2.4\bin -Dfile.encoding=UTF-8 com.jimsimrodev.guerrasOlvidadas.GuerrasOlvidadasApplication

Host: Intel(R) Pentium(R) CPU 6405U @ 2.40GHz, 4 cores, 7G,  Windows 10 , 64 bit Build 22621 (10.0.22621.4391)
Time: Thu Nov 21 17:48:43 2024 Hora est. Pacífico, Sudamérica elapsed time: 1.250857 seconds (0d 0h 0m 1s)

---------------  T H R E A D  ---------------

Current thread (0x000001e332d6ce00):  JavaThread "C2 CompilerThread0" daemon [_thread_in_native, id=8148, stack(0x0000004b8eb00000,0x0000004b8ec00000)]


Current CompileTask:
C2:   1250  904       4       java.util.jar.JarFile::getEntry (35 bytes)

Stack: [0x0000004b8eb00000,0x0000004b8ec00000]
Native frames: (J=compiled Java code, j=interpreted, Vv=VM code, C=native code)
V  [jvm.dll+0x66f8ea]
V  [jvm.dll+0x7ce224]
V  [jvm.dll+0x7cf9ce]
V  [jvm.dll+0x7d0033]
V  [jvm.dll+0x242bb5]
V  [jvm.dll+0xaa05b]
V  [jvm.dll+0xaa5ec]
V  [jvm.dll+0x2a954f]
V  [jvm.dll+0x5784b9]
V  [jvm.dll+0x21de2d]
V  [jvm.dll+0x217381]
V  [jvm.dll+0x214fb5]
V  [jvm.dll+0x1a168d]
V  [jvm.dll+0x2248f8]
V  [jvm.dll+0x222a5c]
V  [jvm.dll+0x78422b]
V  [jvm.dll+0x77e7ea]
V  [jvm.dll+0x66e715]
C  [ucrtbase.dll+0x29333]
C  [KERNEL32.DLL+0x1259d]
C  [ntdll.dll+0x5af38]


---------------  P R O C E S S  ---------------

Threads class SMR info:
_java_thread_list=0x000001e333ea39b0, length=14, elements={
0x000001e3156811b0, 0x000001e332d54250, 0x000001e332d550c0, 0x000001e332d68050,
0x000001e332d68c00, 0x000001e332d6b6c0, 0x000001e332d6c070, 0x000001e332d6ce00,
0x000001e332d6f570, 0x000001e332d76e70, 0x000001e333876380, 0x000001e333ac6290,
0x000001e333ea6360, 0x000001e333f19540
}

Java Threads: ( => current thread )
  0x000001e3156811b0 JavaThread "main" [_thread_in_Java, id=6704, stack(0x0000004b8de00000,0x0000004b8df00000)]
  0x000001e332d54250 JavaThread "Reference Handler" daemon [_thread_blocked, id=7404, stack(0x0000004b8e500000,0x0000004b8e600000)]
  0x000001e332d550c0 JavaThread "Finalizer" daemon [_thread_blocked, id=7396, stack(0x0000004b8e600000,0x0000004b8e700000)]
  0x000001e332d68050 JavaThread "Signal Dispatcher" daemon [_thread_blocked, id=13060, stack(0x0000004b8e700000,0x0000004b8e800000)]
  0x000001e332d68c00 JavaThread "Attach Listener" daemon [_thread_in_native, id=7948, stack(0x0000004b8e800000,0x0000004b8e900000)]
  0x000001e332d6b6c0 JavaThread "Service Thread" daemon [_thread_blocked, id=12620, stack(0x0000004b8e900000,0x0000004b8ea00000)]
  0x000001e332d6c070 JavaThread "Monitor Deflation Thread" daemon [_thread_blocked, id=4252, stack(0x0000004b8ea00000,0x0000004b8eb00000)]
=>0x000001e332d6ce00 JavaThread "C2 CompilerThread0" daemon [_thread_in_native, id=8148, stack(0x0000004b8eb00000,0x0000004b8ec00000)]
  0x000001e332d6f570 JavaThread "C1 CompilerThread0" daemon [_thread_in_native, id=80, stack(0x0000004b8ec00000,0x0000004b8ed00000)]
  0x000001e332d76e70 JavaThread "Sweeper thread" daemon [_thread_blocked, id=10588, stack(0x0000004b8ed00000,0x0000004b8ee00000)]
  0x000001e333876380 JavaThread "Common-Cleaner" daemon [_thread_blocked, id=14012, stack(0x0000004b8ee00000,0x0000004b8ef00000)]
  0x000001e333ac6290 JavaThread "C2 CompilerThread1" daemon [_thread_in_native, id=7460, stack(0x0000004b8ef00000,0x0000004b8f000000)]
  0x000001e333ea6360 JavaThread "Monitor Ctrl-Break" daemon [_thread_in_native, id=7688, stack(0x0000004b8f000000,0x0000004b8f100000)]
  0x000001e333f19540 JavaThread "Notification Thread" daemon [_thread_blocked, id=9188, stack(0x0000004b8f100000,0x0000004b8f200000)]

Other Threads:
  0x000001e332d4eeb0 VMThread "VM Thread" [stack: 0x0000004b8e400000,0x0000004b8e500000] [id=12476]
  0x000001e333ea6830 WatcherThread [stack: 0x0000004b8f200000,0x0000004b8f300000] [id=7608]
  0x000001e3156bf2b0 GCTaskThread "GC Thread#0" [stack: 0x0000004b8df00000,0x0000004b8e000000] [id=11768]
  0x000001e333fdada0 GCTaskThread "GC Thread#1" [stack: 0x0000004b8f300000,0x0000004b8f400000] [id=13572]
  0x000001e333fdb050 GCTaskThread "GC Thread#2" [stack: 0x0000004b8f400000,0x0000004b8f500000] [id=11580]
  0x000001e333dd6d90 GCTaskThread "GC Thread#3" [stack: 0x0000004b8f500000,0x0000004b8f600000] [id=3060]
  0x000001e3156d0c80 ConcurrentGCThread "G1 Main Marker" [stack: 0x0000004b8e000000,0x0000004b8e100000] [id=1968]
  0x000001e3156d1690 ConcurrentGCThread "G1 Conc#0" [stack: 0x0000004b8e100000,0x0000004b8e200000] [id=9164]
  0x000001e332c10090 ConcurrentGCThread "G1 Refine#0" [stack: 0x0000004b8e200000,0x0000004b8e300000] [id=1092]
  0x000001e334023c70 ConcurrentGCThread "G1 Refine#1" [stack: 0x0000004b8f600000,0x0000004b8f700000] [id=13996]
  0x000001e332c10ab0 ConcurrentGCThread "G1 Service" [stack: 0x0000004b8e300000,0x0000004b8e400000] [id=4348]

Threads with active compile tasks:
C2 CompilerThread0     1285  904       4       java.util.jar.JarFile::getEntry (35 bytes)
C1 CompilerThread0     1285  977       3       jdk.internal.jimage.ImageLocation::verify (218 bytes)
C2 CompilerThread1     1285  944   !   4       jdk.internal.loader.URLClassPath$JarLoader::getResource (65 bytes)

VM state: not at safepoint (normal execution)

VM Mutex/Monitor currently owned by a thread: None

Heap address: 0x0000000082c00000, size: 2004 MB, Compressed Oops mode: 32-bit

CDS archive(s) mapped at: [0x0000000800000000-0x0000000800bc0000-0x0000000800bc0000), size 12320768, SharedBaseAddress: 0x0000000800000000, ArchiveRelocationMode: 0.
Compressed class space mapped at: 0x0000000800c00000-0x0000000840c00000, reserved size: 1073741824
Narrow klass base: 0x0000000800000000, Narrow klass shift: 0, Narrow klass range: 0x100000000

GC Precious Log:
 CPUs: 4 total, 4 available
 Memory: 8015M
 Large Page Support: Disabled
 NUMA Support: Disabled
 Compressed Oops: Enabled (32-bit)
 Heap Region Size: 1M
 Heap Min Capacity: 8M
 Heap Initial Capacity: 126M
 Heap Max Capacity: 2004M
 Pre-touch: Disabled
 Parallel Workers: 4
 Concurrent Workers: 1
 Concurrent Refinement Workers: 4
 Periodic GC: Disabled

Heap:
 garbage-first heap   total 129024K, used 9027K [0x0000000082c00000, 0x0000000100000000)
  region size 1024K, 5 young (5120K), 2 survivors (2048K)
 Metaspace       used 5568K, committed 5760K, reserved 1056768K
  class space    used 583K, committed 704K, reserved 1048576K

Heap Regions: E=young(eden), S=young(survivor), O=old, HS=humongous(starts), HC=humongous(continues), CS=collection set, F=free, OA=open archive, CA=closed archive, TAMS=top-at-mark-start (previous, next)
|   0|0x0000000082c00000, 0x0000000082d00000, 0x0000000082d00000|100%|HS|  |TAMS 0x0000000082c00000, 0x0000000082c00000| Complete 
|   1|0x0000000082d00000, 0x0000000082e00000, 0x0000000082e00000|100%| O|  |TAMS 0x0000000082d00000, 0x0000000082d00000| Untracked 
|   2|0x0000000082e00000, 0x0000000082f00000, 0x0000000082f00000|100%| O|  |TAMS 0x0000000082e00000, 0x0000000082e00000| Untracked 
|   3|0x0000000082f00000, 0x0000000083000000, 0x0000000083000000|100%| O|  |TAMS 0x0000000082f00000, 0x0000000082f00000| Untracked 
|   4|0x0000000083000000, 0x00000000830d0c00, 0x0000000083100000| 81%| O|  |TAMS 0x0000000083000000, 0x0000000083000000| Untracked 
|   5|0x0000000083100000, 0x0000000083100000, 0x0000000083200000|  0%| F|  |TAMS 0x0000000083100000, 0x0000000083100000| Untracked 
|   6|0x0000000083200000, 0x0000000083200000, 0x0000000083300000|  0%| F|  |TAMS 0x0000000083200000, 0x0000000083200000| Untracked 
|   7|0x0000000083300000, 0x0000000083300000, 0x0000000083400000|  0%| F|  |TAMS 0x0000000083300000, 0x0000000083300000| Untracked 
|   8|0x0000000083400000, 0x0000000083400000, 0x0000000083500000|  0%| F|  |TAMS 0x0000000083400000, 0x0000000083400000| Untracked 
|   9|0x0000000083500000, 0x0000000083500000, 0x0000000083600000|  0%| F|  |TAMS 0x0000000083500000, 0x0000000083500000| Untracked 
|  10|0x0000000083600000, 0x0000000083600000, 0x0000000083700000|  0%| F|  |TAMS 0x0000000083600000, 0x0000000083600000| Untracked 
|  11|0x0000000083700000, 0x0000000083700000, 0x0000000083800000|  0%| F|  |TAMS 0x0000000083700000, 0x0000000083700000| Untracked 
|  12|0x0000000083800000, 0x0000000083800000, 0x0000000083900000|  0%| F|  |TAMS 0x0000000083800000, 0x0000000083800000| Untracked 
|  13|0x0000000083900000, 0x0000000083900000, 0x0000000083a00000|  0%| F|  |TAMS 0x0000000083900000, 0x0000000083900000| Untracked 
|  14|0x0000000083a00000, 0x0000000083a00000, 0x0000000083b00000|  0%| F|  |TAMS 0x0000000083a00000, 0x0000000083a00000| Untracked 
|  15|0x0000000083b00000, 0x0000000083b00000, 0x0000000083c00000|  0%| F|  |TAMS 0x0000000083b00000, 0x0000000083b00000| Untracked 
|  16|0x0000000083c00000, 0x0000000083c00000, 0x0000000083d00000|  0%| F|  |TAMS 0x0000000083c00000, 0x0000000083c00000| Untracked 
|  17|0x0000000083d00000, 0x0000000083d00000, 0x0000000083e00000|  0%| F|  |TAMS 0x0000000083d00000, 0x0000000083d00000| Untracked 
|  18|0x0000000083e00000, 0x0000000083e00000, 0x0000000083f00000|  0%| F|  |TAMS 0x0000000083e00000, 0x0000000083e00000| Untracked 
|  19|0x0000000083f00000, 0x0000000083f00000, 0x0000000084000000|  0%| F|  |TAMS 0x0000000083f00000, 0x0000000083f00000| Untracked 
|  20|0x0000000084000000, 0x0000000084000000, 0x0000000084100000|  0%| F|  |TAMS 0x0000000084000000, 0x0000000084000000| Untracked 
|  21|0x0000000084100000, 0x0000000084100000, 0x0000000084200000|  0%| F|  |TAMS 0x0000000084100000, 0x0000000084100000| Untracked 
|  22|0x0000000084200000, 0x0000000084200000, 0x0000000084300000|  0%| F|  |TAMS 0x0000000084200000, 0x0000000084200000| Untracked 
|  23|0x0000000084300000, 0x0000000084300000, 0x0000000084400000|  0%| F|  |TAMS 0x0000000084300000, 0x0000000084300000| Untracked 
|  24|0x0000000084400000, 0x0000000084400000, 0x0000000084500000|  0%| F|  |TAMS 0x0000000084400000, 0x0000000084400000| Untracked 
|  25|0x0000000084500000, 0x0000000084500000, 0x0000000084600000|  0%| F|  |TAMS 0x0000000084500000, 0x0000000084500000| Untracked 
|  26|0x0000000084600000, 0x0000000084600000, 0x0000000084700000|  0%| F|  |TAMS 0x0000000084600000, 0x0000000084600000| Untracked 
|  27|0x0000000084700000, 0x0000000084700000, 0x0000000084800000|  0%| F|  |TAMS 0x0000000084700000, 0x0000000084700000| Untracked 
|  28|0x0000000084800000, 0x0000000084800000, 0x0000000084900000|  0%| F|  |TAMS 0x0000000084800000, 0x0000000084800000| Untracked 
|  29|0x0000000084900000, 0x0000000084900000, 0x0000000084a00000|  0%| F|  |TAMS 0x0000000084900000, 0x0000000084900000| Untracked 
|  30|0x0000000084a00000, 0x0000000084a00000, 0x0000000084b00000|  0%| F|  |TAMS 0x0000000084a00000, 0x0000000084a00000| Untracked 
|  31|0x0000000084b00000, 0x0000000084b00000, 0x0000000084c00000|  0%| F|  |TAMS 0x0000000084b00000, 0x0000000084b00000| Untracked 
|  32|0x0000000084c00000, 0x0000000084c00000, 0x0000000084d00000|  0%| F|  |TAMS 0x0000000084c00000, 0x0000000084c00000| Untracked 
|  33|0x0000000084d00000, 0x0000000084d00000, 0x0000000084e00000|  0%| F|  |TAMS 0x0000000084d00000, 0x0000000084d00000| Untracked 
|  34|0x0000000084e00000, 0x0000000084e00000, 0x0000000084f00000|  0%| F|  |TAMS 0x0000000084e00000, 0x0000000084e00000| Untracked 
|  35|0x0000000084f00000, 0x0000000084f00000, 0x0000000085000000|  0%| F|  |TAMS 0x0000000084f00000, 0x0000000084f00000| Untracked 
|  36|0x0000000085000000, 0x0000000085000000, 0x0000000085100000|  0%| F|  |TAMS 0x0000000085000000, 0x0000000085000000| Untracked 
|  37|0x0000000085100000, 0x0000000085100000, 0x0000000085200000|  0%| F|  |TAMS 0x0000000085100000, 0x0000000085100000| Untracked 
|  38|0x0000000085200000, 0x0000000085200000, 0x0000000085300000|  0%| F|  |TAMS 0x0000000085200000, 0x0000000085200000| Untracked 
|  39|0x0000000085300000, 0x0000000085300000, 0x0000000085400000|  0%| F|  |TAMS 0x0000000085300000, 0x0000000085300000| Untracked 
|  40|0x0000000085400000, 0x0000000085400000, 0x0000000085500000|  0%| F|  |TAMS 0x0000000085400000, 0x0000000085400000| Untracked 
|  41|0x0000000085500000, 0x0000000085500000, 0x0000000085600000|  0%| F|  |TAMS 0x0000000085500000, 0x0000000085500000| Untracked 
|  42|0x0000000085600000, 0x0000000085600000, 0x0000000085700000|  0%| F|  |TAMS 0x0000000085600000, 0x0000000085600000| Untracked 
|  43|0x0000000085700000, 0x0000000085700000, 0x0000000085800000|  0%| F|  |TAMS 0x0000000085700000, 0x0000000085700000| Untracked 
|  44|0x0000000085800000, 0x0000000085800000, 0x0000000085900000|  0%| F|  |TAMS 0x0000000085800000, 0x0000000085800000| Untracked 
|  45|0x0000000085900000, 0x0000000085900000, 0x0000000085a00000|  0%| F|  |TAMS 0x0000000085900000, 0x0000000085900000| Untracked 
|  46|0x0000000085a00000, 0x0000000085a00000, 0x0000000085b00000|  0%| F|  |TAMS 0x0000000085a00000, 0x0000000085a00000| Untracked 
|  47|0x0000000085b00000, 0x0000000085b00000, 0x0000000085c00000|  0%| F|  |TAMS 0x0000000085b00000, 0x0000000085b00000| Untracked 
|  48|0x0000000085c00000, 0x0000000085c00000, 0x0000000085d00000|  0%| F|  |TAMS 0x0000000085c00000, 0x0000000085c00000| Untracked 
|  49|0x0000000085d00000, 0x0000000085d00000, 0x0000000085e00000|  0%| F|  |TAMS 0x0000000085d00000, 0x0000000085d00000| Untracked 
|  50|0x0000000085e00000, 0x0000000085e00000, 0x0000000085f00000|  0%| F|  |TAMS 0x0000000085e00000, 0x0000000085e00000| Untracked 
|  51|0x0000000085f00000, 0x0000000085f00000, 0x0000000086000000|  0%| F|  |TAMS 0x0000000085f00000, 0x0000000085f00000| Untracked 
|  52|0x0000000086000000, 0x0000000086000000, 0x0000000086100000|  0%| F|  |TAMS 0x0000000086000000, 0x0000000086000000| Untracked 
|  53|0x0000000086100000, 0x0000000086100000, 0x0000000086200000|  0%| F|  |TAMS 0x0000000086100000, 0x0000000086100000| Untracked 
|  54|0x0000000086200000, 0x0000000086200000, 0x0000000086300000|  0%| F|  |TAMS 0x0000000086200000, 0x0000000086200000| Untracked 
|  55|0x0000000086300000, 0x0000000086300000, 0x0000000086400000|  0%| F|  |TAMS 0x0000000086300000, 0x0000000086300000| Untracked 
|  56|0x0000000086400000, 0x0000000086400000, 0x0000000086500000|  0%| F|  |TAMS 0x0000000086400000, 0x0000000086400000| Untracked 
|  57|0x0000000086500000, 0x0000000086500000, 0x0000000086600000|  0%| F|  |TAMS 0x0000000086500000, 0x0000000086500000| Untracked 
|  58|0x0000000086600000, 0x0000000086600000, 0x0000000086700000|  0%| F|  |TAMS 0x0000000086600000, 0x0000000086600000| Untracked 
|  59|0x0000000086700000, 0x0000000086700000, 0x0000000086800000|  0%| F|  |TAMS 0x0000000086700000, 0x0000000086700000| Untracked 
|  60|0x0000000086800000, 0x0000000086800000, 0x0000000086900000|  0%| F|  |TAMS 0x0000000086800000, 0x0000000086800000| Untracked 
|  61|0x0000000086900000, 0x0000000086900000, 0x0000000086a00000|  0%| F|  |TAMS 0x0000000086900000, 0x0000000086900000| Untracked 
|  62|0x0000000086a00000, 0x0000000086a00000, 0x0000000086b00000|  0%| F|  |TAMS 0x0000000086a00000, 0x0000000086a00000| Untracked 
|  63|0x0000000086b00000, 0x0000000086b00000, 0x0000000086c00000|  0%| F|  |TAMS 0x0000000086b00000, 0x0000000086b00000| Untracked 
|  64|0x0000000086c00000, 0x0000000086c00000, 0x0000000086d00000|  0%| F|  |TAMS 0x0000000086c00000, 0x0000000086c00000| Untracked 
|  65|0x0000000086d00000, 0x0000000086d00000, 0x0000000086e00000|  0%| F|  |TAMS 0x0000000086d00000, 0x0000000086d00000| Untracked 
|  66|0x0000000086e00000, 0x0000000086e00000, 0x0000000086f00000|  0%| F|  |TAMS 0x0000000086e00000, 0x0000000086e00000| Untracked 
|  67|0x0000000086f00000, 0x0000000086f00000, 0x0000000087000000|  0%| F|  |TAMS 0x0000000086f00000, 0x0000000086f00000| Untracked 
|  68|0x0000000087000000, 0x0000000087000000, 0x0000000087100000|  0%| F|  |TAMS 0x0000000087000000, 0x0000000087000000| Untracked 
|  69|0x0000000087100000, 0x0000000087100000, 0x0000000087200000|  0%| F|  |TAMS 0x0000000087100000, 0x0000000087100000| Untracked 
|  70|0x0000000087200000, 0x0000000087200000, 0x0000000087300000|  0%| F|  |TAMS 0x0000000087200000, 0x0000000087200000| Untracked 
|  71|0x0000000087300000, 0x0000000087300000, 0x0000000087400000|  0%| F|  |TAMS 0x0000000087300000, 0x0000000087300000| Untracked 
|  72|0x0000000087400000, 0x0000000087400000, 0x0000000087500000|  0%| F|  |TAMS 0x0000000087400000, 0x0000000087400000| Untracked 
|  73|0x0000000087500000, 0x0000000087500000, 0x0000000087600000|  0%| F|  |TAMS 0x0000000087500000, 0x0000000087500000| Untracked 
|  74|0x0000000087600000, 0x0000000087600000, 0x0000000087700000|  0%| F|  |TAMS 0x0000000087600000, 0x0000000087600000| Untracked 
|  75|0x0000000087700000, 0x0000000087700000, 0x0000000087800000|  0%| F|  |TAMS 0x0000000087700000, 0x0000000087700000| Untracked 
|  76|0x0000000087800000, 0x0000000087800000, 0x0000000087900000|  0%| F|  |TAMS 0x0000000087800000, 0x0000000087800000| Untracked 
|  77|0x0000000087900000, 0x0000000087900000, 0x0000000087a00000|  0%| F|  |TAMS 0x0000000087900000, 0x0000000087900000| Untracked 
|  78|0x0000000087a00000, 0x0000000087a00000, 0x0000000087b00000|  0%| F|  |TAMS 0x0000000087a00000, 0x0000000087a00000| Untracked 
|  79|0x0000000087b00000, 0x0000000087b00000, 0x0000000087c00000|  0%| F|  |TAMS 0x0000000087b00000, 0x0000000087b00000| Untracked 
|  80|0x0000000087c00000, 0x0000000087c00000, 0x0000000087d00000|  0%| F|  |TAMS 0x0000000087c00000, 0x0000000087c00000| Untracked 
|  81|0x0000000087d00000, 0x0000000087d00000, 0x0000000087e00000|  0%| F|  |TAMS 0x0000000087d00000, 0x0000000087d00000| Untracked 
|  82|0x0000000087e00000, 0x0000000087e00000, 0x0000000087f00000|  0%| F|  |TAMS 0x0000000087e00000, 0x0000000087e00000| Untracked 
|  83|0x0000000087f00000, 0x0000000087f00000, 0x0000000088000000|  0%| F|  |TAMS 0x0000000087f00000, 0x0000000087f00000| Untracked 
|  84|0x0000000088000000, 0x0000000088000000, 0x0000000088100000|  0%| F|  |TAMS 0x0000000088000000, 0x0000000088000000| Untracked 
|  85|0x0000000088100000, 0x0000000088100000, 0x0000000088200000|  0%| F|  |TAMS 0x0000000088100000, 0x0000000088100000| Untracked 
|  86|0x0000000088200000, 0x0000000088200000, 0x0000000088300000|  0%| F|  |TAMS 0x0000000088200000, 0x0000000088200000| Untracked 
|  87|0x0000000088300000, 0x0000000088300000, 0x0000000088400000|  0%| F|  |TAMS 0x0000000088300000, 0x0000000088300000| Untracked 
|  88|0x0000000088400000, 0x0000000088400000, 0x0000000088500000|  0%| F|  |TAMS 0x0000000088400000, 0x0000000088400000| Untracked 
|  89|0x0000000088500000, 0x0000000088500000, 0x0000000088600000|  0%| F|  |TAMS 0x0000000088500000, 0x0000000088500000| Untracked 
|  90|0x0000000088600000, 0x0000000088600000, 0x0000000088700000|  0%| F|  |TAMS 0x0000000088600000, 0x0000000088600000| Untracked 
|  91|0x0000000088700000, 0x0000000088700000, 0x0000000088800000|  0%| F|  |TAMS 0x0000000088700000, 0x0000000088700000| Untracked 
|  92|0x0000000088800000, 0x0000000088800000, 0x0000000088900000|  0%| F|  |TAMS 0x0000000088800000, 0x0000000088800000| Untracked 
|  93|0x0000000088900000, 0x0000000088900000, 0x0000000088a00000|  0%| F|  |TAMS 0x0000000088900000, 0x0000000088900000| Untracked 
|  94|0x0000000088a00000, 0x0000000088a00000, 0x0000000088b00000|  0%| F|  |TAMS 0x0000000088a00000, 0x0000000088a00000| Untracked 
|  95|0x0000000088b00000, 0x0000000088b00000, 0x0000000088c00000|  0%| F|  |TAMS 0x0000000088b00000, 0x0000000088b00000| Untracked 
|  96|0x0000000088c00000, 0x0000000088c00000, 0x0000000088d00000|  0%| F|  |TAMS 0x0000000088c00000, 0x0000000088c00000| Untracked 
|  97|0x0000000088d00000, 0x0000000088d00000, 0x0000000088e00000|  0%| F|  |TAMS 0x0000000088d00000, 0x0000000088d00000| Untracked 
|  98|0x0000000088e00000, 0x0000000088e00000, 0x0000000088f00000|  0%| F|  |TAMS 0x0000000088e00000, 0x0000000088e00000| Untracked 
|  99|0x0000000088f00000, 0x0000000088f00000, 0x0000000089000000|  0%| F|  |TAMS 0x0000000088f00000, 0x0000000088f00000| Untracked 
| 100|0x0000000089000000, 0x0000000089000000, 0x0000000089100000|  0%| F|  |TAMS 0x0000000089000000, 0x0000000089000000| Untracked 
| 101|0x0000000089100000, 0x0000000089100000, 0x0000000089200000|  0%| F|  |TAMS 0x0000000089100000, 0x0000000089100000| Untracked 
| 102|0x0000000089200000, 0x0000000089200000, 0x0000000089300000|  0%| F|  |TAMS 0x0000000089200000, 0x0000000089200000| Untracked 
| 103|0x0000000089300000, 0x0000000089300000, 0x0000000089400000|  0%| F|  |TAMS 0x0000000089300000, 0x0000000089300000| Untracked 
| 104|0x0000000089400000, 0x0000000089400000, 0x0000000089500000|  0%| F|  |TAMS 0x0000000089400000, 0x0000000089400000| Untracked 
| 105|0x0000000089500000, 0x0000000089500000, 0x0000000089600000|  0%| F|  |TAMS 0x0000000089500000, 0x0000000089500000| Untracked 
| 106|0x0000000089600000, 0x0000000089600000, 0x0000000089700000|  0%| F|  |TAMS 0x0000000089600000, 0x0000000089600000| Untracked 
| 107|0x0000000089700000, 0x0000000089700000, 0x0000000089800000|  0%| F|  |TAMS 0x0000000089700000, 0x0000000089700000| Untracked 
| 108|0x0000000089800000, 0x0000000089800000, 0x0000000089900000|  0%| F|  |TAMS 0x0000000089800000, 0x0000000089800000| Untracked 
| 109|0x0000000089900000, 0x0000000089900000, 0x0000000089a00000|  0%| F|  |TAMS 0x0000000089900000, 0x0000000089900000| Untracked 
| 110|0x0000000089a00000, 0x0000000089b00000, 0x0000000089b00000|100%| S|CS|TAMS 0x0000000089a00000, 0x0000000089a00000| Complete 
| 111|0x0000000089b00000, 0x0000000089c00000, 0x0000000089c00000|100%| S|CS|TAMS 0x0000000089b00000, 0x0000000089b00000| Complete 
| 112|0x0000000089c00000, 0x0000000089c00000, 0x0000000089d00000|  0%| F|  |TAMS 0x0000000089c00000, 0x0000000089c00000| Untracked 
| 113|0x0000000089d00000, 0x0000000089d00000, 0x0000000089e00000|  0%| F|  |TAMS 0x0000000089d00000, 0x0000000089d00000| Untracked 
| 114|0x0000000089e00000, 0x0000000089e00000, 0x0000000089f00000|  0%| F|  |TAMS 0x0000000089e00000, 0x0000000089e00000| Untracked 
| 115|0x0000000089f00000, 0x0000000089f00000, 0x000000008a000000|  0%| F|  |TAMS 0x0000000089f00000, 0x0000000089f00000| Untracked 
| 116|0x000000008a000000, 0x000000008a000000, 0x000000008a100000|  0%| F|  |TAMS 0x000000008a000000, 0x000000008a000000| Untracked 
| 117|0x000000008a100000, 0x000000008a100000, 0x000000008a200000|  0%| F|  |TAMS 0x000000008a100000, 0x000000008a100000| Untracked 
| 118|0x000000008a200000, 0x000000008a200000, 0x000000008a300000|  0%| F|  |TAMS 0x000000008a200000, 0x000000008a200000| Untracked 
| 119|0x000000008a300000, 0x000000008a300000, 0x000000008a400000|  0%| F|  |TAMS 0x000000008a300000, 0x000000008a300000| Untracked 
| 120|0x000000008a400000, 0x000000008a400000, 0x000000008a500000|  0%| F|  |TAMS 0x000000008a400000, 0x000000008a400000| Untracked 
| 121|0x000000008a500000, 0x000000008a500000, 0x000000008a600000|  0%| F|  |TAMS 0x000000008a500000, 0x000000008a500000| Untracked 
| 122|0x000000008a600000, 0x000000008a600000, 0x000000008a700000|  0%| F|  |TAMS 0x000000008a600000, 0x000000008a600000| Untracked 
| 123|0x000000008a700000, 0x000000008a72c520, 0x000000008a800000| 17%| E|  |TAMS 0x000000008a700000, 0x000000008a700000| Complete 
| 124|0x000000008a800000, 0x000000008a900000, 0x000000008a900000|100%| E|CS|TAMS 0x000000008a800000, 0x000000008a800000| Complete 
| 125|0x000000008a900000, 0x000000008aa00000, 0x000000008aa00000|100%| E|CS|TAMS 0x000000008a900000, 0x000000008a900000| Complete 

Card table byte_map: [0x000001e32c250000,0x000001e32c640000] _byte_map_base: 0x000001e32be3a000

Marking Bits (Prev, Next): (CMBitMap*) 0x000001e3156c08d0, (CMBitMap*) 0x000001e3156c0910
 Prev Bits: [0x000001e32ca30000, 0x000001e32e980000)
 Next Bits: [0x000001e32e980000, 0x000001e3308d0000)

Polling page: 0x000001e314e40000

Metaspace:

Usage:
  Non-class:      4.90 MB used.
      Class:    585.41 KB used.
       Both:      5.47 MB used.

Virtual space:
  Non-class space:        8.00 MB reserved,       5.00 MB ( 62%) committed,  1 nodes.
      Class space:        1.00 GB reserved,     704.00 KB ( <1%) committed,  1 nodes.
             Both:        1.01 GB reserved,       5.69 MB ( <1%) committed. 

Chunk freelists:
   Non-Class:  2.33 MB
       Class:  3.22 MB
        Both:  5.54 MB

MaxMetaspaceSize: unlimited
CompressedClassSpaceSize: 1.00 GB
Initial GC threshold: 21.00 MB
Current GC threshold: 21.00 MB
CDS: on
MetaspaceReclaimPolicy: balanced
 - commit_granule_bytes: 65536.
 - commit_granule_words: 8192.
 - virtual_space_node_default_size: 1048576.
 - enlarge_chunks_in_place: 1.
 - new_chunks_are_fully_committed: 0.
 - uncommit_free_chunks: 1.
 - use_allocation_guard: 0.
 - handle_deallocations: 1.


Internal statistics:

num_allocs_failed_limit: 0.
num_arena_births: 98.
num_arena_deaths: 0.
num_vsnodes_births: 2.
num_vsnodes_deaths: 0.
num_space_committed: 91.
num_space_uncommitted: 0.
num_chunks_returned_to_freelist: 0.
num_chunks_taken_from_freelist: 163.
num_chunk_merges: 0.
num_chunk_splits: 93.
num_chunks_enlarged: 56.
num_purges: 0.
num_inconsistent_stats: 0.

CodeHeap 'non-profiled nmethods': size=120000Kb used=341Kb max_used=341Kb free=119658Kb
 bounds [0x000001e324930000, 0x000001e324ba0000, 0x000001e32be60000]
CodeHeap 'profiled nmethods': size=120000Kb used=1614Kb max_used=1614Kb free=118385Kb
 bounds [0x000001e31d400000, 0x000001e31d670000, 0x000001e324930000]
CodeHeap 'non-nmethods': size=5760Kb used=1155Kb max_used=1181Kb free=4604Kb
 bounds [0x000001e31ce60000, 0x000001e31d0d0000, 0x000001e31d400000]
 total_blobs=1426 nmethods=978 adapters=362
 compilation: enabled
              stopped_count=0, restarted_count=0
 full_count=0

Compilation events (20 events):
Event: 1.242 Thread 0x000001e333ac6290 nmethod 901 0x000001e324980410 code [0x000001e3249805c0, 0x000001e324980cc8]
Event: 1.242 Thread 0x000001e332d6f570  906       3       sun.invoke.util.Wrapper::isSubwordOrInt (20 bytes)
Event: 1.243 Thread 0x000001e332d6f570 nmethod 906 0x000001e31d571490 code [0x000001e31d571640, 0x000001e31d571a58]
Event: 1.243 Thread 0x000001e332d6f570  907       3       java.lang.invoke.LambdaForm::parameterType (9 bytes)
Event: 1.243 Thread 0x000001e332d6f570 nmethod 907 0x000001e31d571b90 code [0x000001e31d571d40, 0x000001e31d571e88]
Event: 1.245 Thread 0x000001e332d6f570  908       3       java.lang.invoke.LambdaForm$BasicType::basicTypeSlots (8 bytes)
Event: 1.245 Thread 0x000001e332d6f570 nmethod 908 0x000001e31d571f90 code [0x000001e31d572120, 0x000001e31d572298]
Event: 1.245 Thread 0x000001e332d6f570  909       3       sun.invoke.util.Wrapper::stackSlots (9 bytes)
Event: 1.245 Thread 0x000001e332d6f570 nmethod 909 0x000001e31d572390 code [0x000001e31d572520, 0x000001e31d572638]
Event: 1.246 Thread 0x000001e332d6f570  911       3       java.lang.invoke.LambdaForm::forceInterpretation (14 bytes)
Event: 1.246 Thread 0x000001e332d6f570 nmethod 911 0x000001e31d572710 code [0x000001e31d5728a0, 0x000001e31d572a18]
Event: 1.247 Thread 0x000001e332d6f570  914       3       jdk.internal.org.objectweb.asm.Label::<init> (5 bytes)
Event: 1.247 Thread 0x000001e332d6f570 nmethod 914 0x000001e31d572a90 code [0x000001e31d572c20, 0x000001e31d572d78]
Event: 1.247 Thread 0x000001e332d6f570  915       3       jdk.internal.org.objectweb.asm.Attribute::computeAttributesSize (62 bytes)
Event: 1.248 Thread 0x000001e332d6f570 nmethod 915 0x000001e31d572e10 code [0x000001e31d572fe0, 0x000001e31d573308]
Event: 1.248 Thread 0x000001e332d6f570  917       3       java.util.ImmutableCollections$List12::size (16 bytes)
Event: 1.248 Thread 0x000001e332d6f570 nmethod 917 0x000001e31d573490 code [0x000001e31d573620, 0x000001e31d5737b8]
Event: 1.248 Thread 0x000001e332d6f570  916       3       jdk.internal.org.objectweb.asm.AnnotationWriter::computeAnnotationsSize (66 bytes)
Event: 1.249 Thread 0x000001e332d6f570 nmethod 916 0x000001e31d573890 code [0x000001e31d573a60, 0x000001e31d573d98]
Event: 1.249 Thread 0x000001e332d6f570  920       3       java.lang.invoke.LambdaForm$Name::<init> (44 bytes)

GC Heap History (2 events):
Event: 1.047 GC heap before
{Heap before GC invocations=0 (full 0):
 garbage-first heap   total 129024K, used 13312K [0x0000000082c00000, 0x0000000100000000)
  region size 1024K, 14 young (14336K), 0 survivors (0K)
 Metaspace       used 3911K, committed 4160K, reserved 1056768K
  class space    used 393K, committed 512K, reserved 1048576K
}
Event: 1.068 GC heap after
{Heap after GC invocations=1 (full 0):
 garbage-first heap   total 129024K, used 6979K [0x0000000082c00000, 0x0000000100000000)
  region size 1024K, 2 young (2048K), 2 survivors (2048K)
 Metaspace       used 3911K, committed 4160K, reserved 1056768K
  class space    used 393K, committed 512K, reserved 1048576K
}

Deoptimization events (20 events):
Event: 0.961 Thread 0x000001e3156811b0 Uncommon trap: trap_request=0xffffff45 fr.pc=0x000001e324961ffc relative=0x000000000000055c
Event: 0.961 Thread 0x000001e3156811b0 Uncommon trap: reason=unstable_if action=reinterpret pc=0x000001e324961ffc method=java.lang.StringLatin1.indexOf([BI[BII)I @ 80 c2
Event: 0.961 Thread 0x000001e3156811b0 DEOPT PACKING pc=0x000001e324961ffc sp=0x0000004b8defe000
Event: 0.961 Thread 0x000001e3156811b0 DEOPT UNPACKING pc=0x000001e31ceb239d sp=0x0000004b8defdf60 mode 2
Event: 0.965 Thread 0x000001e3156811b0 Uncommon trap: trap_request=0xffffff45 fr.pc=0x000001e324949be4 relative=0x0000000000000064
Event: 0.965 Thread 0x000001e3156811b0 Uncommon trap: reason=unstable_if action=reinterpret pc=0x000001e324949be4 method=java.io.WinNTFileSystem.isSlash(C)Z @ 9 c2
Event: 0.965 Thread 0x000001e3156811b0 DEOPT PACKING pc=0x000001e324949be4 sp=0x0000004b8defdcd0
Event: 0.965 Thread 0x000001e3156811b0 DEOPT UNPACKING pc=0x000001e31ceb239d sp=0x0000004b8defdc58 mode 2
Event: 0.972 Thread 0x000001e3156811b0 DEOPT PACKING pc=0x000001e31d45b768 sp=0x0000004b8defd1a0
Event: 0.972 Thread 0x000001e3156811b0 DEOPT UNPACKING pc=0x000001e31ceb2b24 sp=0x0000004b8defc630 mode 0
Event: 0.975 Thread 0x000001e3156811b0 DEOPT PACKING pc=0x000001e31d461934 sp=0x0000004b8defd150
Event: 0.977 Thread 0x000001e3156811b0 DEOPT UNPACKING pc=0x000001e31ceb2b24 sp=0x0000004b8defc600 mode 0
Event: 0.983 Thread 0x000001e3156811b0 DEOPT PACKING pc=0x000001e31d45b768 sp=0x0000004b8defd1a0
Event: 0.983 Thread 0x000001e3156811b0 DEOPT UNPACKING pc=0x000001e31ceb2b24 sp=0x0000004b8defc630 mode 0
Event: 0.989 Thread 0x000001e3156811b0 DEOPT PACKING pc=0x000001e31d45b768 sp=0x0000004b8def9a20
Event: 0.990 Thread 0x000001e3156811b0 DEOPT UNPACKING pc=0x000001e31ceb2b24 sp=0x0000004b8def8eb0 mode 0
Event: 1.184 Thread 0x000001e3156811b0 Uncommon trap: trap_request=0xffffff45 fr.pc=0x000001e32497bd68 relative=0x0000000000000248
Event: 1.184 Thread 0x000001e3156811b0 Uncommon trap: reason=unstable_if action=reinterpret pc=0x000001e32497bd68 method=java.io.BufferedReader.read()I @ 19 c2
Event: 1.184 Thread 0x000001e3156811b0 DEOPT PACKING pc=0x000001e32497bd68 sp=0x0000004b8defcd90
Event: 1.184 Thread 0x000001e3156811b0 DEOPT UNPACKING pc=0x000001e31ceb239d sp=0x0000004b8defccd0 mode 2

Classes unloaded (0 events):
No events

Classes redefined (0 events):
No events

Internal exceptions (9 events):
Event: 0.780 Thread 0x000001e333ea6360 Exception <a 'java/lang/NoSuchMethodError'{0x000000008a194180}: 'java.lang.Object java.lang.invoke.DirectMethodHandle$Holder.invokeStaticInit(java.lang.Object)'> (0x000000008a194180) 
thrown [t:\workspace\open\src\hotspot\share\interpreter\linkResolver.cpp, line 766]
Event: 0.805 Thread 0x000001e333ea6360 Exception <a 'java/lang/NoSuchMethodError'{0x000000008a1a1148}: 'void java.lang.invoke.DirectMethodHandle$Holder.invokeStatic(java.lang.Object, java.lang.Object)'> (0x000000008a1a1148) 
thrown [t:\workspace\open\src\hotspot\share\interpreter\linkResolver.cpp, line 766]
Event: 0.827 Thread 0x000001e332d68c00 Exception <a 'java/lang/NoSuchMethodError'{0x000000008a1e7150}: 'int java.lang.invoke.DirectMethodHandle$Holder.invokeInterface(java.lang.Object, java.lang.Object)'> (0x000000008a1e7150) 
thrown [t:\workspace\open\src\hotspot\share\interpreter\linkResolver.cpp, line 766]
Event: 0.828 Thread 0x000001e332d68c00 Exception <a 'java/lang/IncompatibleClassChangeError'{0x000000008a1ea750}: Found class java.lang.Object, but interface was expected> (0x000000008a1ea750) 
thrown [t:\workspace\open\src\hotspot\share\interpreter\linkResolver.cpp, line 833]
Event: 0.943 Thread 0x000001e332d68c00 Exception <a 'java/lang/NoSuchMethodError'{0x0000000089e56168}: 'int java.lang.invoke.DirectMethodHandle$Holder.invokeSpecial(java.lang.Object, java.lang.Object, java.lang.Object)'> (0x0000000089e56168) 
thrown [t:\workspace\open\src\hotspot\share\interpreter\linkResolver.cpp, line 766]
Event: 1.079 Thread 0x000001e332d68c00 Exception <a 'java/lang/NoSuchMethodError'{0x000000008a931588}: 'void java.lang.invoke.DirectMethodHandle$Holder.invokeStatic(java.lang.Object, java.lang.Object, java.lang.Object)'> (0x000000008a931588) 
thrown [t:\workspace\open\src\hotspot\share\interpreter\linkResolver.cpp, line 766]
Event: 1.186 Thread 0x000001e332d68c00 Exception <a 'java/lang/NoSuchMethodError'{0x000000008a83b190}: 'java.lang.Object java.lang.invoke.DirectMethodHandle$Holder.invokeStaticInit(java.lang.Object, int, int, int, int)'> (0x000000008a83b190) 
thrown [t:\workspace\open\src\hotspot\share\interpreter\linkResolver.cpp, line 766]
Event: 1.198 Thread 0x000001e3156811b0 Exception <a 'java/lang/ClassNotFoundException'{0x000000008a9f68e8}: javax/smartcardio/CardPermission> (0x000000008a9f68e8) 
thrown [t:\workspace\open\src\hotspot\share\classfile\systemDictionary.cpp, line 256]
Event: 1.211 Thread 0x000001e3156811b0 Exception <a 'java/io/FileNotFoundException'{0x000000008a85d440}> (0x000000008a85d440) 
thrown [t:\workspace\open\src\hotspot\share\prims\jni.cpp, line 516]

VM Operations (14 events):
Event: 0.361 Executing VM operation: HandshakeAllThreads
Event: 0.361 Executing VM operation: HandshakeAllThreads done
Event: 0.760 Executing VM operation: HandshakeAllThreads
Event: 0.760 Executing VM operation: HandshakeAllThreads done
Event: 0.840 Executing VM operation: HandshakeAllThreads
Event: 0.840 Executing VM operation: HandshakeAllThreads done
Event: 0.924 Executing VM operation: HandshakeAllThreads
Event: 0.924 Executing VM operation: HandshakeAllThreads done
Event: 0.965 Executing VM operation: HandshakeAllThreads
Event: 0.965 Executing VM operation: HandshakeAllThreads done
Event: 1.045 Executing VM operation: G1CollectForAllocation
Event: 1.046 Executing VM operation: G1CollectForAllocation done
Event: 1.047 Executing VM operation: G1CollectForAllocation
Event: 1.068 Executing VM operation: G1CollectForAllocation done

Events (20 events):
Event: 1.218 loading class sun/security/provider/PolicyFile$8
Event: 1.220 loading class sun/security/provider/PolicyFile$8 done
Event: 1.221 loading class sun/security/provider/PolicyFile$SelfPermission
Event: 1.221 loading class sun/security/provider/PolicyFile$SelfPermission done
Event: 1.222 loading class java/net/SocketPermissionCollection
Event: 1.222 loading class java/net/SocketPermissionCollection done
Event: 1.222 loading class java/net/SocketPermissionCollection$1
Event: 1.222 loading class java/net/SocketPermissionCollection$1 done
Event: 1.222 loading class java/util/PropertyPermissionCollection
Event: 1.222 loading class java/util/PropertyPermissionCollection done
Event: 1.223 loading class java/util/PropertyPermissionCollection$1
Event: 1.223 loading class java/util/PropertyPermissionCollection$1 done
Event: 1.224 loading class java/io/FilePermissionCollection
Event: 1.224 loading class java/io/FilePermissionCollection done
Event: 1.224 loading class java/io/FilePermissionCollection$1
Event: 1.224 loading class java/io/FilePermissionCollection$1 done
Event: 1.224 loading class java/security/PermissionsEnumerator
Event: 1.224 loading class java/security/PermissionsEnumerator done
Event: 1.224 loading class java/security/AccessControlException
Event: 1.225 loading class java/security/AccessControlException done


Dynamic libraries:
0x00007ff686e10000 - 0x00007ff686e1e000 	C:\Program Files\jdk-17\bin\java.exe
0x00007ffea9310000 - 0x00007ffea9527000 	C:\WINDOWS\SYSTEM32\ntdll.dll
0x00007ffea8b70000 - 0x00007ffea8c34000 	C:\WINDOWS\System32\KERNEL32.DLL
0x00007ffea68a0000 - 0x00007ffea6c59000 	C:\WINDOWS\System32\KERNELBASE.dll
0x00007ffea6610000 - 0x00007ffea6721000 	C:\WINDOWS\System32\ucrtbase.dll
0x00007ffea26a0000 - 0x00007ffea26ba000 	C:\Program Files\jdk-17\bin\VCRUNTIME140.dll
0x00007ffea0d00000 - 0x00007ffea0d18000 	C:\Program Files\jdk-17\bin\jli.dll
0x00007ffea9110000 - 0x00007ffea92be000 	C:\WINDOWS\System32\USER32.dll
0x00007ffea6df0000 - 0x00007ffea6e16000 	C:\WINDOWS\System32\win32u.dll
0x00007ffea8f00000 - 0x00007ffea8f29000 	C:\WINDOWS\System32\GDI32.dll
0x00007ffea6e20000 - 0x00007ffea6f3b000 	C:\WINDOWS\System32\gdi32full.dll
0x00007ffea6c90000 - 0x00007ffea6d2a000 	C:\WINDOWS\System32\msvcp_win.dll
0x00007ffe90770000 - 0x00007ffe90a02000 	C:\WINDOWS\WinSxS\amd64_microsoft.windows.common-controls_6595b64144ccf1df_6.0.22621.4391_none_2715d37f73803e96\COMCTL32.dll
0x00007ffea7420000 - 0x00007ffea74c7000 	C:\WINDOWS\System32\msvcrt.dll
0x00007ffea7090000 - 0x00007ffea70c1000 	C:\WINDOWS\System32\IMM32.DLL
0x00007ffea0cf0000 - 0x00007ffea0cfc000 	C:\Program Files\jdk-17\bin\vcruntime140_1.dll
0x00007ffe8ca20000 - 0x00007ffe8caad000 	C:\Program Files\jdk-17\bin\msvcp140.dll
0x00007ffe55d20000 - 0x00007ffe568de000 	C:\Program Files\jdk-17\bin\server\jvm.dll
0x00007ffea8c40000 - 0x00007ffea8cf2000 	C:\WINDOWS\System32\ADVAPI32.dll
0x00007ffea75d0000 - 0x00007ffea7677000 	C:\WINDOWS\System32\sechost.dll
0x00007ffea6c60000 - 0x00007ffea6c88000 	C:\WINDOWS\System32\bcrypt.dll
0x00007ffea8fe0000 - 0x00007ffea90f4000 	C:\WINDOWS\System32\RPCRT4.dll
0x00007ffea8410000 - 0x00007ffea8418000 	C:\WINDOWS\System32\PSAPI.DLL
0x00007ffea07a0000 - 0x00007ffea07a9000 	C:\WINDOWS\SYSTEM32\WSOCK32.dll
0x00007ffea8700000 - 0x00007ffea8771000 	C:\WINDOWS\System32\WS2_32.dll
0x00007ffea2890000 - 0x00007ffea28c4000 	C:\WINDOWS\SYSTEM32\WINMM.dll
0x00007ffe9f920000 - 0x00007ffe9f92a000 	C:\WINDOWS\SYSTEM32\VERSION.dll
0x00007ffea5610000 - 0x00007ffea5628000 	C:\WINDOWS\SYSTEM32\kernel.appcore.dll
0x00007ffea06b0000 - 0x00007ffea06ba000 	C:\Program Files\jdk-17\bin\jimage.dll
0x00007ffea3e40000 - 0x00007ffea4072000 	C:\WINDOWS\SYSTEM32\DBGHELP.DLL
0x00007ffea8780000 - 0x00007ffea8b0f000 	C:\WINDOWS\System32\combase.dll
0x00007ffea70d0000 - 0x00007ffea71a7000 	C:\WINDOWS\System32\OLEAUT32.dll
0x00007ffe84420000 - 0x00007ffe84452000 	C:\WINDOWS\SYSTEM32\dbgcore.DLL
0x00007ffea6fb0000 - 0x00007ffea702b000 	C:\WINDOWS\System32\bcryptPrimitives.dll
0x00007ffea06a0000 - 0x00007ffea06ae000 	C:\Program Files\jdk-17\bin\instrument.dll
0x00007ffe9fcf0000 - 0x00007ffe9fd15000 	C:\Program Files\jdk-17\bin\java.dll
0x00007ffe87890000 - 0x00007ffe87966000 	C:\Program Files\jdk-17\bin\svml.dll
0x00007ffea7b90000 - 0x00007ffea8406000 	C:\WINDOWS\System32\SHELL32.dll
0x00007ffea4500000 - 0x00007ffea4e03000 	C:\WINDOWS\SYSTEM32\windows.storage.dll
0x00007ffea43c0000 - 0x00007ffea44ff000 	C:\WINDOWS\SYSTEM32\wintypes.dll
0x00007ffea74d0000 - 0x00007ffea75c9000 	C:\WINDOWS\System32\SHCORE.dll
0x00007ffea8f30000 - 0x00007ffea8f8e000 	C:\WINDOWS\System32\shlwapi.dll
0x00007ffea6540000 - 0x00007ffea656b000 	C:\WINDOWS\SYSTEM32\profapi.dll
0x00007ffe8eff0000 - 0x00007ffe8f008000 	C:\Program Files\jdk-17\bin\zip.dll
0x00007ffe8efd0000 - 0x00007ffe8efe9000 	C:\Program Files\jdk-17\bin\net.dll
0x00007ffea03d0000 - 0x00007ffea0506000 	C:\WINDOWS\SYSTEM32\WINHTTP.dll
0x00007ffea5a90000 - 0x00007ffea5af9000 	C:\WINDOWS\system32\mswsock.dll
0x00007ffe8efb0000 - 0x00007ffe8efc5000 	C:\Program Files\jdk-17\bin\nio.dll
0x00007ffea50e0000 - 0x00007ffea51e2000 	C:\WINDOWS\SYSTEM32\DNSAPI.dll
0x00007ffea5070000 - 0x00007ffea509d000 	C:\WINDOWS\SYSTEM32\IPHLPAPI.DLL
0x00007ffea9100000 - 0x00007ffea9109000 	C:\WINDOWS\System32\NSI.dll
0x00007ffe8ca00000 - 0x00007ffe8ca1a000 	C:\Program Files\JetBrains\IntelliJ IDEA 2024.2.4\bin\breakgen64.dll
0x00007ffe9d8a0000 - 0x00007ffe9d8aa000 	C:\Windows\System32\rasadhlp.dll
0x00007ffe9f930000 - 0x00007ffe9f9b3000 	C:\WINDOWS\System32\fwpuclnt.dll
0x00007ffe8c9f0000 - 0x00007ffe8c9f9000 	C:\Program Files\jdk-17\bin\management.dll
0x00007ffe87b90000 - 0x00007ffe87b9b000 	C:\Program Files\jdk-17\bin\management_ext.dll
0x00007ffea5d00000 - 0x00007ffea5d1b000 	C:\WINDOWS\SYSTEM32\CRYPTSP.dll
0x00007ffea5570000 - 0x00007ffea55a5000 	C:\WINDOWS\system32\rsaenh.dll
0x00007ffea5ba0000 - 0x00007ffea5bc8000 	C:\WINDOWS\SYSTEM32\USERENV.dll
0x00007ffea5d20000 - 0x00007ffea5d2c000 	C:\WINDOWS\SYSTEM32\CRYPTBASE.dll
0x00007ffea02f0000 - 0x00007ffea0309000 	C:\WINDOWS\SYSTEM32\dhcpcsvc6.DLL
0x00007ffea02d0000 - 0x00007ffea02ef000 	C:\WINDOWS\SYSTEM32\dhcpcsvc.DLL
0x00007ffe7f610000 - 0x00007ffe7f627000 	C:\WINDOWS\system32\napinsp.dll
0x00007ffe7f5f0000 - 0x00007ffe7f60b000 	C:\WINDOWS\system32\pnrpnsp.dll
0x00007ffe7f5d0000 - 0x00007ffe7f5e1000 	C:\WINDOWS\System32\winrnr.dll
0x00007ffe7f5b0000 - 0x00007ffe7f5c5000 	C:\WINDOWS\system32\wshbth.dll
0x00007ffe7f580000 - 0x00007ffe7f5a7000 	C:\WINDOWS\system32\nlansp_c.dll

dbghelp: loaded successfully - version: 4.0.5 - missing functions: none
symbol engine: initialized successfully - sym options: 0x614 - pdb path: .;C:\Program Files\jdk-17\bin;C:\WINDOWS\SYSTEM32;C:\WINDOWS\WinSxS\amd64_microsoft.windows.common-controls_6595b64144ccf1df_6.0.22621.4391_none_2715d37f73803e96;C:\Program Files\jdk-17\bin\server;C:\Program Files\JetBrains\IntelliJ IDEA 2024.2.4\bin

VM Arguments:
jvm_args: -javaagent:C:\Program Files\JetBrains\IntelliJ IDEA 2024.2.4\lib\idea_rt.jar=57737:C:\Program Files\JetBrains\IntelliJ IDEA 2024.2.4\bin -Dfile.encoding=UTF-8 
java_command: com.jimsimrodev.guerrasOlvidadas.GuerrasOlvidadasApplication
java_class_path (initial): C:\Program Files\jdk-17;D:\work\guerrasOlvidadas\target\classes;C:\Users\jhoan\.m2\repository\org\springframework\boot\spring-boot-starter-data-jpa\3.3.5\spring-boot-starter-data-jpa-3.3.5.jar;C:\Users\jhoan\.m2\repository\org\springframework\boot\spring-boot-starter-aop\3.3.5\spring-boot-starter-aop-3.3.5.jar;C:\Users\jhoan\.m2\repository\org\aspectj\aspectjweaver\1.9.22.1\aspectjweaver-1.9.22.1.jar;C:\Users\jhoan\.m2\repository\org\springframework\boot\spring-boot-starter-jdbc\3.3.5\spring-boot-starter-jdbc-3.3.5.jar;C:\Users\jhoan\.m2\repository\com\zaxxer\HikariCP\5.1.0\HikariCP-5.1.0.jar;C:\Users\jhoan\.m2\repository\org\springframework\spring-jdbc\6.1.14\spring-jdbc-6.1.14.jar;C:\Users\jhoan\.m2\repository\org\hibernate\orm\hibernate-core\6.5.3.Final\hibernate-core-6.5.3.Final.jar;C:\Users\jhoan\.m2\repository\jakarta\persistence\jakarta.persistence-api\3.1.0\jakarta.persistence-api-3.1.0.jar;C:\Users\jhoan\.m2\repository\jakarta\transaction\jakarta.transaction-api\2.0.1\jakarta.transaction-api-2.0.1.jar;C:\Users\jhoan\.m2\repository\org\jboss\logging\jboss-logging\3.5.3.Final\jboss-logging-3.5.3.Final.jar;C:\Users\jhoan\.m2\repository\org\hibernate\common\hibernate-commons-annotations\6.0.6.Final\hibernate-commons-annotations-6.0.6.Final.jar;C:\Users\jhoan\.m2\repository\io\smallrye\jandex\3.1.2\jandex-3.1.2.jar;C:\Users\jhoan\.m2\repository\com\fasterxml\classmate\1.7.0\classmate-1.7.0.jar;C:\Users\jhoan\.m2\repository\net\bytebuddy\byte-buddy\1.14.19\byte-buddy-1.14.19.jar;C:\Users\jhoan\.m2\repository\org\glassfish\jaxb\jaxb-runtime\4.0.5\jaxb-runtime-4.0.5.jar;C:\Users\jhoan\.m2\repository\org\glassfish\jaxb\jaxb-core\4.0.5\jaxb-core-4.0.5.jar;C:\Users\jhoan\.m2\repository\org\glassfish\jaxb\txw2\4.0.5\txw2-4.0.5.jar;C:\Users\jhoan\.m2\repository\com\sun\istack\istack-commons-runtime\4.1.2\istack-commons-runtime-4.1.2.jar;C:\Users\jhoan\.m2\repository\jakarta\inject\jakarta.inject-api\2.0.1\jakarta.inject-api-2.0.1.jar;C:\User
Launcher Type: SUN_STANDARD

[Global flags]
     intx CICompilerCount                          = 3                                         {product} {ergonomic}
     uint ConcGCThreads                            = 1                                         {product} {ergonomic}
     uint G1ConcRefinementThreads                  = 4                                         {product} {ergonomic}
   size_t G1HeapRegionSize                         = 1048576                                   {product} {ergonomic}
    uintx GCDrainStackTargetSize                   = 64                                        {product} {ergonomic}
   size_t InitialHeapSize                          = 132120576                                 {product} {ergonomic}
   size_t MarkStackSize                            = 4194304                                   {product} {ergonomic}
   size_t MaxHeapSize                              = 2101346304                                {product} {ergonomic}
   size_t MaxNewSize                               = 1260388352                                {product} {ergonomic}
   size_t MinHeapDeltaBytes                        = 1048576                                   {product} {ergonomic}
   size_t MinHeapSize                              = 8388608                                   {product} {ergonomic}
    uintx NonNMethodCodeHeapSize                   = 5832780                                {pd product} {ergonomic}
    uintx NonProfiledCodeHeapSize                  = 122912730                              {pd product} {ergonomic}
    uintx ProfiledCodeHeapSize                     = 122912730                              {pd product} {ergonomic}
    uintx ReservedCodeCacheSize                    = 251658240                              {pd product} {ergonomic}
     bool SegmentedCodeCache                       = true                                      {product} {ergonomic}
   size_t SoftMaxHeapSize                          = 2101346304                             {manageable} {ergonomic}
     bool UseCompressedClassPointers               = true                           {product lp64_product} {ergonomic}
     bool UseCompressedOops                        = true                           {product lp64_product} {ergonomic}
     bool UseG1GC                                  = true                                      {product} {ergonomic}
     bool UseLargePagesIndividualAllocation        = false                                  {pd product} {ergonomic}

Logging:
Log output configuration:
 #0: stdout all=warning uptime,level,tags
 #1: stderr all=off uptime,level,tags

Environment Variables:
JAVA_HOME=C:\Program Files\jdk-17
PATH=C:\Program Files\jdk-17\bin;C:\Program Files\apache-maven-3.9.9\bin;C:\Program Files\WezTerm;C:\Program Files\nodejs\;C:\ProgramData\chocolatey\bin;C:\Program Files\Docker\Docker\resources\bin;C:\Program Files (x86)\Microsoft SQL Server\160\Tools\Binn\;C:\Program Files\Microsoft SQL Server\160\Tools\Binn\;C:\Program Files\Microsoft SQL Server\Client SDK\ODBC\170\Tools\Binn\;C:\Program Files\Microsoft SQL Server\160\DTS\Binn\;C:\Program Files (x86)\Microsoft SQL Server\160\DTS\Binn\;C:\Program Files\Git\bin;C:\Program Files\MySQL\MySQL Shell 8.0\bin\;C:\Users\jhoan\AppData\Local\Microsoft\WindowsApps;C:\Users\jhoan\AppData\Local\Programs\oh-my-posh\bin;C:\Users\jhoan\AppData\Local\Microsoft\WinGet\Packages\Schniz.fnm_Microsoft.Winget.Source_8wekyb3d8bbwe;C:\Users\jhoan\AppData\Roaming\Composer\vendor\bin;C:\Users\jhoan\AppData\Local\Programs\Microsoft VS Code\bin;C:\Users\jhoan\AppData\Roaming\npm
USERNAME=jhoan
OS=Windows_NT
PROCESSOR_IDENTIFIER=Intel64 Family 6 Model 142 Stepping 12, GenuineIntel



---------------  S Y S T E M  ---------------

OS:
 Windows 10 , 64 bit Build 22621 (10.0.22621.4391)
OS uptime: 0 days 1:37 hours
Hyper-V role detected

CPU: total 4 (initial active 4) (2 cores per cpu, 2 threads per core) family 6 model 142 stepping 12 microcode 0xf8, cx8, cmov, fxsr, ht, mmx, 3dnowpref, sse, sse2, sse3, ssse3, sse4.1, sse4.2, popcnt, lzcnt, tsc, tscinvbit, aes, erms, clmul, clflush, clflushopt, hv

Memory: 4k page, system-wide physical 8015M (500M free)
TotalPageFile size 12111M (AvailPageFile size 5M)
current process WorkingSet (physical memory assigned to process): 74M, peak: 74M
current process commit charge ("private bytes"): 218M, peak: 218M

vm_info: OpenJDK 64-Bit Server VM (17+35-2724) for windows-amd64 JRE (17+35-2724), built on Aug  5 2021 23:26:02 by "mach5one" with MS VC++ 16.8 (VS2019)

END.
