#
# There is insufficient memory for the Java Runtime Environment to continue.
# Native memory allocation (mmap) failed to map 132120576 bytes for G1 virtual space
# Possible reasons:
#   The system is out of physical RAM or swap space
#   The process is running with CompressedOops enabled, and the Java Heap may be blocking the growth of the native heap
# Possible solutions:
#   Reduce memory load on the system
#   Increase physical memory or swap space
#   Check if swap backing store is full
#   Decrease Java heap size (-Xmx/-Xms)
#   Decrease number of Java threads
#   Decrease Java thread stack sizes (-Xss)
#   Set larger code cache with -XX:ReservedCodeCacheSize=
#   JVM is running with Unscaled Compressed Oops mode in which the Java heap is
#     placed in the first 4GB address space. The Java Heap base address is the
#     maximum limit for the native heap growth. Please use -XX:HeapBaseMinAddress
#     to set the Java Heap base and to place the Java Heap above 4GB virtual address.
# This output file may be truncated or incomplete.
#
#  Out of Memory Error (os_windows.cpp:3469), pid=3356, tid=3776
#
# JRE version:  (17.0+35) (build )
# Java VM: OpenJDK 64-Bit Server VM (17+35-2724, mixed mode, sharing, tiered, compressed oops, compressed class ptrs, g1 gc, windows-amd64)
# No core dump will be written. Minidumps are not enabled by default on client versions of Windows
#

---------------  S U M M A R Y ------------

Command Line: -javaagent:C:\Program Files\JetBrains\IntelliJ IDEA 2024.2.4\lib\idea_rt.jar=53582:C:\Program Files\JetBrains\IntelliJ IDEA 2024.2.4\bin -Dfile.encoding=UTF-8 com.jimsimrodev.guerrasOlvidadas.GuerrasOlvidadasApplication

Host: Intel(R) Pentium(R) CPU 6405U @ 2.40GHz, 4 cores, 7G,  Windows 10 , 64 bit Build 22621 (10.0.22621.4391)
Time: Fri Nov 22 23:31:11 2024 Hora est. Pacífico, Sudamérica elapsed time: 0.031153 seconds (0d 0h 0m 0s)

---------------  T H R E A D  ---------------

Current thread (0x0000021662524200):  JavaThread "Unknown thread" [_thread_in_vm, id=3776, stack(0x0000007397900000,0x0000007397a00000)]

Stack: [0x0000007397900000,0x0000007397a00000]
Native frames: (J=compiled Java code, j=interpreted, Vv=VM code, C=native code)
V  [jvm.dll+0x66f8ea]
V  [jvm.dll+0x7ce224]
V  [jvm.dll+0x7cf9ce]
V  [jvm.dll+0x7d0033]
V  [jvm.dll+0x242bb5]
V  [jvm.dll+0x66c909]
V  [jvm.dll+0x6613d2]
V  [jvm.dll+0x30082b]
V  [jvm.dll+0x307db6]
V  [jvm.dll+0x357a0e]
V  [jvm.dll+0x357c3f]
V  [jvm.dll+0x2d7ae8]
V  [jvm.dll+0x2d8a54]
V  [jvm.dll+0x7a00a1]
V  [jvm.dll+0x365781]
V  [jvm.dll+0x77f59c]
V  [jvm.dll+0x3e805f]
V  [jvm.dll+0x3e9b01]
C  [jli.dll+0x527b]
C  [ucrtbase.dll+0x29333]
C  [KERNEL32.DLL+0x1259d]
C  [ntdll.dll+0x5af38]


---------------  P R O C E S S  ---------------

Threads class SMR info:
_java_thread_list=0x00007ffd198b7818, length=0, elements={
}

Java Threads: ( => current thread )

Other Threads:
  0x00000216625600d0 GCTaskThread "GC Thread#0" [stack: 0x0000007397a00000,0x0000007397b00000] [id=3684]
  0x0000021662573ac0 ConcurrentGCThread "G1 Main Marker" [stack: 0x0000007397b00000,0x0000007397c00000] [id=8460]
  0x00000216625744d0 ConcurrentGCThread "G1 Conc#0" [stack: 0x0000007397c00000,0x0000007397d00000] [id=13432]

[error occurred during error reporting (printing all threads), id 0xc0000005, EXCEPTION_ACCESS_VIOLATION (0xc0000005) at pc=0x00007ffd191084c7]

VM state: not at safepoint (not fully initialized)

VM Mutex/Monitor currently owned by a thread:  ([mutex/lock_event])
[0x00000216625210b0] Heap_lock - owner thread: 0x0000021662524200

Heap address: 0x0000000082c00000, size: 2004 MB, Compressed Oops mode: 32-bit

CDS archive(s) mapped at: [0x0000000000000000-0x0000000000000000-0x0000000000000000), size 0, SharedBaseAddress: 0x0000000800000000, ArchiveRelocationMode: 0.
Narrow klass base: 0x0000000000000000, Narrow klass shift: 0, Narrow klass range: 0x0

GC Precious Log:
<Empty>

Heap:
 garbage-first heap   total 0K, used 0K [0x0000000082c00000, 0x0000000100000000)
  region size 1024K, 0 young (0K), 0 survivors (0K)

[error occurred during error reporting (printing heap information), id 0xc0000005, EXCEPTION_ACCESS_VIOLATION (0xc0000005) at pc=0x00007ffd194e8c59]

GC Heap History (0 events):
No events

Deoptimization events (0 events):
No events

Classes unloaded (0 events):
No events

Classes redefined (0 events):
No events

Internal exceptions (0 events):
No events

VM Operations (0 events):
No events

Events (1 events):
Event: 0.024 Loaded shared library C:\Program Files\jdk-17\bin\java.dll


Dynamic libraries:
0x00007ff649ce0000 - 0x00007ff649cee000 	C:\Program Files\jdk-17\bin\java.exe
0x00007ffd8a530000 - 0x00007ffd8a747000 	C:\WINDOWS\SYSTEM32\ntdll.dll
0x00007ffd89660000 - 0x00007ffd89724000 	C:\WINDOWS\System32\KERNEL32.DLL
0x00007ffd87830000 - 0x00007ffd87be9000 	C:\WINDOWS\System32\KERNELBASE.dll
0x00007ffd87f20000 - 0x00007ffd88031000 	C:\WINDOWS\System32\ucrtbase.dll
0x00007ffd6d630000 - 0x00007ffd6d64a000 	C:\Program Files\jdk-17\bin\VCRUNTIME140.dll
0x00007ffd66500000 - 0x00007ffd66518000 	C:\Program Files\jdk-17\bin\jli.dll
0x00007ffd8a2e0000 - 0x00007ffd8a48e000 	C:\WINDOWS\System32\USER32.dll
0x00007ffd87d10000 - 0x00007ffd87d36000 	C:\WINDOWS\System32\win32u.dll
0x00007ffd88db0000 - 0x00007ffd88dd9000 	C:\WINDOWS\System32\GDI32.dll
0x00007ffd67a20000 - 0x00007ffd67cb2000 	C:\WINDOWS\WinSxS\amd64_microsoft.windows.common-controls_6595b64144ccf1df_6.0.22621.4391_none_2715d37f73803e96\COMCTL32.dll
0x00007ffd87bf0000 - 0x00007ffd87d0b000 	C:\WINDOWS\System32\gdi32full.dll
0x00007ffd89bf0000 - 0x00007ffd89c97000 	C:\WINDOWS\System32\msvcrt.dll
0x00007ffd88040000 - 0x00007ffd880da000 	C:\WINDOWS\System32\msvcp_win.dll
0x00007ffd8a490000 - 0x00007ffd8a4c1000 	C:\WINDOWS\System32\IMM32.DLL
0x00007ffd6df00000 - 0x00007ffd6df0c000 	C:\Program Files\jdk-17\bin\vcruntime140_1.dll
0x00007ffd61c40000 - 0x00007ffd61ccd000 	C:\Program Files\jdk-17\bin\msvcp140.dll
0x00007ffd18e20000 - 0x00007ffd199de000 	C:\Program Files\jdk-17\bin\server\jvm.dll
0x00007ffd89820000 - 0x00007ffd898d2000 	C:\WINDOWS\System32\ADVAPI32.dll
0x00007ffd898e0000 - 0x00007ffd89987000 	C:\WINDOWS\System32\sechost.dll
0x00007ffd87e00000 - 0x00007ffd87e28000 	C:\WINDOWS\System32\bcrypt.dll
0x00007ffd892e0000 - 0x00007ffd893f4000 	C:\WINDOWS\System32\RPCRT4.dll
0x00007ffd88350000 - 0x00007ffd88358000 	C:\WINDOWS\System32\PSAPI.DLL
0x00007ffd6cd20000 - 0x00007ffd6cd29000 	C:\WINDOWS\SYSTEM32\WSOCK32.dll
0x00007ffd7ef50000 - 0x00007ffd7ef84000 	C:\WINDOWS\SYSTEM32\WINMM.dll
0x00007ffd882b0000 - 0x00007ffd88321000 	C:\WINDOWS\System32\WS2_32.dll
0x00007ffd780e0000 - 0x00007ffd780ea000 	C:\WINDOWS\SYSTEM32\VERSION.dll
0x00007ffd86830000 - 0x00007ffd86848000 	C:\WINDOWS\SYSTEM32\kernel.appcore.dll
0x00007ffd6cdf0000 - 0x00007ffd6cdfa000 	C:\Program Files\jdk-17\bin\jimage.dll
0x00007ffd85060000 - 0x00007ffd85292000 	C:\WINDOWS\SYSTEM32\DBGHELP.DLL
0x00007ffd89ef0000 - 0x00007ffd8a27f000 	C:\WINDOWS\System32\combase.dll
0x00007ffd89730000 - 0x00007ffd89807000 	C:\WINDOWS\System32\OLEAUT32.dll
0x00007ffd6b1c0000 - 0x00007ffd6b1f2000 	C:\WINDOWS\SYSTEM32\dbgcore.DLL
0x00007ffd87e30000 - 0x00007ffd87eab000 	C:\WINDOWS\System32\bcryptPrimitives.dll
0x00007ffd664f0000 - 0x00007ffd664fe000 	C:\Program Files\jdk-17\bin\instrument.dll
0x00007ffd65b50000 - 0x00007ffd65b75000 	C:\Program Files\jdk-17\bin\java.dll

dbghelp: loaded successfully - version: 4.0.5 - missing functions: none
symbol engine: initialized successfully - sym options: 0x614 - pdb path: .;C:\Program Files\jdk-17\bin;C:\WINDOWS\SYSTEM32;C:\WINDOWS\WinSxS\amd64_microsoft.windows.common-controls_6595b64144ccf1df_6.0.22621.4391_none_2715d37f73803e96;C:\Program Files\jdk-17\bin\server

VM Arguments:
jvm_args: -javaagent:C:\Program Files\JetBrains\IntelliJ IDEA 2024.2.4\lib\idea_rt.jar=53582:C:\Program Files\JetBrains\IntelliJ IDEA 2024.2.4\bin -Dfile.encoding=UTF-8 
java_command: com.jimsimrodev.guerrasOlvidadas.GuerrasOlvidadasApplication
java_class_path (initial): C:\Program Files\jdk-17;D:\work\guerrasOlvidadas\target\classes;C:\Users\jhoan\.m2\repository\org\springframework\boot\spring-boot-starter-data-jpa\3.3.5\spring-boot-starter-data-jpa-3.3.5.jar;C:\Users\jhoan\.m2\repository\org\springframework\boot\spring-boot-starter-aop\3.3.5\spring-boot-starter-aop-3.3.5.jar;C:\Users\jhoan\.m2\repository\org\aspectj\aspectjweaver\1.9.22.1\aspectjweaver-1.9.22.1.jar;C:\Users\jhoan\.m2\repository\org\springframework\boot\spring-boot-starter-jdbc\3.3.5\spring-boot-starter-jdbc-3.3.5.jar;C:\Users\jhoan\.m2\repository\com\zaxxer\HikariCP\5.1.0\HikariCP-5.1.0.jar;C:\Users\jhoan\.m2\repository\org\springframework\spring-jdbc\6.1.14\spring-jdbc-6.1.14.jar;C:\Users\jhoan\.m2\repository\org\hibernate\orm\hibernate-core\6.5.3.Final\hibernate-core-6.5.3.Final.jar;C:\Users\jhoan\.m2\repository\jakarta\persistence\jakarta.persistence-api\3.1.0\jakarta.persistence-api-3.1.0.jar;C:\Users\jhoan\.m2\repository\jakarta\transaction\jakarta.transaction-api\2.0.1\jakarta.transaction-api-2.0.1.jar;C:\Users\jhoan\.m2\repository\org\jboss\logging\jboss-logging\3.5.3.Final\jboss-logging-3.5.3.Final.jar;C:\Users\jhoan\.m2\repository\org\hibernate\common\hibernate-commons-annotations\6.0.6.Final\hibernate-commons-annotations-6.0.6.Final.jar;C:\Users\jhoan\.m2\repository\io\smallrye\jandex\3.1.2\jandex-3.1.2.jar;C:\Users\jhoan\.m2\repository\com\fasterxml\classmate\1.7.0\classmate-1.7.0.jar;C:\Users\jhoan\.m2\repository\net\bytebuddy\byte-buddy\1.14.19\byte-buddy-1.14.19.jar;C:\Users\jhoan\.m2\repository\org\glassfish\jaxb\jaxb-runtime\4.0.5\jaxb-runtime-4.0.5.jar;C:\Users\jhoan\.m2\repository\org\glassfish\jaxb\jaxb-core\4.0.5\jaxb-core-4.0.5.jar;C:\Users\jhoan\.m2\repository\org\glassfish\jaxb\txw2\4.0.5\txw2-4.0.5.jar;C:\Users\jhoan\.m2\repository\com\sun\istack\istack-commons-runtime\4.1.2\istack-commons-runtime-4.1.2.jar;C:\Users\jhoan\.m2\repository\jakarta\inject\jakarta.inject-api\2.0.1\jakarta.inject-api-2.0.1.jar;C:\User
Launcher Type: SUN_STANDARD

[Global flags]
     intx CICompilerCount                          = 3                                         {product} {ergonomic}
     uint ConcGCThreads                            = 1                                         {product} {ergonomic}
     uint G1ConcRefinementThreads                  = 4                                         {product} {ergonomic}
   size_t G1HeapRegionSize                         = 1048576                                   {product} {ergonomic}
    uintx GCDrainStackTargetSize                   = 64                                        {product} {ergonomic}
   size_t InitialHeapSize                          = 132120576                                 {product} {ergonomic}
   size_t MarkStackSize                            = 4194304                                   {product} {ergonomic}
   size_t MaxHeapSize                              = 2101346304                                {product} {ergonomic}
   size_t MinHeapDeltaBytes                        = 1048576                                   {product} {ergonomic}
   size_t MinHeapSize                              = 8388608                                   {product} {ergonomic}
    uintx NonNMethodCodeHeapSize                   = 5832780                                {pd product} {ergonomic}
    uintx NonProfiledCodeHeapSize                  = 122912730                              {pd product} {ergonomic}
    uintx ProfiledCodeHeapSize                     = 122912730                              {pd product} {ergonomic}
    uintx ReservedCodeCacheSize                    = 251658240                              {pd product} {ergonomic}
     bool SegmentedCodeCache                       = true                                      {product} {ergonomic}
   size_t SoftMaxHeapSize                          = 2101346304                             {manageable} {ergonomic}
     bool UseCompressedClassPointers               = true                           {product lp64_product} {ergonomic}
     bool UseCompressedOops                        = true                           {product lp64_product} {ergonomic}
     bool UseG1GC                                  = true                                      {product} {ergonomic}
     bool UseLargePagesIndividualAllocation        = false                                  {pd product} {ergonomic}

Logging:
Log output configuration:
 #0: stdout all=warning uptime,level,tags
 #1: stderr all=off uptime,level,tags

Environment Variables:
JAVA_HOME=C:\Program Files\jdk-17
PATH=C:\Program Files\jdk-17\bin;C:\Program Files\apache-maven-3.9.9\bin;C:\Program Files\WezTerm;C:\Program Files\nodejs\;C:\ProgramData\chocolatey\bin;C:\Program Files\Docker\Docker\resources\bin;C:\Program Files (x86)\Microsoft SQL Server\160\Tools\Binn\;C:\Program Files\Microsoft SQL Server\160\Tools\Binn\;C:\Program Files\Microsoft SQL Server\Client SDK\ODBC\170\Tools\Binn\;C:\Program Files\Microsoft SQL Server\160\DTS\Binn\;C:\Program Files (x86)\Microsoft SQL Server\160\DTS\Binn\;C:\Program Files\Git\bin;C:\Program Files\MySQL\MySQL Shell 8.0\bin\;C:\Users\jhoan\AppData\Local\Microsoft\WindowsApps;C:\Users\jhoan\AppData\Local\Programs\oh-my-posh\bin;C:\Users\jhoan\AppData\Local\Microsoft\WinGet\Packages\Schniz.fnm_Microsoft.Winget.Source_8wekyb3d8bbwe;C:\Users\jhoan\AppData\Roaming\Composer\vendor\bin;C:\Users\jhoan\AppData\Local\Programs\Microsoft VS Code\bin;C:\Users\jhoan\AppData\Roaming\npm
USERNAME=jhoan
OS=Windows_NT
PROCESSOR_IDENTIFIER=Intel64 Family 6 Model 142 Stepping 12, GenuineIntel



---------------  S Y S T E M  ---------------

OS:
 Windows 10 , 64 bit Build 22621 (10.0.22621.4391)
OS uptime: 1 days 2:20 hours
Hyper-V role detected

CPU: total 4 (initial active 4) (2 cores per cpu, 2 threads per core) family 6 model 142 stepping 12 microcode 0xf8, cx8, cmov, fxsr, ht, mmx, 3dnowpref, sse, sse2, sse3, ssse3, sse4.1, sse4.2, popcnt, lzcnt, tsc, tscinvbit, aes, erms, clmul, clflush, clflushopt, hv

Memory: 4k page, system-wide physical 8015M (490M free)
TotalPageFile size 12111M (AvailPageFile size 76M)
current process WorkingSet (physical memory assigned to process): 11M, peak: 11M
current process commit charge ("private bytes"): 52M, peak: 177M

vm_info: OpenJDK 64-Bit Server VM (17+35-2724) for windows-amd64 JRE (17+35-2724), built on Aug  5 2021 23:26:02 by "mach5one" with MS VC++ 16.8 (VS2019)

END.
