#
# There is insufficient memory for the Java Runtime Environment to continue.
# Native memory allocation (malloc) failed to allocate 65552 bytes for Chunk::new
# Possible reasons:
#   The system is out of physical RAM or swap space
#   The process is running with CompressedOops enabled, and the Java Heap may be blocking the growth of the native heap
# Possible solutions:
#   Reduce memory load on the system
#   Increase physical memory or swap space
#   Check if swap backing store is full
#   Decrease Java heap size (-Xmx/-Xms)
#   Decrease number of Java threads
#   Decrease Java thread stack sizes (-Xss)
#   Set larger code cache with -XX:ReservedCodeCacheSize=
#   JVM is running with Unscaled Compressed Oops mode in which the Java heap is
#     placed in the first 4GB address space. The Java Heap base address is the
#     maximum limit for the native heap growth. Please use -XX:HeapBaseMinAddress
#     to set the Java Heap base and to place the Java Heap above 4GB virtual address.
# This output file may be truncated or incomplete.
#
#  Out of Memory Error (arena.cpp:189), pid=7656, tid=10064
#
# JRE version: OpenJDK Runtime Environment (17.0+35) (build 17+35-2724)
# Java VM: OpenJDK 64-Bit Server VM (17+35-2724, mixed mode, sharing, tiered, compressed oops, compressed class ptrs, g1 gc, windows-amd64)
# No core dump will be written. Minidumps are not enabled by default on client versions of Windows
#

---------------  S U M M A R Y ------------

Command Line: -Dmaven.multiModuleProjectDirectory=D:\work\guerrasOlvidadas -Djansi.passthrough=true -Dmaven.home=C:\Users\jhoan\.m2\wrapper\dists\apache-maven-3.9.9-bin\4nf9hui3q3djbarqar9g711ggc\apache-maven-3.9.9 -Dclassworlds.conf=C:\Users\jhoan\.m2\wrapper\dists\apache-maven-3.9.9-bin\4nf9hui3q3djbarqar9g711ggc\apache-maven-3.9.9\bin\m2.conf -Dmaven.ext.class.path=C:\Program Files\JetBrains\IntelliJ IDEA 2024.2.4\plugins\maven\lib\maven-event-listener.jar -javaagent:C:\Program Files\JetBrains\IntelliJ IDEA 2024.2.4\lib\idea_rt.jar=56595:C:\Program Files\JetBrains\IntelliJ IDEA 2024.2.4\bin -Dfile.encoding=UTF-8 org.codehaus.classworlds.Launcher -Didea.version=2024.3 install

Host: Intel(R) Pentium(R) CPU 6405U @ 2.40GHz, 4 cores, 7G,  Windows 10 , 64 bit Build 22621 (10.0.22621.4391)
Time: Wed Nov 27 00:13:15 2024 Hora est. Pacífico, Sudamérica elapsed time: 9.422611 seconds (0d 0h 0m 9s)

---------------  T H R E A D  ---------------

Current thread (0x00000229803818b0):  JavaThread "C2 CompilerThread0" daemon [_thread_in_native, id=10064, stack(0x00000047b7300000,0x00000047b7400000)]


Current CompileTask:
C2:   9422 3832   !   4       org.codehaus.plexus.interpolation.StringSearchInterpolator::interpolate (668 bytes)

Stack: [0x00000047b7300000,0x00000047b7400000]
Native frames: (J=compiled Java code, j=interpreted, Vv=VM code, C=native code)
V  [jvm.dll+0x66f8ea]
V  [jvm.dll+0x7ce224]
V  [jvm.dll+0x7cf9ce]
V  [jvm.dll+0x7d0033]
V  [jvm.dll+0x242bb5]
V  [jvm.dll+0xaa05b]
V  [jvm.dll+0xaa5ec]
V  [jvm.dll+0xaa16b]
V  [jvm.dll+0x64e33c]
V  [jvm.dll+0x5686bc]
V  [jvm.dll+0x567cf7]
V  [jvm.dll+0x5672fe]
V  [jvm.dll+0x5672c5]
V  [jvm.dll+0x5672c5]
V  [jvm.dll+0x567311]
V  [jvm.dll+0x567311]
V  [jvm.dll+0x567311]
V  [jvm.dll+0x567311]
V  [jvm.dll+0x567311]
V  [jvm.dll+0x567311]
V  [jvm.dll+0x567311]
V  [jvm.dll+0x567311]
V  [jvm.dll+0x567311]
V  [jvm.dll+0x567311]
V  [jvm.dll+0x567311]
V  [jvm.dll+0x567311]
V  [jvm.dll+0x5672c5]
V  [jvm.dll+0x578cf8]
V  [jvm.dll+0x21de2d]
V  [jvm.dll+0x217789]
V  [jvm.dll+0x214fb5]
V  [jvm.dll+0x1a168d]
V  [jvm.dll+0x2248f8]
V  [jvm.dll+0x222a5c]
V  [jvm.dll+0x78422b]
V  [jvm.dll+0x77e7ea]
V  [jvm.dll+0x66e715]
C  [ucrtbase.dll+0x29333]
C  [KERNEL32.DLL+0x1259d]
C  [ntdll.dll+0x5af38]


---------------  P R O C E S S  ---------------

Threads class SMR info:
_java_thread_list=0x00000229821787f0, length=14, elements={
0x00000229e2bc3cc0, 0x0000022980366570, 0x0000022980368400, 0x000002298037ac70,
0x000002298037b430, 0x000002298037e1a0, 0x0000022980380770, 0x00000229803818b0,
0x0000022980389f20, 0x000002298038cb90, 0x0000022981062c50, 0x000002298115b1d0,
0x000002298115b6a0, 0x0000022982253850
}

Java Threads: ( => current thread )
  0x00000229e2bc3cc0 JavaThread "main" [_thread_in_native, id=5632, stack(0x00000047b6600000,0x00000047b6700000)]
  0x0000022980366570 JavaThread "Reference Handler" daemon [_thread_blocked, id=9444, stack(0x00000047b6d00000,0x00000047b6e00000)]
  0x0000022980368400 JavaThread "Finalizer" daemon [_thread_blocked, id=14444, stack(0x00000047b6e00000,0x00000047b6f00000)]
  0x000002298037ac70 JavaThread "Signal Dispatcher" daemon [_thread_blocked, id=15092, stack(0x00000047b6f00000,0x00000047b7000000)]
  0x000002298037b430 JavaThread "Attach Listener" daemon [_thread_blocked, id=12264, stack(0x00000047b7000000,0x00000047b7100000)]
  0x000002298037e1a0 JavaThread "Service Thread" daemon [_thread_blocked, id=9780, stack(0x00000047b7100000,0x00000047b7200000)]
  0x0000022980380770 JavaThread "Monitor Deflation Thread" daemon [_thread_blocked, id=14408, stack(0x00000047b7200000,0x00000047b7300000)]
=>0x00000229803818b0 JavaThread "C2 CompilerThread0" daemon [_thread_in_native, id=10064, stack(0x00000047b7300000,0x00000047b7400000)]
  0x0000022980389f20 JavaThread "C1 CompilerThread0" daemon [_thread_blocked, id=10720, stack(0x00000047b7400000,0x00000047b7500000)]
  0x000002298038cb90 JavaThread "Sweeper thread" daemon [_thread_blocked, id=9376, stack(0x00000047b7500000,0x00000047b7600000)]
  0x0000022981062c50 JavaThread "Common-Cleaner" daemon [_thread_blocked, id=1288, stack(0x00000047b7600000,0x00000047b7700000)]
  0x000002298115b1d0 JavaThread "Monitor Ctrl-Break" daemon [_thread_in_native, id=5380, stack(0x00000047b7700000,0x00000047b7800000)]
  0x000002298115b6a0 JavaThread "Notification Thread" daemon [_thread_blocked, id=6300, stack(0x00000047b7800000,0x00000047b7900000)]
  0x0000022982253850 JavaThread "Thread-1" daemon [_thread_blocked, id=1928, stack(0x00000047b7e00000,0x00000047b7f00000)]

Other Threads:
  0x00000229803621e0 VMThread "VM Thread" [stack: 0x00000047b6c00000,0x00000047b6d00000] [id=10928]
  0x00000229e2bc4b30 WatcherThread [stack: 0x00000047b7900000,0x00000047b7a00000] [id=7380]
  0x00000229e2c00b30 GCTaskThread "GC Thread#0" [stack: 0x00000047b6700000,0x00000047b6800000] [id=2184]
  0x0000022981320e10 GCTaskThread "GC Thread#1" [stack: 0x00000047b7a00000,0x00000047b7b00000] [id=9584]
  0x0000022981757ff0 GCTaskThread "GC Thread#2" [stack: 0x00000047b7b00000,0x00000047b7c00000] [id=1528]
  0x000002298180b840 GCTaskThread "GC Thread#3" [stack: 0x00000047b7c00000,0x00000047b7d00000] [id=10208]
  0x00000229e2c12500 ConcurrentGCThread "G1 Main Marker" [stack: 0x00000047b6800000,0x00000047b6900000] [id=5428]
  0x00000229e2c12f10 ConcurrentGCThread "G1 Conc#0" [stack: 0x00000047b6900000,0x00000047b6a00000] [id=15240]
  0x00000229e2c8b7d0 ConcurrentGCThread "G1 Refine#0" [stack: 0x00000047b6a00000,0x00000047b6b00000] [id=4396]
  0x00000229e2c8c990 ConcurrentGCThread "G1 Service" [stack: 0x00000047b6b00000,0x00000047b6c00000] [id=7292]

Threads with active compile tasks:
C2 CompilerThread0     9490 3832   !   4       org.codehaus.plexus.interpolation.StringSearchInterpolator::interpolate (668 bytes)

VM state: not at safepoint (normal execution)

VM Mutex/Monitor currently owned by a thread: None

Heap address: 0x0000000082c00000, size: 2004 MB, Compressed Oops mode: 32-bit

CDS archive(s) mapped at: [0x0000000800000000-0x0000000800bc0000-0x0000000800bc0000), size 12320768, SharedBaseAddress: 0x0000000800000000, ArchiveRelocationMode: 0.
Compressed class space mapped at: 0x0000000800c00000-0x0000000840c00000, reserved size: 1073741824
Narrow klass base: 0x0000000800000000, Narrow klass shift: 0, Narrow klass range: 0x100000000

GC Precious Log:
 CPUs: 4 total, 4 available
 Memory: 8015M
 Large Page Support: Disabled
 NUMA Support: Disabled
 Compressed Oops: Enabled (32-bit)
 Heap Region Size: 1M
 Heap Min Capacity: 8M
 Heap Initial Capacity: 126M
 Heap Max Capacity: 2004M
 Pre-touch: Disabled
 Parallel Workers: 4
 Concurrent Workers: 1
 Concurrent Refinement Workers: 4
 Periodic GC: Disabled

Heap:
 garbage-first heap   total 129024K, used 25543K [0x0000000082c00000, 0x0000000100000000)
  region size 1024K, 23 young (23552K), 10 survivors (10240K)
 Metaspace       used 16095K, committed 16320K, reserved 1064960K
  class space    used 1894K, committed 2048K, reserved 1048576K

Heap Regions: E=young(eden), S=young(survivor), O=old, HS=humongous(starts), HC=humongous(continues), CS=collection set, F=free, OA=open archive, CA=closed archive, TAMS=top-at-mark-start (previous, next)
|   0|0x0000000082c00000, 0x0000000082d00000, 0x0000000082d00000|100%| O|  |TAMS 0x0000000082c00000, 0x0000000082c00000| Untracked 
|   1|0x0000000082d00000, 0x0000000082e00000, 0x0000000082e00000|100%| O|  |TAMS 0x0000000082d00000, 0x0000000082d00000| Untracked 
|   2|0x0000000082e00000, 0x0000000082f00000, 0x0000000082f00000|100%| O|  |TAMS 0x0000000082e00000, 0x0000000082e00000| Untracked 
|   3|0x0000000082f00000, 0x0000000082f20800, 0x0000000083000000| 12%| O|  |TAMS 0x0000000082f00000, 0x0000000082f00000| Untracked 
|   4|0x0000000083000000, 0x0000000083000000, 0x0000000083100000|  0%| F|  |TAMS 0x0000000083000000, 0x0000000083000000| Untracked 
|   5|0x0000000083100000, 0x0000000083100000, 0x0000000083200000|  0%| F|  |TAMS 0x0000000083100000, 0x0000000083100000| Untracked 
|   6|0x0000000083200000, 0x0000000083200000, 0x0000000083300000|  0%| F|  |TAMS 0x0000000083200000, 0x0000000083200000| Untracked 
|   7|0x0000000083300000, 0x0000000083300000, 0x0000000083400000|  0%| F|  |TAMS 0x0000000083300000, 0x0000000083300000| Untracked 
|   8|0x0000000083400000, 0x0000000083400000, 0x0000000083500000|  0%| F|  |TAMS 0x0000000083400000, 0x0000000083400000| Untracked 
|   9|0x0000000083500000, 0x0000000083500000, 0x0000000083600000|  0%| F|  |TAMS 0x0000000083500000, 0x0000000083500000| Untracked 
|  10|0x0000000083600000, 0x0000000083600000, 0x0000000083700000|  0%| F|  |TAMS 0x0000000083600000, 0x0000000083600000| Untracked 
|  11|0x0000000083700000, 0x0000000083700000, 0x0000000083800000|  0%| F|  |TAMS 0x0000000083700000, 0x0000000083700000| Untracked 
|  12|0x0000000083800000, 0x0000000083800000, 0x0000000083900000|  0%| F|  |TAMS 0x0000000083800000, 0x0000000083800000| Untracked 
|  13|0x0000000083900000, 0x0000000083900000, 0x0000000083a00000|  0%| F|  |TAMS 0x0000000083900000, 0x0000000083900000| Untracked 
|  14|0x0000000083a00000, 0x0000000083a00000, 0x0000000083b00000|  0%| F|  |TAMS 0x0000000083a00000, 0x0000000083a00000| Untracked 
|  15|0x0000000083b00000, 0x0000000083b00000, 0x0000000083c00000|  0%| F|  |TAMS 0x0000000083b00000, 0x0000000083b00000| Untracked 
|  16|0x0000000083c00000, 0x0000000083c00000, 0x0000000083d00000|  0%| F|  |TAMS 0x0000000083c00000, 0x0000000083c00000| Untracked 
|  17|0x0000000083d00000, 0x0000000083d00000, 0x0000000083e00000|  0%| F|  |TAMS 0x0000000083d00000, 0x0000000083d00000| Untracked 
|  18|0x0000000083e00000, 0x0000000083e00000, 0x0000000083f00000|  0%| F|  |TAMS 0x0000000083e00000, 0x0000000083e00000| Untracked 
|  19|0x0000000083f00000, 0x0000000083f00000, 0x0000000084000000|  0%| F|  |TAMS 0x0000000083f00000, 0x0000000083f00000| Untracked 
|  20|0x0000000084000000, 0x0000000084000000, 0x0000000084100000|  0%| F|  |TAMS 0x0000000084000000, 0x0000000084000000| Untracked 
|  21|0x0000000084100000, 0x0000000084100000, 0x0000000084200000|  0%| F|  |TAMS 0x0000000084100000, 0x0000000084100000| Untracked 
|  22|0x0000000084200000, 0x0000000084200000, 0x0000000084300000|  0%| F|  |TAMS 0x0000000084200000, 0x0000000084200000| Untracked 
|  23|0x0000000084300000, 0x0000000084300000, 0x0000000084400000|  0%| F|  |TAMS 0x0000000084300000, 0x0000000084300000| Untracked 
|  24|0x0000000084400000, 0x0000000084400000, 0x0000000084500000|  0%| F|  |TAMS 0x0000000084400000, 0x0000000084400000| Untracked 
|  25|0x0000000084500000, 0x0000000084500000, 0x0000000084600000|  0%| F|  |TAMS 0x0000000084500000, 0x0000000084500000| Untracked 
|  26|0x0000000084600000, 0x0000000084600000, 0x0000000084700000|  0%| F|  |TAMS 0x0000000084600000, 0x0000000084600000| Untracked 
|  27|0x0000000084700000, 0x0000000084700000, 0x0000000084800000|  0%| F|  |TAMS 0x0000000084700000, 0x0000000084700000| Untracked 
|  28|0x0000000084800000, 0x0000000084800000, 0x0000000084900000|  0%| F|  |TAMS 0x0000000084800000, 0x0000000084800000| Untracked 
|  29|0x0000000084900000, 0x0000000084900000, 0x0000000084a00000|  0%| F|  |TAMS 0x0000000084900000, 0x0000000084900000| Untracked 
|  30|0x0000000084a00000, 0x0000000084a00000, 0x0000000084b00000|  0%| F|  |TAMS 0x0000000084a00000, 0x0000000084a00000| Untracked 
|  31|0x0000000084b00000, 0x0000000084b00000, 0x0000000084c00000|  0%| F|  |TAMS 0x0000000084b00000, 0x0000000084b00000| Untracked 
|  32|0x0000000084c00000, 0x0000000084c00000, 0x0000000084d00000|  0%| F|  |TAMS 0x0000000084c00000, 0x0000000084c00000| Untracked 
|  33|0x0000000084d00000, 0x0000000084d00000, 0x0000000084e00000|  0%| F|  |TAMS 0x0000000084d00000, 0x0000000084d00000| Untracked 
|  34|0x0000000084e00000, 0x0000000084e00000, 0x0000000084f00000|  0%| F|  |TAMS 0x0000000084e00000, 0x0000000084e00000| Untracked 
|  35|0x0000000084f00000, 0x0000000084f00000, 0x0000000085000000|  0%| F|  |TAMS 0x0000000084f00000, 0x0000000084f00000| Untracked 
|  36|0x0000000085000000, 0x0000000085000000, 0x0000000085100000|  0%| F|  |TAMS 0x0000000085000000, 0x0000000085000000| Untracked 
|  37|0x0000000085100000, 0x0000000085100000, 0x0000000085200000|  0%| F|  |TAMS 0x0000000085100000, 0x0000000085100000| Untracked 
|  38|0x0000000085200000, 0x0000000085200000, 0x0000000085300000|  0%| F|  |TAMS 0x0000000085200000, 0x0000000085200000| Untracked 
|  39|0x0000000085300000, 0x0000000085300000, 0x0000000085400000|  0%| F|  |TAMS 0x0000000085300000, 0x0000000085300000| Untracked 
|  40|0x0000000085400000, 0x0000000085400000, 0x0000000085500000|  0%| F|  |TAMS 0x0000000085400000, 0x0000000085400000| Untracked 
|  41|0x0000000085500000, 0x00000000855d17a8, 0x0000000085600000| 81%| S|CS|TAMS 0x0000000085500000, 0x0000000085500000| Complete 
|  42|0x0000000085600000, 0x0000000085700000, 0x0000000085700000|100%| S|CS|TAMS 0x0000000085600000, 0x0000000085600000| Complete 
|  43|0x0000000085700000, 0x0000000085800000, 0x0000000085800000|100%| S|CS|TAMS 0x0000000085700000, 0x0000000085700000| Complete 
|  44|0x0000000085800000, 0x0000000085900000, 0x0000000085900000|100%| S|CS|TAMS 0x0000000085800000, 0x0000000085800000| Complete 
|  45|0x0000000085900000, 0x0000000085a00000, 0x0000000085a00000|100%| S|CS|TAMS 0x0000000085900000, 0x0000000085900000| Complete 
|  46|0x0000000085a00000, 0x0000000085b00000, 0x0000000085b00000|100%| S|CS|TAMS 0x0000000085a00000, 0x0000000085a00000| Complete 
|  47|0x0000000085b00000, 0x0000000085c00000, 0x0000000085c00000|100%| S|CS|TAMS 0x0000000085b00000, 0x0000000085b00000| Complete 
|  48|0x0000000085c00000, 0x0000000085d00000, 0x0000000085d00000|100%| S|CS|TAMS 0x0000000085c00000, 0x0000000085c00000| Complete 
|  49|0x0000000085d00000, 0x0000000085e00000, 0x0000000085e00000|100%| S|CS|TAMS 0x0000000085d00000, 0x0000000085d00000| Complete 
|  50|0x0000000085e00000, 0x0000000085f00000, 0x0000000085f00000|100%| S|CS|TAMS 0x0000000085e00000, 0x0000000085e00000| Complete 
|  51|0x0000000085f00000, 0x0000000085f00000, 0x0000000086000000|  0%| F|  |TAMS 0x0000000085f00000, 0x0000000085f00000| Untracked 
|  52|0x0000000086000000, 0x0000000086000000, 0x0000000086100000|  0%| F|  |TAMS 0x0000000086000000, 0x0000000086000000| Untracked 
|  53|0x0000000086100000, 0x0000000086100000, 0x0000000086200000|  0%| F|  |TAMS 0x0000000086100000, 0x0000000086100000| Untracked 
|  54|0x0000000086200000, 0x0000000086200000, 0x0000000086300000|  0%| F|  |TAMS 0x0000000086200000, 0x0000000086200000| Untracked 
|  55|0x0000000086300000, 0x0000000086300000, 0x0000000086400000|  0%| F|  |TAMS 0x0000000086300000, 0x0000000086300000| Untracked 
|  56|0x0000000086400000, 0x0000000086400000, 0x0000000086500000|  0%| F|  |TAMS 0x0000000086400000, 0x0000000086400000| Untracked 
|  57|0x0000000086500000, 0x0000000086500000, 0x0000000086600000|  0%| F|  |TAMS 0x0000000086500000, 0x0000000086500000| Untracked 
|  58|0x0000000086600000, 0x0000000086600000, 0x0000000086700000|  0%| F|  |TAMS 0x0000000086600000, 0x0000000086600000| Untracked 
|  59|0x0000000086700000, 0x0000000086700000, 0x0000000086800000|  0%| F|  |TAMS 0x0000000086700000, 0x0000000086700000| Untracked 
|  60|0x0000000086800000, 0x0000000086800000, 0x0000000086900000|  0%| F|  |TAMS 0x0000000086800000, 0x0000000086800000| Untracked 
|  61|0x0000000086900000, 0x0000000086900000, 0x0000000086a00000|  0%| F|  |TAMS 0x0000000086900000, 0x0000000086900000| Untracked 
|  62|0x0000000086a00000, 0x0000000086a00000, 0x0000000086b00000|  0%| F|  |TAMS 0x0000000086a00000, 0x0000000086a00000| Untracked 
|  63|0x0000000086b00000, 0x0000000086b00000, 0x0000000086c00000|  0%| F|  |TAMS 0x0000000086b00000, 0x0000000086b00000| Untracked 
|  64|0x0000000086c00000, 0x0000000086c00000, 0x0000000086d00000|  0%| F|  |TAMS 0x0000000086c00000, 0x0000000086c00000| Untracked 
|  65|0x0000000086d00000, 0x0000000086d00000, 0x0000000086e00000|  0%| F|  |TAMS 0x0000000086d00000, 0x0000000086d00000| Untracked 
|  66|0x0000000086e00000, 0x0000000086e00000, 0x0000000086f00000|  0%| F|  |TAMS 0x0000000086e00000, 0x0000000086e00000| Untracked 
|  67|0x0000000086f00000, 0x0000000086f00000, 0x0000000087000000|  0%| F|  |TAMS 0x0000000086f00000, 0x0000000086f00000| Untracked 
|  68|0x0000000087000000, 0x0000000087000000, 0x0000000087100000|  0%| F|  |TAMS 0x0000000087000000, 0x0000000087000000| Untracked 
|  69|0x0000000087100000, 0x0000000087100000, 0x0000000087200000|  0%| F|  |TAMS 0x0000000087100000, 0x0000000087100000| Untracked 
|  70|0x0000000087200000, 0x0000000087200000, 0x0000000087300000|  0%| F|  |TAMS 0x0000000087200000, 0x0000000087200000| Untracked 
|  71|0x0000000087300000, 0x0000000087300000, 0x0000000087400000|  0%| F|  |TAMS 0x0000000087300000, 0x0000000087300000| Untracked 
|  72|0x0000000087400000, 0x0000000087400000, 0x0000000087500000|  0%| F|  |TAMS 0x0000000087400000, 0x0000000087400000| Untracked 
|  73|0x0000000087500000, 0x0000000087500000, 0x0000000087600000|  0%| F|  |TAMS 0x0000000087500000, 0x0000000087500000| Untracked 
|  74|0x0000000087600000, 0x0000000087600000, 0x0000000087700000|  0%| F|  |TAMS 0x0000000087600000, 0x0000000087600000| Untracked 
|  75|0x0000000087700000, 0x0000000087700000, 0x0000000087800000|  0%| F|  |TAMS 0x0000000087700000, 0x0000000087700000| Untracked 
|  76|0x0000000087800000, 0x0000000087800000, 0x0000000087900000|  0%| F|  |TAMS 0x0000000087800000, 0x0000000087800000| Untracked 
|  77|0x0000000087900000, 0x0000000087900000, 0x0000000087a00000|  0%| F|  |TAMS 0x0000000087900000, 0x0000000087900000| Untracked 
|  78|0x0000000087a00000, 0x0000000087a00000, 0x0000000087b00000|  0%| F|  |TAMS 0x0000000087a00000, 0x0000000087a00000| Untracked 
|  79|0x0000000087b00000, 0x0000000087b00000, 0x0000000087c00000|  0%| F|  |TAMS 0x0000000087b00000, 0x0000000087b00000| Untracked 
|  80|0x0000000087c00000, 0x0000000087c00000, 0x0000000087d00000|  0%| F|  |TAMS 0x0000000087c00000, 0x0000000087c00000| Untracked 
|  81|0x0000000087d00000, 0x0000000087d00000, 0x0000000087e00000|  0%| F|  |TAMS 0x0000000087d00000, 0x0000000087d00000| Untracked 
|  82|0x0000000087e00000, 0x0000000087e00000, 0x0000000087f00000|  0%| F|  |TAMS 0x0000000087e00000, 0x0000000087e00000| Untracked 
|  83|0x0000000087f00000, 0x0000000087f00000, 0x0000000088000000|  0%| F|  |TAMS 0x0000000087f00000, 0x0000000087f00000| Untracked 
|  84|0x0000000088000000, 0x0000000088000000, 0x0000000088100000|  0%| F|  |TAMS 0x0000000088000000, 0x0000000088000000| Untracked 
|  85|0x0000000088100000, 0x0000000088100000, 0x0000000088200000|  0%| F|  |TAMS 0x0000000088100000, 0x0000000088100000| Untracked 
|  86|0x0000000088200000, 0x0000000088200000, 0x0000000088300000|  0%| F|  |TAMS 0x0000000088200000, 0x0000000088200000| Untracked 
|  87|0x0000000088300000, 0x0000000088300000, 0x0000000088400000|  0%| F|  |TAMS 0x0000000088300000, 0x0000000088300000| Untracked 
|  88|0x0000000088400000, 0x0000000088400000, 0x0000000088500000|  0%| F|  |TAMS 0x0000000088400000, 0x0000000088400000| Untracked 
|  89|0x0000000088500000, 0x0000000088500000, 0x0000000088600000|  0%| F|  |TAMS 0x0000000088500000, 0x0000000088500000| Untracked 
|  90|0x0000000088600000, 0x0000000088600000, 0x0000000088700000|  0%| F|  |TAMS 0x0000000088600000, 0x0000000088600000| Untracked 
|  91|0x0000000088700000, 0x0000000088700000, 0x0000000088800000|  0%| F|  |TAMS 0x0000000088700000, 0x0000000088700000| Untracked 
|  92|0x0000000088800000, 0x0000000088800000, 0x0000000088900000|  0%| F|  |TAMS 0x0000000088800000, 0x0000000088800000| Untracked 
|  93|0x0000000088900000, 0x0000000088900000, 0x0000000088a00000|  0%| F|  |TAMS 0x0000000088900000, 0x0000000088900000| Untracked 
|  94|0x0000000088a00000, 0x0000000088a00000, 0x0000000088b00000|  0%| F|  |TAMS 0x0000000088a00000, 0x0000000088a00000| Untracked 
|  95|0x0000000088b00000, 0x0000000088b00000, 0x0000000088c00000|  0%| F|  |TAMS 0x0000000088b00000, 0x0000000088b00000| Untracked 
|  96|0x0000000088c00000, 0x0000000088c00000, 0x0000000088d00000|  0%| F|  |TAMS 0x0000000088c00000, 0x0000000088c00000| Untracked 
|  97|0x0000000088d00000, 0x0000000088d00000, 0x0000000088e00000|  0%| F|  |TAMS 0x0000000088d00000, 0x0000000088d00000| Untracked 
|  98|0x0000000088e00000, 0x0000000088e00000, 0x0000000088f00000|  0%| F|  |TAMS 0x0000000088e00000, 0x0000000088e00000| Untracked 
|  99|0x0000000088f00000, 0x0000000088f00000, 0x0000000089000000|  0%| F|  |TAMS 0x0000000088f00000, 0x0000000088f00000| Untracked 
| 100|0x0000000089000000, 0x0000000089000000, 0x0000000089100000|  0%| F|  |TAMS 0x0000000089000000, 0x0000000089000000| Untracked 
| 101|0x0000000089100000, 0x0000000089100000, 0x0000000089200000|  0%| F|  |TAMS 0x0000000089100000, 0x0000000089100000| Untracked 
| 102|0x0000000089200000, 0x0000000089200000, 0x0000000089300000|  0%| F|  |TAMS 0x0000000089200000, 0x0000000089200000| Untracked 
| 103|0x0000000089300000, 0x0000000089300000, 0x0000000089400000|  0%| F|  |TAMS 0x0000000089300000, 0x0000000089300000| Untracked 
| 104|0x0000000089400000, 0x0000000089400000, 0x0000000089500000|  0%| F|  |TAMS 0x0000000089400000, 0x0000000089400000| Untracked 
| 105|0x0000000089500000, 0x0000000089500000, 0x0000000089600000|  0%| F|  |TAMS 0x0000000089500000, 0x0000000089500000| Untracked 
| 106|0x0000000089600000, 0x0000000089600000, 0x0000000089700000|  0%| F|  |TAMS 0x0000000089600000, 0x0000000089600000| Untracked 
| 107|0x0000000089700000, 0x0000000089700000, 0x0000000089800000|  0%| F|  |TAMS 0x0000000089700000, 0x0000000089700000| Untracked 
| 108|0x0000000089800000, 0x0000000089800000, 0x0000000089900000|  0%| F|  |TAMS 0x0000000089800000, 0x0000000089800000| Untracked 
| 109|0x0000000089900000, 0x0000000089900000, 0x0000000089a00000|  0%| F|  |TAMS 0x0000000089900000, 0x0000000089900000| Untracked 
| 110|0x0000000089a00000, 0x0000000089a00000, 0x0000000089b00000|  0%| F|  |TAMS 0x0000000089a00000, 0x0000000089a00000| Untracked 
| 111|0x0000000089b00000, 0x0000000089b00000, 0x0000000089c00000|  0%| F|  |TAMS 0x0000000089b00000, 0x0000000089b00000| Untracked 
| 112|0x0000000089c00000, 0x0000000089c00000, 0x0000000089d00000|  0%| F|  |TAMS 0x0000000089c00000, 0x0000000089c00000| Untracked 
| 113|0x0000000089d00000, 0x0000000089d80800, 0x0000000089e00000| 50%| E|  |TAMS 0x0000000089d00000, 0x0000000089d00000| Complete 
| 114|0x0000000089e00000, 0x0000000089f00000, 0x0000000089f00000|100%| E|CS|TAMS 0x0000000089e00000, 0x0000000089e00000| Complete 
| 115|0x0000000089f00000, 0x000000008a000000, 0x000000008a000000|100%| E|CS|TAMS 0x0000000089f00000, 0x0000000089f00000| Complete 
| 116|0x000000008a000000, 0x000000008a100000, 0x000000008a100000|100%| E|CS|TAMS 0x000000008a000000, 0x000000008a000000| Complete 
| 117|0x000000008a100000, 0x000000008a200000, 0x000000008a200000|100%| E|CS|TAMS 0x000000008a100000, 0x000000008a100000| Complete 
| 118|0x000000008a200000, 0x000000008a300000, 0x000000008a300000|100%| E|CS|TAMS 0x000000008a200000, 0x000000008a200000| Complete 
| 119|0x000000008a300000, 0x000000008a400000, 0x000000008a400000|100%| E|CS|TAMS 0x000000008a300000, 0x000000008a300000| Complete 
| 120|0x000000008a400000, 0x000000008a500000, 0x000000008a500000|100%| E|CS|TAMS 0x000000008a400000, 0x000000008a400000| Complete 
| 121|0x000000008a500000, 0x000000008a600000, 0x000000008a600000|100%| E|CS|TAMS 0x000000008a500000, 0x000000008a500000| Complete 
| 122|0x000000008a600000, 0x000000008a700000, 0x000000008a700000|100%| E|CS|TAMS 0x000000008a600000, 0x000000008a600000| Complete 
| 123|0x000000008a700000, 0x000000008a800000, 0x000000008a800000|100%| E|CS|TAMS 0x000000008a700000, 0x000000008a700000| Complete 
| 124|0x000000008a800000, 0x000000008a900000, 0x000000008a900000|100%| E|CS|TAMS 0x000000008a800000, 0x000000008a800000| Complete 
| 125|0x000000008a900000, 0x000000008aa00000, 0x000000008aa00000|100%| E|CS|TAMS 0x000000008a900000, 0x000000008a900000| Complete 

Card table byte_map: [0x00000229f97a0000,0x00000229f9b90000] _byte_map_base: 0x00000229f938a000

Marking Bits (Prev, Next): (CMBitMap*) 0x00000229e2c02150, (CMBitMap*) 0x00000229e2c02190
 Prev Bits: [0x00000229f9f80000, 0x00000229fbed0000)
 Next Bits: [0x00000229fbed0000, 0x00000229fde20000)

Polling page: 0x00000229e2390000

Metaspace:

Usage:
  Non-class:     13.87 MB used.
      Class:      1.85 MB used.
       Both:     15.72 MB used.

Virtual space:
  Non-class space:       16.00 MB reserved,      13.94 MB ( 87%) committed,  2 nodes.
      Class space:        1.00 GB reserved,       2.00 MB ( <1%) committed,  1 nodes.
             Both:        1.02 GB reserved,      15.94 MB (  2%) committed. 

Chunk freelists:
   Non-Class:  1.81 MB
       Class:  1.87 MB
        Both:  3.68 MB

MaxMetaspaceSize: unlimited
CompressedClassSpaceSize: 1.00 GB
Initial GC threshold: 21.00 MB
Current GC threshold: 21.00 MB
CDS: on
MetaspaceReclaimPolicy: balanced
 - commit_granule_bytes: 65536.
 - commit_granule_words: 8192.
 - virtual_space_node_default_size: 1048576.
 - enlarge_chunks_in_place: 1.
 - new_chunks_are_fully_committed: 0.
 - uncommit_free_chunks: 1.
 - use_allocation_guard: 0.
 - handle_deallocations: 1.


Internal statistics:

num_allocs_failed_limit: 0.
num_arena_births: 98.
num_arena_deaths: 0.
num_vsnodes_births: 3.
num_vsnodes_deaths: 0.
num_space_committed: 255.
num_space_uncommitted: 0.
num_chunks_returned_to_freelist: 0.
num_chunks_taken_from_freelist: 659.
num_chunk_merges: 0.
num_chunk_splits: 437.
num_chunks_enlarged: 348.
num_purges: 0.
num_inconsistent_stats: 0.

CodeHeap 'non-profiled nmethods': size=120000Kb used=1929Kb max_used=1929Kb free=118070Kb
 bounds [0x00000229f1e80000, 0x00000229f20f0000, 0x00000229f93b0000]
CodeHeap 'profiled nmethods': size=120000Kb used=8004Kb max_used=8004Kb free=111995Kb
 bounds [0x00000229ea950000, 0x00000229eb130000, 0x00000229f1e80000]
CodeHeap 'non-nmethods': size=5760Kb used=1174Kb max_used=1230Kb free=4585Kb
 bounds [0x00000229ea3b0000, 0x00000229ea620000, 0x00000229ea950000]
 total_blobs=4353 nmethods=3885 adapters=381
 compilation: enabled
              stopped_count=0, restarted_count=0
 full_count=0

Compilation events (20 events):
Event: 9.325 Thread 0x0000022980389f20 3866       3       java.util.ArrayList::hashCode (22 bytes)
Event: 9.325 Thread 0x0000022980389f20 nmethod 3866 0x00000229eb10fb10 code [0x00000229eb10fce0, 0x00000229eb110038]
Event: 9.325 Thread 0x0000022980389f20 3864       3       java.lang.String::split (7 bytes)
Event: 9.325 Thread 0x0000022980389f20 nmethod 3864 0x00000229eb110190 code [0x00000229eb110320, 0x00000229eb110468]
Event: 9.327 Thread 0x0000022980389f20 3867       3       org.apache.maven.model.building.DefaultModelBuilder$$Lambda$143/0x0000000800e01668::<init> (26 bytes)
Event: 9.327 Thread 0x0000022980389f20 nmethod 3867 0x00000229eb110510 code [0x00000229eb1106c0, 0x00000229eb110998]
Event: 9.327 Thread 0x0000022980389f20 3868       1       org.apache.maven.model.ActivationProperty::setValue (6 bytes)
Event: 9.328 Thread 0x0000022980389f20 nmethod 3868 0x00000229f2061490 code [0x00000229f2061620, 0x00000229f2061738]
Event: 9.328 Thread 0x0000022980389f20 3869       3       org.apache.maven.model.interpolation.StringVisitorModelInterpolator$ModelVisitor::visit (87 bytes)
Event: 9.329 Thread 0x0000022980389f20 nmethod 3869 0x00000229eb110a90 code [0x00000229eb110d00, 0x00000229eb111a28]
Event: 9.329 Thread 0x0000022980389f20 3870       3       org.codehaus.plexus.interpolation.SimpleRecursionInterceptor::<init> (16 bytes)
Event: 9.330 Thread 0x0000022980389f20 nmethod 3870 0x00000229eb111e10 code [0x00000229eb111fe0, 0x00000229eb112388]
Event: 9.378 Thread 0x0000022980389f20 3872   !   3       java.nio.channels.spi.AbstractInterruptibleChannel::close (37 bytes)
Event: 9.379 Thread 0x0000022980389f20 nmethod 3872 0x00000229eb112510 code [0x00000229eb1126c0, 0x00000229eb112988]
Event: 9.379 Thread 0x0000022980389f20 3873  s!   3       java.io.FileDescriptor::closeAll (163 bytes)
Event: 9.380 Thread 0x0000022980389f20 nmethod 3873 0x00000229eb112a90 code [0x00000229eb112d00, 0x00000229eb113ba8]
Event: 9.392 Thread 0x0000022980389f20 3874       1       org.apache.maven.model.DependencyManagement::setDependencies (6 bytes)
Event: 9.392 Thread 0x0000022980389f20 nmethod 3874 0x00000229f2061790 code [0x00000229f2061920, 0x00000229f2061a38]
Event: 9.394 Thread 0x0000022980389f20 3875       1       org.eclipse.aether.util.version.GenericVersionConstraint::getRange (5 bytes)
Event: 9.395 Thread 0x0000022980389f20 nmethod 3875 0x00000229f2061a90 code [0x00000229f2061c20, 0x00000229f2061cf8]

GC Heap History (8 events):
Event: 1.264 GC heap before
{Heap before GC invocations=0 (full 0):
 garbage-first heap   total 129024K, used 12288K [0x0000000082c00000, 0x0000000100000000)
  region size 1024K, 13 young (13312K), 0 survivors (0K)
 Metaspace       used 2942K, committed 3072K, reserved 1056768K
  class space    used 295K, committed 384K, reserved 1048576K
}
Event: 1.272 GC heap after
{Heap after GC invocations=1 (full 0):
 garbage-first heap   total 129024K, used 3083K [0x0000000082c00000, 0x0000000100000000)
  region size 1024K, 2 young (2048K), 2 survivors (2048K)
 Metaspace       used 2942K, committed 3072K, reserved 1056768K
  class space    used 295K, committed 384K, reserved 1048576K
}
Event: 2.080 GC heap before
{Heap before GC invocations=1 (full 0):
 garbage-first heap   total 129024K, used 16395K [0x0000000082c00000, 0x0000000100000000)
  region size 1024K, 15 young (15360K), 2 survivors (2048K)
 Metaspace       used 5786K, committed 5952K, reserved 1056768K
  class space    used 690K, committed 768K, reserved 1048576K
}
Event: 2.087 GC heap after
{Heap after GC invocations=2 (full 0):
 garbage-first heap   total 129024K, used 3962K [0x0000000082c00000, 0x0000000100000000)
  region size 1024K, 1 young (1024K), 1 survivors (1024K)
 Metaspace       used 5786K, committed 5952K, reserved 1056768K
  class space    used 690K, committed 768K, reserved 1048576K
}
Event: 3.425 GC heap before
{Heap before GC invocations=2 (full 0):
 garbage-first heap   total 129024K, used 34682K [0x0000000082c00000, 0x0000000100000000)
  region size 1024K, 31 young (31744K), 1 survivors (1024K)
 Metaspace       used 9077K, committed 9280K, reserved 1064960K
  class space    used 1085K, committed 1216K, reserved 1048576K
}
Event: 3.429 GC heap after
{Heap after GC invocations=3 (full 0):
 garbage-first heap   total 129024K, used 4912K [0x0000000082c00000, 0x0000000100000000)
  region size 1024K, 2 young (2048K), 2 survivors (2048K)
 Metaspace       used 9077K, committed 9280K, reserved 1064960K
  class space    used 1085K, committed 1216K, reserved 1048576K
}
Event: 8.769 GC heap before
{Heap before GC invocations=3 (full 0):
 garbage-first heap   total 129024K, used 79664K [0x0000000082c00000, 0x0000000100000000)
  region size 1024K, 75 young (76800K), 2 survivors (2048K)
 Metaspace       used 15989K, committed 16192K, reserved 1064960K
  class space    used 1892K, committed 1984K, reserved 1048576K
}
Event: 8.791 GC heap after
{Heap after GC invocations=4 (full 0):
 garbage-first heap   total 129024K, used 13255K [0x0000000082c00000, 0x0000000100000000)
  region size 1024K, 10 young (10240K), 10 survivors (10240K)
 Metaspace       used 15989K, committed 16192K, reserved 1064960K
  class space    used 1892K, committed 1984K, reserved 1048576K
}

Deoptimization events (20 events):
Event: 8.907 Thread 0x00000229e2bc3cc0 DEOPT PACKING pc=0x00000229f2051ec4 sp=0x00000047b66fc030
Event: 8.907 Thread 0x00000229e2bc3cc0 DEOPT UNPACKING pc=0x00000229ea40239d sp=0x00000047b66fbfc0 mode 2
Event: 9.264 Thread 0x00000229e2bc3cc0 Uncommon trap: trap_request=0xffffff45 fr.pc=0x00000229f204f2d4 relative=0x0000000000000654
Event: 9.264 Thread 0x00000229e2bc3cc0 Uncommon trap: reason=unstable_if action=reinterpret pc=0x00000229f204f2d4 method=org.codehaus.plexus.util.xml.pull.MXParser.isValidCodePoint(I)Z @ 3 c2
Event: 9.264 Thread 0x00000229e2bc3cc0 DEOPT PACKING pc=0x00000229f204f2d4 sp=0x00000047b66fc150
Event: 9.264 Thread 0x00000229e2bc3cc0 DEOPT UNPACKING pc=0x00000229ea40239d sp=0x00000047b66fc098 mode 2
Event: 9.264 Thread 0x00000229e2bc3cc0 Uncommon trap: trap_request=0xffffff45 fr.pc=0x00000229f20168d0 relative=0x0000000000000050
Event: 9.264 Thread 0x00000229e2bc3cc0 Uncommon trap: reason=unstable_if action=reinterpret pc=0x00000229f20168d0 method=org.codehaus.plexus.util.xml.pull.MXParser.isValidCodePoint(I)Z @ 3 c2
Event: 9.264 Thread 0x00000229e2bc3cc0 DEOPT PACKING pc=0x00000229f20168d0 sp=0x00000047b66fc0f0
Event: 9.264 Thread 0x00000229e2bc3cc0 DEOPT UNPACKING pc=0x00000229ea40239d sp=0x00000047b66fc088 mode 2
Event: 9.317 Thread 0x00000229e2bc3cc0 Uncommon trap: trap_request=0xffffff45 fr.pc=0x00000229f1f0198c relative=0x00000000000005cc
Event: 9.317 Thread 0x00000229e2bc3cc0 Uncommon trap: reason=unstable_if action=reinterpret pc=0x00000229f1f0198c method=java.lang.String.regionMatches(ZILjava/lang/String;II)Z @ 21 c2
Event: 9.317 Thread 0x00000229e2bc3cc0 DEOPT PACKING pc=0x00000229f1f0198c sp=0x00000047b66fc4c0
Event: 9.317 Thread 0x00000229e2bc3cc0 DEOPT UNPACKING pc=0x00000229ea40239d sp=0x00000047b66fc468 mode 2
Event: 9.329 Thread 0x00000229e2bc3cc0 Uncommon trap: trap_request=0xffffff45 fr.pc=0x00000229f1fb2ae0 relative=0x00000000000001c0
Event: 9.329 Thread 0x00000229e2bc3cc0 Uncommon trap: reason=unstable_if action=reinterpret pc=0x00000229f1fb2ae0 method=java.util.HashMap.getNode(Ljava/lang/Object;)Ljava/util/HashMap$Node; @ 66 c2
Event: 9.329 Thread 0x00000229e2bc3cc0 DEOPT PACKING pc=0x00000229f1fb2ae0 sp=0x00000047b66fc9a0
Event: 9.329 Thread 0x00000229e2bc3cc0 DEOPT UNPACKING pc=0x00000229ea40239d sp=0x00000047b66fc8b0 mode 2
Event: 9.366 Thread 0x00000229e2bc3cc0 DEOPT PACKING pc=0x00000229eb0f9cad sp=0x00000047b66fbe20
Event: 9.366 Thread 0x00000229e2bc3cc0 DEOPT UNPACKING pc=0x00000229ea402b24 sp=0x00000047b66fb328 mode 0

Classes unloaded (0 events):
No events

Classes redefined (0 events):
No events

Internal exceptions (20 events):
Event: 1.581 Thread 0x00000229e2bc3cc0 Exception <a 'java/lang/NoSuchMethodError'{0x000000008a51e1d8}: 'void java.lang.invoke.DirectMethodHandle$Holder.invokeSpecial(java.lang.Object, java.lang.Object, java.lang.Object)'> (0x000000008a51e1d8) 
thrown [t:\workspace\open\src\hotspot\share\interpreter\linkResolver.cpp, line 766]
Event: 1.664 Thread 0x00000229e2bc3cc0 Exception <a 'java/lang/NoSuchMethodError'{0x000000008a48ba78}: 'java.lang.Object java.lang.invoke.DirectMethodHandle$Holder.invokeInterface(java.lang.Object, java.lang.Object)'> (0x000000008a48ba78) 
thrown [t:\workspace\open\src\hotspot\share\interpreter\linkResolver.cpp, line 766]
Event: 1.705 Thread 0x00000229e2bc3cc0 Exception <a 'java/lang/NoSuchMethodError'{0x000000008a33de28}: 'java.lang.Object java.lang.invoke.Invokers$Holder.invokeExact_MT(java.lang.Object, java.lang.Object, java.lang.Object, java.lang.Object, java.lang.Object, java.lang.Object)'> (0x000000008a33de28) 
thrown [t:\workspace\open\src\hotspot\share\interpreter\linkResolver.cpp, line 766]
Event: 1.710 Thread 0x00000229e2bc3cc0 Exception <a 'java/lang/NoSuchMethodError'{0x000000008a34f580}: 'int java.lang.invoke.DirectMethodHandle$Holder.invokeSpecialIFC(java.lang.Object, java.lang.Object, java.lang.Object, java.lang.Object, java.lang.Object)'> (0x000000008a34f580) 
thrown [t:\workspace\open\src\hotspot\share\interpreter\linkResolver.cpp, line 766]
Event: 1.850 Thread 0x00000229e2bc3cc0 Exception <a 'java/lang/NoSuchMethodError'{0x000000008a10b238}: 'java.lang.Object java.lang.invoke.DirectMethodHandle$Holder.newInvokeSpecial(java.lang.Object, java.lang.Object, java.lang.Object, java.lang.Object, java.lang.Object)'> (0x000000008a10b238) 
thrown [t:\workspace\open\src\hotspot\share\interpreter\linkResolver.cpp, line 766]
Event: 1.921 Thread 0x00000229e2bc3cc0 Exception <a 'java/lang/NoSuchMethodError'{0x000000008a01c630}: 'int java.lang.invoke.DirectMethodHandle$Holder.invokeStaticInit(java.lang.Object, java.lang.Object)'> (0x000000008a01c630) 
thrown [t:\workspace\open\src\hotspot\share\interpreter\linkResolver.cpp, line 766]
Event: 1.947 Thread 0x00000229e2bc3cc0 Exception <a 'java/lang/NoClassDefFoundError'{0x000000008a0578d8}: javax/enterprise/inject/Typed> (0x000000008a0578d8) 
thrown [t:\workspace\open\src\hotspot\share\classfile\systemDictionary.cpp, line 245]
Event: 3.961 Thread 0x00000229e2bc3cc0 Exception <a 'java/lang/NoSuchMethodError'{0x000000008a0a2698}: 'void java.lang.invoke.DirectMethodHandle$Holder.invokeStaticInit(java.lang.Object, java.lang.Object, java.lang.Object)'> (0x000000008a0a2698) 
thrown [t:\workspace\open\src\hotspot\share\interpreter\linkResolver.cpp, line 766]
Event: 3.972 Thread 0x00000229e2bc3cc0 Exception <a 'java/lang/ExceptionInInitializerError'{0x000000008a0cf038}> (0x000000008a0cf038) 
thrown [t:\workspace\open\src\hotspot\share\oops\instanceKlass.cpp, line 1163]
Event: 4.033 Thread 0x00000229e2bc3cc0 Implicit null exception at 0x00000229f1efa5af to 0x00000229f1efa6c4
Event: 4.037 Thread 0x00000229e2bc3cc0 Exception <a 'java/lang/NoSuchMethodError'{0x0000000089fe7f60}: 'java.lang.Object java.lang.invoke.Invokers$Holder.invokeExact_MT(java.lang.Object, int, java.lang.Object)'> (0x0000000089fe7f60) 
thrown [t:\workspace\open\src\hotspot\share\interpreter\linkResolver.cpp, line 766]
Event: 4.059 Thread 0x00000229e2bc3cc0 Exception <a 'java/lang/NoSuchMethodError'{0x0000000089e59550}: 'int java.lang.invoke.DirectMethodHandle$Holder.invokeSpecial(java.lang.Object, java.lang.Object, java.lang.Object, java.lang.Object)'> (0x0000000089e59550) 
thrown [t:\workspace\open\src\hotspot\share\interpreter\linkResolver.cpp, line 766]
Event: 4.808 Thread 0x00000229e2bc3cc0 Exception <a 'java/lang/NoClassDefFoundError'{0x000000008951d2f0}: com/google/inject/servlet/ServletModuleTargetVisitor> (0x000000008951d2f0) 
thrown [t:\workspace\open\src\hotspot\share\classfile\systemDictionary.cpp, line 245]
Event: 4.956 Thread 0x00000229e2bc3cc0 Exception <a 'java/lang/NoSuchMethodError'{0x00000000893a74a8}: 'void java.lang.invoke.DirectMethodHandle$Holder.invokeVirtual(java.lang.Object, java.lang.Object)'> (0x00000000893a74a8) 
thrown [t:\workspace\open\src\hotspot\share\interpreter\linkResolver.cpp, line 766]
Event: 4.997 Thread 0x00000229e2bc3cc0 Exception <a 'java/lang/NoSuchMethodError'{0x000000008922f448}: 'java.lang.Object java.lang.invoke.DirectMethodHandle$Holder.invokeStaticInit(java.lang.Object, int, int, int, int)'> (0x000000008922f448) 
thrown [t:\workspace\open\src\hotspot\share\interpreter\linkResolver.cpp, line 766]
Event: 5.280 Thread 0x00000229e2bc3cc0 Implicit null exception at 0x00000229f1eaf372 to 0x00000229f1eaf8c0
Event: 5.280 Thread 0x00000229e2bc3cc0 Implicit null exception at 0x00000229f1eabc72 to 0x00000229f1eac1dc
Event: 5.387 Thread 0x00000229e2bc3cc0 Exception <a 'java/lang/NoSuchMethodError'{0x0000000088c84508}: 'void java.lang.invoke.DirectMethodHandle$Holder.invokeSpecial(java.lang.Object, java.lang.Object, java.lang.Object, java.lang.Object, java.lang.Object)'> (0x0000000088c84508) 
thrown [t:\workspace\open\src\hotspot\share\interpreter\linkResolver.cpp, line 766]
Event: 5.398 Thread 0x00000229e2bc3cc0 Exception <a 'java/lang/NoSuchMethodError'{0x0000000088c9d638}: 'void java.lang.invoke.DirectMethodHandle$Holder.invokeSpecial(java.lang.Object, java.lang.Object, java.lang.Object, java.lang.Object, java.lang.Object, java.lang.Object)'> (0x0000000088c9d638) 
thrown [t:\workspace\open\src\hotspot\share\interpreter\linkResolver.cpp, line 766]
Event: 5.485 Thread 0x00000229e2bc3cc0 Exception <a 'java/lang/NoSuchMethodError'{0x0000000088b9b538}: 'java.lang.Object java.lang.invoke.DirectMethodHandle$Holder.invokeVirtual(java.lang.Object, java.lang.Object, java.lang.Object)'> (0x0000000088b9b538) 
thrown [t:\workspace\open\src\hotspot\share\interpreter\linkResolver.cpp, line 766]

VM Operations (20 events):
Event: 4.976 Executing VM operation: HandshakeAllThreads
Event: 4.977 Executing VM operation: HandshakeAllThreads done
Event: 5.045 Executing VM operation: HandshakeAllThreads
Event: 5.045 Executing VM operation: HandshakeAllThreads done
Event: 5.105 Executing VM operation: ICBufferFull
Event: 5.105 Executing VM operation: ICBufferFull done
Event: 5.215 Executing VM operation: HandshakeAllThreads
Event: 5.216 Executing VM operation: HandshakeAllThreads done
Event: 5.217 Executing VM operation: HandshakeAllThreads
Event: 5.217 Executing VM operation: HandshakeAllThreads done
Event: 6.231 Executing VM operation: Cleanup
Event: 6.232 Executing VM operation: Cleanup done
Event: 6.508 Executing VM operation: HandshakeAllThreads
Event: 6.508 Executing VM operation: HandshakeAllThreads done
Event: 7.377 Executing VM operation: ICBufferFull
Event: 7.378 Executing VM operation: ICBufferFull done
Event: 8.388 Executing VM operation: Cleanup
Event: 8.389 Executing VM operation: Cleanup done
Event: 8.769 Executing VM operation: G1CollectForAllocation
Event: 8.791 Executing VM operation: G1CollectForAllocation done

Events (20 events):
Event: 5.545 loading class sun/util/resources/LocaleData$CommonResourceBundleProvider done
Event: 5.545 loading class sun/util/resources/Bundles$2
Event: 5.546 loading class sun/util/resources/Bundles$2 done
Event: 5.799 loading class java/util/stream/Streams$RangeIntSpliterator
Event: 5.800 loading class java/util/stream/Streams$RangeIntSpliterator done
Event: 6.947 loading class java/lang/invoke/MethodHandle$1
Event: 6.947 loading class java/lang/invoke/MethodHandle$1 done
Event: 7.095 loading class java/util/stream/MatchOps$MatchKind
Event: 7.095 loading class java/util/stream/MatchOps$MatchKind done
Event: 7.095 loading class java/util/stream/MatchOps
Event: 7.095 loading class java/util/stream/MatchOps done
Event: 7.095 loading class java/util/stream/MatchOps$MatchOp
Event: 7.095 loading class java/util/stream/MatchOps$MatchOp done
Event: 7.096 loading class java/util/stream/MatchOps$BooleanTerminalSink
Event: 7.096 loading class java/util/stream/MatchOps$BooleanTerminalSink done
Event: 7.097 loading class java/util/stream/MatchOps$1MatchSink
Event: 7.097 loading class java/util/stream/MatchOps$1MatchSink done
Event: 7.713 Thread 0x000002298287a010 Thread exited: 0x000002298287a010
Event: 7.745 Thread 0x000002298247ea10 Thread added: 0x000002298247ea10
Event: 8.502 Thread 0x000002298247ea10 Thread exited: 0x000002298247ea10


Dynamic libraries:
0x00007ff7a0a70000 - 0x00007ff7a0a7e000 	C:\Program Files\jdk-17\bin\java.exe
0x00007ff833770000 - 0x00007ff833987000 	C:\WINDOWS\SYSTEM32\ntdll.dll
0x00007ff832390000 - 0x00007ff832454000 	C:\WINDOWS\System32\KERNEL32.DLL
0x00007ff830cb0000 - 0x00007ff831069000 	C:\WINDOWS\System32\KERNELBASE.dll
0x00007ff831340000 - 0x00007ff831451000 	C:\WINDOWS\System32\ucrtbase.dll
0x00007ff817f60000 - 0x00007ff817f7a000 	C:\Program Files\jdk-17\bin\VCRUNTIME140.dll
0x00007ff817f40000 - 0x00007ff817f58000 	C:\Program Files\jdk-17\bin\jli.dll
0x00007ff8321e0000 - 0x00007ff83238e000 	C:\WINDOWS\System32\USER32.dll
0x00007ff831460000 - 0x00007ff831486000 	C:\WINDOWS\System32\win32u.dll
0x00007ff831b90000 - 0x00007ff831bb9000 	C:\WINDOWS\System32\GDI32.dll
0x00007ff8310e0000 - 0x00007ff8311fb000 	C:\WINDOWS\System32\gdi32full.dll
0x00007ff830c10000 - 0x00007ff830caa000 	C:\WINDOWS\System32\msvcp_win.dll
0x00007ff8139b0000 - 0x00007ff813c42000 	C:\WINDOWS\WinSxS\amd64_microsoft.windows.common-controls_6595b64144ccf1df_6.0.22621.4391_none_2715d37f73803e96\COMCTL32.dll
0x00007ff831920000 - 0x00007ff8319c7000 	C:\WINDOWS\System32\msvcrt.dll
0x00007ff832f70000 - 0x00007ff832fa1000 	C:\WINDOWS\System32\IMM32.DLL
0x00007ff82a0b0000 - 0x00007ff82a0bc000 	C:\Program Files\jdk-17\bin\vcruntime140_1.dll
0x00007ff80b350000 - 0x00007ff80b3dd000 	C:\Program Files\jdk-17\bin\msvcp140.dll
0x00007fffe3d30000 - 0x00007fffe48ee000 	C:\Program Files\jdk-17\bin\server\jvm.dll
0x00007ff831d80000 - 0x00007ff831e32000 	C:\WINDOWS\System32\ADVAPI32.dll
0x00007ff832e60000 - 0x00007ff832f07000 	C:\WINDOWS\System32\sechost.dll
0x00007ff830a70000 - 0x00007ff830a98000 	C:\WINDOWS\System32\bcrypt.dll
0x00007ff8320c0000 - 0x00007ff8321d4000 	C:\WINDOWS\System32\RPCRT4.dll
0x00007ff831910000 - 0x00007ff831918000 	C:\WINDOWS\System32\PSAPI.DLL
0x00007ff803690000 - 0x00007ff803699000 	C:\WINDOWS\SYSTEM32\WSOCK32.dll
0x00007ff832460000 - 0x00007ff8324d1000 	C:\WINDOWS\System32\WS2_32.dll
0x00007ff8292d0000 - 0x00007ff829304000 	C:\WINDOWS\SYSTEM32\WINMM.dll
0x00007ff821720000 - 0x00007ff82172a000 	C:\WINDOWS\SYSTEM32\VERSION.dll
0x00007ff82fa70000 - 0x00007ff82fa88000 	C:\WINDOWS\SYSTEM32\kernel.appcore.dll
0x00007ff828520000 - 0x00007ff82852a000 	C:\Program Files\jdk-17\bin\jimage.dll
0x00007ff82e2a0000 - 0x00007ff82e4d2000 	C:\WINDOWS\SYSTEM32\DBGHELP.DLL
0x00007ff8333a0000 - 0x00007ff83372f000 	C:\WINDOWS\System32\combase.dll
0x00007ff8319d0000 - 0x00007ff831aa7000 	C:\WINDOWS\System32\OLEAUT32.dll
0x00007ff8133d0000 - 0x00007ff813402000 	C:\WINDOWS\SYSTEM32\dbgcore.DLL
0x00007ff8312c0000 - 0x00007ff83133b000 	C:\WINDOWS\System32\bcryptPrimitives.dll
0x00007ff80b050000 - 0x00007ff80b05e000 	C:\Program Files\jdk-17\bin\instrument.dll
0x00007ff80c740000 - 0x00007ff80c765000 	C:\Program Files\jdk-17\bin\java.dll
0x00007fffe61b0000 - 0x00007fffe6286000 	C:\Program Files\jdk-17\bin\svml.dll
0x00007ff8324e0000 - 0x00007ff832d56000 	C:\WINDOWS\System32\SHELL32.dll
0x00007ff82e960000 - 0x00007ff82f263000 	C:\WINDOWS\SYSTEM32\windows.storage.dll
0x00007ff82e820000 - 0x00007ff82e95f000 	C:\WINDOWS\SYSTEM32\wintypes.dll
0x00007ff832d60000 - 0x00007ff832e59000 	C:\WINDOWS\System32\SHCORE.dll
0x00007ff832f10000 - 0x00007ff832f6e000 	C:\WINDOWS\System32\shlwapi.dll
0x00007ff8309a0000 - 0x00007ff8309cb000 	C:\WINDOWS\SYSTEM32\profapi.dll
0x00007ff80c630000 - 0x00007ff80c648000 	C:\Program Files\jdk-17\bin\zip.dll
0x00007ff80c690000 - 0x00007ff80c6a9000 	C:\Program Files\jdk-17\bin\net.dll
0x00007ff82b8d0000 - 0x00007ff82ba06000 	C:\WINDOWS\SYSTEM32\WINHTTP.dll
0x00007ff82fef0000 - 0x00007ff82ff59000 	C:\WINDOWS\system32\mswsock.dll
0x00007ff80c650000 - 0x00007ff80c665000 	C:\Program Files\jdk-17\bin\nio.dll
0x00007ff80af10000 - 0x00007ff80af2a000 	C:\Program Files\JetBrains\IntelliJ IDEA 2024.2.4\bin\breakgen64.dll
0x00007ffff6990000 - 0x00007ffff69b4000 	C:\Users\jhoan\AppData\Local\Temp\jansi-2.4.1-32a368427542b3ca-jansi.dll
0x00007ff803680000 - 0x00007ff803690000 	C:\Program Files\jdk-17\bin\verify.dll

dbghelp: loaded successfully - version: 4.0.5 - missing functions: none
symbol engine: initialized successfully - sym options: 0x614 - pdb path: .;C:\Program Files\jdk-17\bin;C:\WINDOWS\SYSTEM32;C:\WINDOWS\WinSxS\amd64_microsoft.windows.common-controls_6595b64144ccf1df_6.0.22621.4391_none_2715d37f73803e96;C:\Program Files\jdk-17\bin\server;C:\Program Files\JetBrains\IntelliJ IDEA 2024.2.4\bin;C:\Users\jhoan\AppData\Local\Temp

VM Arguments:
jvm_args: -Dmaven.multiModuleProjectDirectory=D:\work\guerrasOlvidadas -Djansi.passthrough=true -Dmaven.home=C:\Users\jhoan\.m2\wrapper\dists\apache-maven-3.9.9-bin\4nf9hui3q3djbarqar9g711ggc\apache-maven-3.9.9 -Dclassworlds.conf=C:\Users\jhoan\.m2\wrapper\dists\apache-maven-3.9.9-bin\4nf9hui3q3djbarqar9g711ggc\apache-maven-3.9.9\bin\m2.conf -Dmaven.ext.class.path=C:\Program Files\JetBrains\IntelliJ IDEA 2024.2.4\plugins\maven\lib\maven-event-listener.jar -javaagent:C:\Program Files\JetBrains\IntelliJ IDEA 2024.2.4\lib\idea_rt.jar=56595:C:\Program Files\JetBrains\IntelliJ IDEA 2024.2.4\bin -Dfile.encoding=UTF-8 
java_command: org.codehaus.classworlds.Launcher -Didea.version=2024.3 install
java_class_path (initial): C:\Users\jhoan\.m2\wrapper\dists\apache-maven-3.9.9-bin\4nf9hui3q3djbarqar9g711ggc\apache-maven-3.9.9\boot\plexus-classworlds-2.8.0.jar;C:\Users\jhoan\.m2\wrapper\dists\apache-maven-3.9.9-bin\4nf9hui3q3djbarqar9g711ggc\apache-maven-3.9.9\boot\plexus-classworlds.license
Launcher Type: SUN_STANDARD

[Global flags]
     intx CICompilerCount                          = 3                                         {product} {ergonomic}
     uint ConcGCThreads                            = 1                                         {product} {ergonomic}
     uint G1ConcRefinementThreads                  = 4                                         {product} {ergonomic}
   size_t G1HeapRegionSize                         = 1048576                                   {product} {ergonomic}
    uintx GCDrainStackTargetSize                   = 64                                        {product} {ergonomic}
   size_t InitialHeapSize                          = 132120576                                 {product} {ergonomic}
   size_t MarkStackSize                            = 4194304                                   {product} {ergonomic}
   size_t MaxHeapSize                              = 2101346304                                {product} {ergonomic}
   size_t MaxNewSize                               = 1260388352                                {product} {ergonomic}
   size_t MinHeapDeltaBytes                        = 1048576                                   {product} {ergonomic}
   size_t MinHeapSize                              = 8388608                                   {product} {ergonomic}
    uintx NonNMethodCodeHeapSize                   = 5832780                                {pd product} {ergonomic}
    uintx NonProfiledCodeHeapSize                  = 122912730                              {pd product} {ergonomic}
    uintx ProfiledCodeHeapSize                     = 122912730                              {pd product} {ergonomic}
    uintx ReservedCodeCacheSize                    = 251658240                              {pd product} {ergonomic}
     bool SegmentedCodeCache                       = true                                      {product} {ergonomic}
   size_t SoftMaxHeapSize                          = 2101346304                             {manageable} {ergonomic}
     bool UseCompressedClassPointers               = true                           {product lp64_product} {ergonomic}
     bool UseCompressedOops                        = true                           {product lp64_product} {ergonomic}
     bool UseG1GC                                  = true                                      {product} {ergonomic}
     bool UseLargePagesIndividualAllocation        = false                                  {pd product} {ergonomic}

Logging:
Log output configuration:
 #0: stdout all=warning uptime,level,tags
 #1: stderr all=off uptime,level,tags

Environment Variables:
JAVA_HOME=C:\Program Files\jdk-17
PATH=C:\Program Files\jdk-17\bin;C:\Program Files\apache-maven-3.9.9\bin;C:\Program Files\WezTerm;C:\Program Files\nodejs\;C:\ProgramData\chocolatey\bin;C:\Program Files\Docker\Docker\resources\bin;C:\Program Files (x86)\Microsoft SQL Server\160\Tools\Binn\;C:\Program Files\Microsoft SQL Server\160\Tools\Binn\;C:\Program Files\Microsoft SQL Server\Client SDK\ODBC\170\Tools\Binn\;C:\Program Files\Microsoft SQL Server\160\DTS\Binn\;C:\Program Files (x86)\Microsoft SQL Server\160\DTS\Binn\;C:\Program Files\Git\bin;C:\Program Files\MySQL\MySQL Shell 8.0\bin\;C:\Users\jhoan\AppData\Local\Microsoft\WindowsApps;C:\Users\jhoan\AppData\Local\Programs\oh-my-posh\bin;C:\Users\jhoan\AppData\Local\Microsoft\WinGet\Packages\Schniz.fnm_Microsoft.Winget.Source_8wekyb3d8bbwe;C:\Users\jhoan\AppData\Roaming\Composer\vendor\bin;C:\Users\jhoan\AppData\Local\Programs\Microsoft VS Code\bin;C:\Users\jhoan\AppData\Roaming\npm
USERNAME=jhoan
OS=Windows_NT
PROCESSOR_IDENTIFIER=Intel64 Family 6 Model 142 Stepping 12, GenuineIntel



---------------  S Y S T E M  ---------------

OS:
 Windows 10 , 64 bit Build 22621 (10.0.22621.4391)
OS uptime: 0 days 10:28 hours
Hyper-V role detected

CPU: total 4 (initial active 4) (2 cores per cpu, 2 threads per core) family 6 model 142 stepping 12 microcode 0xf8, cx8, cmov, fxsr, ht, mmx, 3dnowpref, sse, sse2, sse3, ssse3, sse4.1, sse4.2, popcnt, lzcnt, tsc, tscinvbit, aes, erms, clmul, clflush, clflushopt, hv

Memory: 4k page, system-wide physical 8015M (392M free)
TotalPageFile size 12111M (AvailPageFile size 3M)
current process WorkingSet (physical memory assigned to process): 173M, peak: 173M
current process commit charge ("private bytes"): 247M, peak: 249M

vm_info: OpenJDK 64-Bit Server VM (17+35-2724) for windows-amd64 JRE (17+35-2724), built on Aug  5 2021 23:26:02 by "mach5one" with MS VC++ 16.8 (VS2019)

END.
