#
# There is insufficient memory for the Java Runtime Environment to continue.
# Native memory allocation (mmap) failed to map 132120576 bytes for G1 virtual space
# Possible reasons:
#   The system is out of physical RAM or swap space
#   The process is running with CompressedOops enabled, and the Java Heap may be blocking the growth of the native heap
# Possible solutions:
#   Reduce memory load on the system
#   Increase physical memory or swap space
#   Check if swap backing store is full
#   Decrease Java heap size (-Xmx/-Xms)
#   Decrease number of Java threads
#   Decrease Java thread stack sizes (-Xss)
#   Set larger code cache with -XX:ReservedCodeCacheSize=
#   JVM is running with Unscaled Compressed Oops mode in which the Java heap is
#     placed in the first 4GB address space. The Java Heap base address is the
#     maximum limit for the native heap growth. Please use -XX:HeapBaseMinAddress
#     to set the Java Heap base and to place the Java Heap above 4GB virtual address.
# This output file may be truncated or incomplete.
#
#  Out of Memory Error (os_windows.cpp:3469), pid=13260, tid=13592
#
# JRE version:  (17.0+35) (build )
# Java VM: OpenJDK 64-Bit Server VM (17+35-2724, mixed mode, sharing, tiered, compressed oops, compressed class ptrs, g1 gc, windows-amd64)
# No core dump will be written. Minidumps are not enabled by default on client versions of Windows
#

---------------  S U M M A R Y ------------

Command Line: C:\Users\jhoan\AppData\Local\Temp\surefire17976899281381878411\surefirebooter-20241127000548124_3.jar C:\Users\jhoan\AppData\Local\Temp\surefire17976899281381878411 2024-11-27T00-05-47_325-jvmRun1 surefire-20241127000548124_1tmp surefire_0-20241127000548124_2tmp

Host: Intel(R) Pentium(R) CPU 6405U @ 2.40GHz, 4 cores, 7G,  Windows 10 , 64 bit Build 22621 (10.0.22621.4391)
Time: Wed Nov 27 00:05:50 2024 Hora est. Pacífico, Sudamérica elapsed time: 0.039149 seconds (0d 0h 0m 0s)

---------------  T H R E A D  ---------------

Current thread (0x0000021fe36cea50):  JavaThread "Unknown thread" [_thread_in_vm, id=13592, stack(0x000000b1ec400000,0x000000b1ec500000)]

Stack: [0x000000b1ec400000,0x000000b1ec500000]
Native frames: (J=compiled Java code, j=interpreted, Vv=VM code, C=native code)
V  [jvm.dll+0x66f8ea]
V  [jvm.dll+0x7ce224]
V  [jvm.dll+0x7cf9ce]
V  [jvm.dll+0x7d0033]
V  [jvm.dll+0x242bb5]
V  [jvm.dll+0x66c909]
V  [jvm.dll+0x6613d2]
V  [jvm.dll+0x30082b]
V  [jvm.dll+0x307db6]
V  [jvm.dll+0x357a0e]
V  [jvm.dll+0x357c3f]
V  [jvm.dll+0x2d7ae8]
V  [jvm.dll+0x2d8a54]
V  [jvm.dll+0x7a00a1]
V  [jvm.dll+0x365781]
V  [jvm.dll+0x77f59c]
V  [jvm.dll+0x3e805f]
V  [jvm.dll+0x3e9b01]
C  [jli.dll+0x527b]
C  [ucrtbase.dll+0x29333]
C  [KERNEL32.DLL+0x1259d]
C  [ntdll.dll+0x5af38]


---------------  P R O C E S S  ---------------

Threads class SMR info:
_java_thread_list=0x00007fffe47c7818, length=0, elements={
}

Java Threads: ( => current thread )

Other Threads:
  0x0000021fe378e4a0 GCTaskThread "GC Thread#0" [stack: 0x000000b1ec600000,0x000000b1ec700000] [id=8112]
  0x0000021fe379fe70 ConcurrentGCThread "G1 Main Marker" [stack: 0x000000b1ec700000,0x000000b1ec800000] [id=7212]
  0x0000021fe37a1890 ConcurrentGCThread "G1 Conc#0" [stack: 0x000000b1ec800000,0x000000b1ec900000] [id=3748]

[error occurred during error reporting (printing all threads), id 0xc0000005, EXCEPTION_ACCESS_VIOLATION (0xc0000005) at pc=0x00007fffe40184c7]

VM state: not at safepoint (not fully initialized)

VM Mutex/Monitor currently owned by a thread:  ([mutex/lock_event])
[0x0000021fe36cd320] Heap_lock - owner thread: 0x0000021fe36cea50

Heap address: 0x0000000082c00000, size: 2004 MB, Compressed Oops mode: 32-bit

CDS archive(s) mapped at: [0x0000000000000000-0x0000000000000000-0x0000000000000000), size 0, SharedBaseAddress: 0x0000000800000000, ArchiveRelocationMode: 0.
Narrow klass base: 0x0000000000000000, Narrow klass shift: 0, Narrow klass range: 0x0

GC Precious Log:
<Empty>

Heap:
 garbage-first heap   total 0K, used 0K [0x0000000082c00000, 0x0000000100000000)
  region size 1024K, 0 young (0K), 0 survivors (0K)

[error occurred during error reporting (printing heap information), id 0xc0000005, EXCEPTION_ACCESS_VIOLATION (0xc0000005) at pc=0x00007fffe43f8c59]

GC Heap History (0 events):
No events

Deoptimization events (0 events):
No events

Classes unloaded (0 events):
No events

Classes redefined (0 events):
No events

Internal exceptions (0 events):
No events

VM Operations (0 events):
No events

Events (1 events):
Event: 0.021 Loaded shared library C:\Program Files\jdk-17\bin\java.dll


Dynamic libraries:
0x00007ff7a0a70000 - 0x00007ff7a0a7e000 	C:\Program Files\jdk-17\bin\java.exe
0x00007ff833770000 - 0x00007ff833987000 	C:\WINDOWS\SYSTEM32\ntdll.dll
0x00007ff832390000 - 0x00007ff832454000 	C:\WINDOWS\System32\KERNEL32.DLL
0x00007ff830cb0000 - 0x00007ff831069000 	C:\WINDOWS\System32\KERNELBASE.dll
0x00007ff831340000 - 0x00007ff831451000 	C:\WINDOWS\System32\ucrtbase.dll
0x00007ff817f40000 - 0x00007ff817f58000 	C:\Program Files\jdk-17\bin\jli.dll
0x00007ff8321e0000 - 0x00007ff83238e000 	C:\WINDOWS\System32\USER32.dll
0x00007ff831460000 - 0x00007ff831486000 	C:\WINDOWS\System32\win32u.dll
0x00007ff831b90000 - 0x00007ff831bb9000 	C:\WINDOWS\System32\GDI32.dll
0x00007ff8310e0000 - 0x00007ff8311fb000 	C:\WINDOWS\System32\gdi32full.dll
0x00007ff830c10000 - 0x00007ff830caa000 	C:\WINDOWS\System32\msvcp_win.dll
0x00007ff817f60000 - 0x00007ff817f7a000 	C:\Program Files\jdk-17\bin\VCRUNTIME140.dll
0x00007ff8139b0000 - 0x00007ff813c42000 	C:\WINDOWS\WinSxS\amd64_microsoft.windows.common-controls_6595b64144ccf1df_6.0.22621.4391_none_2715d37f73803e96\COMCTL32.dll
0x00007ff831920000 - 0x00007ff8319c7000 	C:\WINDOWS\System32\msvcrt.dll
0x00007ff832f70000 - 0x00007ff832fa1000 	C:\WINDOWS\System32\IMM32.DLL
0x00007ff82a0b0000 - 0x00007ff82a0bc000 	C:\Program Files\jdk-17\bin\vcruntime140_1.dll
0x00007ff80b350000 - 0x00007ff80b3dd000 	C:\Program Files\jdk-17\bin\msvcp140.dll
0x00007fffe3d30000 - 0x00007fffe48ee000 	C:\Program Files\jdk-17\bin\server\jvm.dll
0x00007ff831d80000 - 0x00007ff831e32000 	C:\WINDOWS\System32\ADVAPI32.dll
0x00007ff832e60000 - 0x00007ff832f07000 	C:\WINDOWS\System32\sechost.dll
0x00007ff830a70000 - 0x00007ff830a98000 	C:\WINDOWS\System32\bcrypt.dll
0x00007ff8320c0000 - 0x00007ff8321d4000 	C:\WINDOWS\System32\RPCRT4.dll
0x00007ff831910000 - 0x00007ff831918000 	C:\WINDOWS\System32\PSAPI.DLL
0x00007ff803690000 - 0x00007ff803699000 	C:\WINDOWS\SYSTEM32\WSOCK32.dll
0x00007ff832460000 - 0x00007ff8324d1000 	C:\WINDOWS\System32\WS2_32.dll
0x00007ff8292d0000 - 0x00007ff829304000 	C:\WINDOWS\SYSTEM32\WINMM.dll
0x00007ff821720000 - 0x00007ff82172a000 	C:\WINDOWS\SYSTEM32\VERSION.dll
0x00007ff82fa70000 - 0x00007ff82fa88000 	C:\WINDOWS\SYSTEM32\kernel.appcore.dll
0x00007ff828520000 - 0x00007ff82852a000 	C:\Program Files\jdk-17\bin\jimage.dll
0x00007ff82e2a0000 - 0x00007ff82e4d2000 	C:\WINDOWS\SYSTEM32\DBGHELP.DLL
0x00007ff8333a0000 - 0x00007ff83372f000 	C:\WINDOWS\System32\combase.dll
0x00007ff8319d0000 - 0x00007ff831aa7000 	C:\WINDOWS\System32\OLEAUT32.dll
0x00007ff8133d0000 - 0x00007ff813402000 	C:\WINDOWS\SYSTEM32\dbgcore.DLL
0x00007ff8312c0000 - 0x00007ff83133b000 	C:\WINDOWS\System32\bcryptPrimitives.dll
0x00007ff80c740000 - 0x00007ff80c765000 	C:\Program Files\jdk-17\bin\java.dll

dbghelp: loaded successfully - version: 4.0.5 - missing functions: none
symbol engine: initialized successfully - sym options: 0x614 - pdb path: .;C:\Program Files\jdk-17\bin;C:\WINDOWS\SYSTEM32;C:\WINDOWS\WinSxS\amd64_microsoft.windows.common-controls_6595b64144ccf1df_6.0.22621.4391_none_2715d37f73803e96;C:\Program Files\jdk-17\bin\server

VM Arguments:
java_command: C:\Users\jhoan\AppData\Local\Temp\surefire17976899281381878411\surefirebooter-20241127000548124_3.jar C:\Users\jhoan\AppData\Local\Temp\surefire17976899281381878411 2024-11-27T00-05-47_325-jvmRun1 surefire-20241127000548124_1tmp surefire_0-20241127000548124_2tmp
java_class_path (initial): C:\Users\jhoan\AppData\Local\Temp\surefire17976899281381878411\surefirebooter-20241127000548124_3.jar
Launcher Type: SUN_STANDARD

[Global flags]
     intx CICompilerCount                          = 3                                         {product} {ergonomic}
     uint ConcGCThreads                            = 1                                         {product} {ergonomic}
     uint G1ConcRefinementThreads                  = 4                                         {product} {ergonomic}
   size_t G1HeapRegionSize                         = 1048576                                   {product} {ergonomic}
    uintx GCDrainStackTargetSize                   = 64                                        {product} {ergonomic}
   size_t InitialHeapSize                          = 132120576                                 {product} {ergonomic}
   size_t MarkStackSize                            = 4194304                                   {product} {ergonomic}
   size_t MaxHeapSize                              = 2101346304                                {product} {ergonomic}
   size_t MinHeapDeltaBytes                        = 1048576                                   {product} {ergonomic}
   size_t MinHeapSize                              = 8388608                                   {product} {ergonomic}
    uintx NonNMethodCodeHeapSize                   = 5832780                                {pd product} {ergonomic}
    uintx NonProfiledCodeHeapSize                  = 122912730                              {pd product} {ergonomic}
    uintx ProfiledCodeHeapSize                     = 122912730                              {pd product} {ergonomic}
    uintx ReservedCodeCacheSize                    = 251658240                              {pd product} {ergonomic}
     bool SegmentedCodeCache                       = true                                      {product} {ergonomic}
   size_t SoftMaxHeapSize                          = 2101346304                             {manageable} {ergonomic}
     bool UseCompressedClassPointers               = true                           {product lp64_product} {ergonomic}
     bool UseCompressedOops                        = true                           {product lp64_product} {ergonomic}
     bool UseG1GC                                  = true                                      {product} {ergonomic}
     bool UseLargePagesIndividualAllocation        = false                                  {pd product} {ergonomic}

Logging:
Log output configuration:
 #0: stdout all=warning uptime,level,tags
 #1: stderr all=off uptime,level,tags

Environment Variables:
JAVA_HOME=C:\Program Files\jdk-17
PATH=C:\Program Files\jdk-17\bin;C:\Program Files\apache-maven-3.9.9\bin;C:\Program Files\WezTerm;C:\Program Files\nodejs\;C:\ProgramData\chocolatey\bin;C:\Program Files\Docker\Docker\resources\bin;C:\Program Files (x86)\Microsoft SQL Server\160\Tools\Binn\;C:\Program Files\Microsoft SQL Server\160\Tools\Binn\;C:\Program Files\Microsoft SQL Server\Client SDK\ODBC\170\Tools\Binn\;C:\Program Files\Microsoft SQL Server\160\DTS\Binn\;C:\Program Files (x86)\Microsoft SQL Server\160\DTS\Binn\;C:\Program Files\Git\bin;C:\Program Files\MySQL\MySQL Shell 8.0\bin\;C:\Users\jhoan\AppData\Local\Microsoft\WindowsApps;C:\Users\jhoan\AppData\Local\Programs\oh-my-posh\bin;C:\Users\jhoan\AppData\Local\Microsoft\WinGet\Packages\Schniz.fnm_Microsoft.Winget.Source_8wekyb3d8bbwe;C:\Users\jhoan\AppData\Roaming\Composer\vendor\bin;C:\Users\jhoan\AppData\Local\Programs\Microsoft VS Code\bin;C:\Users\jhoan\AppData\Roaming\npm
USERNAME=jhoan
OS=Windows_NT
PROCESSOR_IDENTIFIER=Intel64 Family 6 Model 142 Stepping 12, GenuineIntel



---------------  S Y S T E M  ---------------

OS:
 Windows 10 , 64 bit Build 22621 (10.0.22621.4391)
OS uptime: 0 days 10:21 hours
Hyper-V role detected

CPU: total 4 (initial active 4) (2 cores per cpu, 2 threads per core) family 6 model 142 stepping 12 microcode 0xf8, cx8, cmov, fxsr, ht, mmx, 3dnowpref, sse, sse2, sse3, ssse3, sse4.1, sse4.2, popcnt, lzcnt, tsc, tscinvbit, aes, erms, clmul, clflush, clflushopt, hv

Memory: 4k page, system-wide physical 8015M (459M free)
TotalPageFile size 12111M (AvailPageFile size 24M)
current process WorkingSet (physical memory assigned to process): 11M, peak: 11M
current process commit charge ("private bytes"): 51M, peak: 177M

vm_info: OpenJDK 64-Bit Server VM (17+35-2724) for windows-amd64 JRE (17+35-2724), built on Aug  5 2021 23:26:02 by "mach5one" with MS VC++ 16.8 (VS2019)

END.
